<?xml version="1.0" encoding="UTF-8"?>
<!-- Generated by org.testng.reporters.JUnitXMLReporter -->
<testsuite hostname="5CG71660NZ" ignored="0" name="Answer in VbMobile and Link the Survey in Mobile SiteSurvey" tests="2" failures="1" timestamp="20 Jul 2018 04:35:58 GMT" time="47.073" errors="0">
  <testcase name="loginSalesForce" time="35.482" classname="com.kone.app.tests.testcases.salesforce.SalesforceSurveytoLinkOpportunity"/>
  <testcase name="loginSiteSurvey" time="10.932" classname="com.kone.app.tests.testcases.salesforce.SalesforceSurveytoLinkOpportunity">
    <failure type="java.lang.NullPointerException">
      <![CDATA[java.lang.NullPointerExceptionat com.kone.app.tests.testcases.salesforce.SalesforceSurveytoLinkOpportunity.loginSiteSurvey(SalesforceSurveytoLinkOpportunity.java:96)... Removed 25 stack frames]]>
    </failure>
  </testcase> <!-- loginSiteSurvey -->
</testsuite> <!-- Answer in VbMobile and Link the Survey in Mobile SiteSurvey -->
