<?xml version="1.0" encoding="UTF-8"?>
<!-- Generated by org.testng.reporters.JUnitXMLReporter -->
<testsuite hostname="5CG71660NZ" ignored="3" name="Answer in VbMobile and Link the Survey in Mobile SiteSurvey Run:1" tests="4" failures="0" timestamp="09 Aug 2018 08:46:18 GMT" time="187.599" errors="0">
  <testcase name="@AfterTest logoutApplication" time="5.894" classname="com.kone.app.tests.testcases.VbmobileBaseTest">
    <failure type="org.openqa.selenium.WebDriverException" message="chrome not reachable
  (Session info: chrome=68.0.3440.91)
  (Driver info: chromedriver=2.40.565498 (ea082db3280dd6843ebfb08a625e3eb905c4f5ab),platform=Windows NT 6.1.7601 SP1 x86_64) (WARNING: The server did not provide any stacktrace information)
Command duration or timeout: 0 milliseconds
Build info: version: &amp;apos;3.12.0&amp;apos;, revision: &amp;apos;7c6e0b3&amp;apos;, time: &amp;apos;2018-05-08T14:04:26.12Z&amp;apos;
System info: host: &amp;apos;5CG71660NZ&amp;apos;, ip: &amp;apos;10.114.127.235&amp;apos;, os.name: &amp;apos;Windows 7&amp;apos;, os.arch: &amp;apos;amd64&amp;apos;, os.version: &amp;apos;6.1&amp;apos;, java.version: &amp;apos;1.8.0_144&amp;apos;
Driver info: io.appium.java_client.android.AndroidDriver
Capabilities {appActivity: com.kone.MainActivity, appPackage: com.kone.vbmobileTrain, automationName: UiAutomator2, chromedriverExecutable: C:\Users\con_svijay02\mobil..., databaseEnabled: false, desired: {appActivity: com.kone.MainActivity, appPackage: com.kone.vbmobileTrain, automationName: UiAutomator2, chromedriverExecutable: C:\Users\con_svijay02\mobil..., deviceName: My Phone, newCommandTimeout: 1300, noReset: false, platformName: Android}, deviceApiLevel: 26, deviceManufacturer: samsung, deviceModel: SM-G950F, deviceName: ce12171c395d8c3105, deviceScreenDensity: 640, deviceScreenSize: 1440x2960, deviceUDID: ce12171c395d8c3105, javascriptEnabled: true, locationContextEnabled: false, networkConnectionEnabled: true, newCommandTimeout: 1300, noReset: false, pixelRatio: 3, platform: LINUX, platformName: LINUX, platformVersion: 8.0.0, statBarHeight: 72, takesScreenshot: true, viewportRect: {height: 2004, left: 0, top: 72, width: 1080}, warnings: {}, webStorageEnabled: false}
Session ID: 7a243db0-ba5c-4393-a63d-97afdd441c58
*** Element info: {Using=name, value=username}">
      <![CDATA[org.openqa.selenium.WebDriverException: chrome not reachable  (Session info: chrome=68.0.3440.91)  (Driver info: chromedriver=2.40.565498 (ea082db3280dd6843ebfb08a625e3eb905c4f5ab),platform=Windows NT 6.1.7601 SP1 x86_64) (WARNING: The server did not provide any stacktrace information)Command duration or timeout: 0 millisecondsBuild info: version: '3.12.0', revision: '7c6e0b3', time: '2018-05-08T14:04:26.12Z'System info: host: '5CG71660NZ', ip: '10.114.127.235', os.name: 'Windows 7', os.arch: 'amd64', os.version: '6.1', java.version: '1.8.0_144'Driver info: io.appium.java_client.android.AndroidDriverCapabilities {appActivity: com.kone.MainActivity, appPackage: com.kone.vbmobileTrain, automationName: UiAutomator2, chromedriverExecutable: C:\Users\con_svijay02\mobil..., databaseEnabled: false, desired: {appActivity: com.kone.MainActivity, appPackage: com.kone.vbmobileTrain, automationName: UiAutomator2, chromedriverExecutable: C:\Users\con_svijay02\mobil..., deviceName: My Phone, newCommandTimeout: 1300, noReset: false, platformName: Android}, deviceApiLevel: 26, deviceManufacturer: samsung, deviceModel: SM-G950F, deviceName: ce12171c395d8c3105, deviceScreenDensity: 640, deviceScreenSize: 1440x2960, deviceUDID: ce12171c395d8c3105, javascriptEnabled: true, locationContextEnabled: false, networkConnectionEnabled: true, newCommandTimeout: 1300, noReset: false, pixelRatio: 3, platform: LINUX, platformName: LINUX, platformVersion: 8.0.0, statBarHeight: 72, takesScreenshot: true, viewportRect: {height: 2004, left: 0, top: 72, width: 1080}, warnings: {}, webStorageEnabled: false}Session ID: 7a243db0-ba5c-4393-a63d-97afdd441c58*** Element info: {Using=name, value=username}at org.openqa.selenium.remote.ErrorHandler.createThrowable(ErrorHandler.java:214)at org.openqa.selenium.remote.ErrorHandler.throwIfResponseFailed(ErrorHandler.java:166)at org.openqa.selenium.remote.http.JsonHttpResponseCodec.reconstructValue(JsonHttpResponseCodec.java:40)at org.openqa.selenium.remote.http.AbstractHttpResponseCodec.decode(AbstractHttpResponseCodec.java:80)at org.openqa.selenium.remote.http.AbstractHttpResponseCodec.decode(AbstractHttpResponseCodec.java:44)at org.openqa.selenium.remote.HttpCommandExecutor.execute(HttpCommandExecutor.java:158)at io.appium.java_client.remote.AppiumCommandExecutor.execute(AppiumCommandExecutor.java:129)at org.openqa.selenium.remote.RemoteWebDriver.execute(RemoteWebDriver.java:543)at io.appium.java_client.DefaultGenericMobileDriver.execute(DefaultGenericMobileDriver.java:42)at io.appium.java_client.AppiumDriver.execute(AppiumDriver.java:1)at io.appium.java_client.android.AndroidDriver.execute(AndroidDriver.java:1)at org.openqa.selenium.remote.RemoteWebDriver.findElements(RemoteWebDriver.java:344)at io.appium.java_client.DefaultGenericMobileDriver.findElements(DefaultGenericMobileDriver.java:54)at io.appium.java_client.AppiumDriver.findElements(AppiumDriver.java:152)at org.openqa.selenium.remote.RemoteWebDriver.findElementsByName(RemoteWebDriver.java:399)at io.appium.java_client.DefaultGenericMobileDriver.findElementsByName(DefaultGenericMobileDriver.java:122)at io.appium.java_client.AppiumDriver.findElementsByName(AppiumDriver.java:172)at org.openqa.selenium.By$ByName.findElements(By.java:276)at org.openqa.selenium.remote.RemoteWebDriver.findElements(RemoteWebDriver.java:305)at io.appium.java_client.DefaultGenericMobileDriver.findElements(DefaultGenericMobileDriver.java:50)at io.appium.java_client.AppiumDriver.findElements(AppiumDriver.java:148)at org.openqa.selenium.support.ui.ExpectedConditions.findElement(ExpectedConditions.java:895)at org.openqa.selenium.support.ui.ExpectedConditions.access$000(ExpectedConditions.java:44)at org.openqa.selenium.support.ui.ExpectedConditions$7.apply(ExpectedConditions.java:206)at org.openqa.selenium.support.ui.ExpectedConditions$7.apply(ExpectedConditions.java:202)at org.openqa.selenium.support.ui.FluentWait.until(FluentWait.java:248)at com.kone.app.pages.PhoneBasePage.waitForElementPresent(PhoneBasePage.java:211)at com.kone.app.pages.vbmobile.LoginPage.isDisplayed(LoginPage.java:73)at com.kone.app.tests.testcases.VbmobileBaseTest.logoutApplication(VbmobileBaseTest.java:100)... Removed 28 stack frames]]>
    </failure>
  </testcase> <!-- @AfterTest logoutApplication -->
  <testcase name="loginTest" time="23.599" classname="com.kone.app.tests.testcases.vbmobile.VbmobileAuthenticationTests"/>
  <testcase name="answerSurveyTest" time="87.683" classname="com.kone.app.tests.testcases.vbmobile.VbmobileSurveytoLinkOpportunity"/>
  <testcase name="loginSalesForce" time="41.174" classname="com.kone.app.tests.testcases.salesforce.SalesforceSurveytoLinkOpportunity"/>
  <testcase name="loginSiteSurvey" time="23.053" classname="com.kone.app.tests.testcases.salesforce.SalesforceSurveytoLinkOpportunity"/>
  <testcase name="@BeforeSuite getDriver" time="0.0" classname="com.kone.app.tests.testcases.VbmobileBaseTest">
    <ignored/>
  </testcase> <!-- @BeforeSuite getDriver -->
  <testcase name="@AfterTest logoutApplication" time="0.0" classname="com.kone.app.tests.testcases.VbmobileBaseTest">
    <ignored/>
  </testcase> <!-- @AfterTest logoutApplication -->
  <testcase name="@AfterSuite stopApiumServer" time="0.0" classname="com.kone.app.tests.testcases.VbmobileBaseTest">
    <ignored/>
  </testcase> <!-- @AfterSuite stopApiumServer -->
</testsuite> <!-- Answer in VbMobile and Link the Survey in Mobile SiteSurvey Run:1 -->
