<?xml version="1.0" encoding="UTF-8"?>
<!-- Generated by org.testng.reporters.JUnitXMLReporter -->
<testsuite hostname="5CG71660NZ" ignored="3" name="Answer in VbMobile and Link the Survey in Mobile SiteSurvey Run:1" tests="4" failures="1" timestamp="01 Aug 2018 09:01:31 GMT" time="215.274" errors="0">
  <testcase name="@AfterTest logoutApplication" time="0.025" classname="com.kone.app.tests.testcases.SalesforceBaseTest">
    <failure type="org.openqa.selenium.NoSuchElementException" message="no such element: Unable to locate element: {&amp;quot;method&amp;quot;:&amp;quot;xpath&amp;quot;,&amp;quot;selector&amp;quot;:&amp;quot;//*[@id=&amp;apos;globalHeaderNameMink&amp;apos;]/*[@class=&amp;apos;zen-selectArrow&amp;apos;]&amp;quot;}
  (Session info: chrome=67.0.3396.99)
  (Driver info: chromedriver=2.40.565498 (ea082db3280dd6843ebfb08a625e3eb905c4f5ab),platform=Windows NT 6.1.7601 SP1 x86_64) (WARNING: The server did not provide any stacktrace information)
Command duration or timeout: 0 milliseconds
For documentation on this error, please visit: http://seleniumhq.org/exceptions/no_such_element.html
Build info: version: &amp;apos;3.12.0&amp;apos;, revision: &amp;apos;7c6e0b3&amp;apos;, time: &amp;apos;2018-05-08T14:04:26.12Z&amp;apos;
System info: host: &amp;apos;5CG71660NZ&amp;apos;, ip: &amp;apos;10.114.127.235&amp;apos;, os.name: &amp;apos;Windows 7&amp;apos;, os.arch: &amp;apos;amd64&amp;apos;, os.version: &amp;apos;6.1&amp;apos;, java.version: &amp;apos;1.8.0_144&amp;apos;
Driver info: org.openqa.selenium.chrome.ChromeDriver
Capabilities {acceptInsecureCerts: false, acceptSslCerts: false, applicationCacheEnabled: false, browserConnectionEnabled: false, browserName: chrome, chrome: {chromedriverVersion: 2.40.565498 (ea082db3280dd6..., userDataDir: C:\Users\CON_SV~1\AppData\L...}, cssSelectorsEnabled: true, databaseEnabled: false, handlesAlerts: true, hasTouchScreen: false, javascriptEnabled: true, locationContextEnabled: true, mobileEmulationEnabled: false, nativeEvents: true, networkConnectionEnabled: false, pageLoadStrategy: normal, platform: XP, platformName: XP, rotatable: false, setWindowRect: true, takesHeapSnapshot: true, takesScreenshot: true, unexpectedAlertBehaviour: , unhandledPromptBehavior: , version: 67.0.3396.99, webStorageEnabled: true}
Session ID: ffed0e446dd4e08c5935adb7ffbd57c6
*** Element info: {Using=xpath, value=//*[@id=&amp;apos;globalHeaderNameMink&amp;apos;]/*[@class=&amp;apos;zen-selectArrow&amp;apos;]}">
      <![CDATA[org.openqa.selenium.NoSuchElementException: no such element: Unable to locate element: {"method":"xpath","selector":"//*[@id='globalHeaderNameMink']/*[@class='zen-selectArrow']"}  (Session info: chrome=67.0.3396.99)  (Driver info: chromedriver=2.40.565498 (ea082db3280dd6843ebfb08a625e3eb905c4f5ab),platform=Windows NT 6.1.7601 SP1 x86_64) (WARNING: The server did not provide any stacktrace information)Command duration or timeout: 0 millisecondsFor documentation on this error, please visit: http://seleniumhq.org/exceptions/no_such_element.htmlBuild info: version: '3.12.0', revision: '7c6e0b3', time: '2018-05-08T14:04:26.12Z'System info: host: '5CG71660NZ', ip: '10.114.127.235', os.name: 'Windows 7', os.arch: 'amd64', os.version: '6.1', java.version: '1.8.0_144'Driver info: org.openqa.selenium.chrome.ChromeDriverCapabilities {acceptInsecureCerts: false, acceptSslCerts: false, applicationCacheEnabled: false, browserConnectionEnabled: false, browserName: chrome, chrome: {chromedriverVersion: 2.40.565498 (ea082db3280dd6..., userDataDir: C:\Users\CON_SV~1\AppData\L...}, cssSelectorsEnabled: true, databaseEnabled: false, handlesAlerts: true, hasTouchScreen: false, javascriptEnabled: true, locationContextEnabled: true, mobileEmulationEnabled: false, nativeEvents: true, networkConnectionEnabled: false, pageLoadStrategy: normal, platform: XP, platformName: XP, rotatable: false, setWindowRect: true, takesHeapSnapshot: true, takesScreenshot: true, unexpectedAlertBehaviour: , unhandledPromptBehavior: , version: 67.0.3396.99, webStorageEnabled: true}Session ID: ffed0e446dd4e08c5935adb7ffbd57c6*** Element info: {Using=xpath, value=//*[@id='globalHeaderNameMink']/*[@class='zen-selectArrow']}at org.openqa.selenium.remote.ErrorHandler.createThrowable(ErrorHandler.java:214)at org.openqa.selenium.remote.ErrorHandler.throwIfResponseFailed(ErrorHandler.java:166)at org.openqa.selenium.remote.http.JsonHttpResponseCodec.reconstructValue(JsonHttpResponseCodec.java:40)at org.openqa.selenium.remote.http.AbstractHttpResponseCodec.decode(AbstractHttpResponseCodec.java:80)at org.openqa.selenium.remote.http.AbstractHttpResponseCodec.decode(AbstractHttpResponseCodec.java:44)at org.openqa.selenium.remote.HttpCommandExecutor.execute(HttpCommandExecutor.java:158)at org.openqa.selenium.remote.service.DriverCommandExecutor.execute(DriverCommandExecutor.java:83)at org.openqa.selenium.remote.RemoteWebDriver.execute(RemoteWebDriver.java:543)at org.openqa.selenium.remote.RemoteWebDriver.findElement(RemoteWebDriver.java:317)at org.openqa.selenium.remote.RemoteWebDriver.findElementByXPath(RemoteWebDriver.java:419)at org.openqa.selenium.By$ByXPath.findElement(By.java:353)at org.openqa.selenium.remote.RemoteWebDriver.findElement(RemoteWebDriver.java:309)at com.kone.app.tests.testcases.SalesforceBaseTest.logoutApplication(SalesforceBaseTest.java:69)... Removed 28 stack frames]]>
    </failure>
  </testcase> <!-- @AfterTest logoutApplication -->
  <testcase name="loginTest" time="53.658" classname="com.kone.app.tests.testcases.vbmobile.VbmobileAuthenticationTests"/>
  <testcase name="answerSurveyTest" time="85.456" classname="com.kone.app.tests.testcases.vbmobile.VbmobileSurveytoLinkOpportunity"/>
  <testcase name="loginSalesForce" time="33.898" classname="com.kone.app.tests.testcases.salesforce.SalesforceSurveytoLinkOpportunity"/>
  <testcase name="loginSiteSurvey" time="30.449" classname="com.kone.app.tests.testcases.salesforce.SalesforceSurveytoLinkOpportunity">
    <failure type="org.openqa.selenium.TimeoutException" message="Expected condition failed: waiting for visibility of element located by By.xpath: //*[@ng-model=&amp;apos;searchString&amp;apos; or @placeholder=&amp;apos;Search tasks...&amp;apos;] (tried for 30 second(s) with 500 milliseconds interval)">
      <![CDATA[org.openqa.selenium.TimeoutException: Expected condition failed: waiting for visibility of element located by By.xpath: //*[@ng-model='searchString' or @placeholder='Search tasks...'] (tried for 30 second(s) with 500 milliseconds interval)at org.openqa.selenium.support.ui.WebDriverWait.timeoutException(WebDriverWait.java:81)at org.openqa.selenium.support.ui.FluentWait.until(FluentWait.java:271)at com.kone.app.pages.WebBasePage.waitForElementPresent(WebBasePage.java:36)at com.kone.app.pages.konesitesurvey.SiteHomePage.linkSurveytoOpportunity(SiteHomePage.java:121)at com.kone.app.tests.testcases.salesforce.SalesforceSurveytoLinkOpportunity.loginSiteSurvey(SalesforceSurveytoLinkOpportunity.java:97)Caused by: org.openqa.selenium.NoSuchElementException: Cannot locate an element using By.xpath: //*[@ng-model='searchString' or @placeholder='Search tasks...']For documentation on this error, please visit: http://seleniumhq.org/exceptions/no_such_element.htmlBuild info: version: '3.12.0', revision: '7c6e0b3', time: '2018-05-08T14:04:26.12Z'System info: host: '5CG71660NZ', ip: '10.114.127.235', os.name: 'Windows 7', os.arch: 'amd64', os.version: '6.1', java.version: '1.8.0_144'Driver info: driver.version: unknownat org.openqa.selenium.support.ui.ExpectedConditions.lambda$findElement$0(ExpectedConditions.java:896)at java.util.Optional.orElseThrow(Unknown Source)at org.openqa.selenium.support.ui.ExpectedConditions.findElement(ExpectedConditions.java:895)at org.openqa.selenium.support.ui.ExpectedConditions.access$000(ExpectedConditions.java:44)at org.openqa.selenium.support.ui.ExpectedConditions$7.apply(ExpectedConditions.java:206)at org.openqa.selenium.support.ui.ExpectedConditions$7.apply(ExpectedConditions.java:202)at org.openqa.selenium.support.ui.FluentWait.until(FluentWait.java:248)... 28 more... Removed 25 stack frames]]>
    </failure>
  </testcase> <!-- loginSiteSurvey -->
  <testcase name="@BeforeSuite getDriver" time="0.0" classname="com.kone.app.tests.testcases.VbmobileBaseTest">
    <ignored/>
  </testcase> <!-- @BeforeSuite getDriver -->
  <testcase name="@AfterTest logoutApplication" time="0.0" classname="com.kone.app.tests.testcases.VbmobileBaseTest">
    <ignored/>
  </testcase> <!-- @AfterTest logoutApplication -->
  <testcase name="@AfterSuite stopApiumServer" time="0.0" classname="com.kone.app.tests.testcases.VbmobileBaseTest">
    <ignored/>
  </testcase> <!-- @AfterSuite stopApiumServer -->
</testsuite> <!-- Answer in VbMobile and Link the Survey in Mobile SiteSurvey Run:1 -->
