<?xml version="1.0" encoding="UTF-8"?>
<!-- Generated by org.testng.reporters.JUnitXMLReporter -->
<testsuite hostname="5CG71660NZ" ignored="3" name="Answer in VbMobile and Link the Survey in Mobile SiteSurvey_(1)" tests="4" failures="0" timestamp="25 Jul 2018 08:59:47 GMT" time="260.772" errors="0">
  <testcase name="@AfterTest logoutApplication" time="16.53" classname="com.kone.app.tests.testcases.VbmobileBaseTest">
    <failure type="org.openqa.selenium.NoSuchElementException" message="no such element: Unable to locate element: {&amp;quot;method&amp;quot;:&amp;quot;xpath&amp;quot;,&amp;quot;selector&amp;quot;:&amp;quot;//*[@aria-label=&amp;apos;SideMenu&amp;apos;]&amp;quot;}
  (Session info: chrome=67.0.3396.87)
  (Driver info: chromedriver=2.40.565498 (ea082db3280dd6843ebfb08a625e3eb905c4f5ab),platform=Windows NT 6.1.7601 SP1 x86_64) (WARNING: The server did not provide any stacktrace information)
Command duration or timeout: 0 milliseconds
For documentation on this error, please visit: http://seleniumhq.org/exceptions/no_such_element.html
Build info: version: &amp;apos;3.12.0&amp;apos;, revision: &amp;apos;7c6e0b3&amp;apos;, time: &amp;apos;2018-05-08T14:04:26.12Z&amp;apos;
System info: host: &amp;apos;5CG71660NZ&amp;apos;, ip: &amp;apos;10.114.127.235&amp;apos;, os.name: &amp;apos;Windows 7&amp;apos;, os.arch: &amp;apos;amd64&amp;apos;, os.version: &amp;apos;6.1&amp;apos;, java.version: &amp;apos;1.8.0_144&amp;apos;
Driver info: io.appium.java_client.android.AndroidDriver
Capabilities {appActivity: com.kone.MainActivity, appPackage: com.kone.vbmobile.debug, automationName: UiAutomator2, chromedriverExecutable: C:\Users\con_svijay02\mobil..., databaseEnabled: false, desired: {appActivity: com.kone.MainActivity, appPackage: com.kone.vbmobile.debug, automationName: UiAutomator2, chromedriverExecutable: C:\Users\con_svijay02\mobil..., deviceName: My Phone, newCommandTimeout: 300, noReset: false, platformName: Android}, deviceApiLevel: 26, deviceManufacturer: samsung, deviceModel: SM-G950F, deviceName: ce12171c395d8c3105, deviceScreenDensity: 640, deviceScreenSize: 1440x2960, deviceUDID: ce12171c395d8c3105, javascriptEnabled: true, locationContextEnabled: false, networkConnectionEnabled: true, newCommandTimeout: 300, noReset: false, pixelRatio: 3, platform: LINUX, platformName: LINUX, platformVersion: 8.0.0, statBarHeight: 72, takesScreenshot: true, viewportRect: {height: 2004, left: 0, top: 72, width: 1080}, warnings: {}, webStorageEnabled: false}
Session ID: 53373d37-071b-44f5-91a3-d9906fd735aa
*** Element info: {Using=xpath, value=//*[@aria-label=&amp;apos;SideMenu&amp;apos;]}">
      <![CDATA[org.openqa.selenium.NoSuchElementException: no such element: Unable to locate element: {"method":"xpath","selector":"//*[@aria-label='SideMenu']"}  (Session info: chrome=67.0.3396.87)  (Driver info: chromedriver=2.40.565498 (ea082db3280dd6843ebfb08a625e3eb905c4f5ab),platform=Windows NT 6.1.7601 SP1 x86_64) (WARNING: The server did not provide any stacktrace information)Command duration or timeout: 0 millisecondsFor documentation on this error, please visit: http://seleniumhq.org/exceptions/no_such_element.htmlBuild info: version: '3.12.0', revision: '7c6e0b3', time: '2018-05-08T14:04:26.12Z'System info: host: '5CG71660NZ', ip: '10.114.127.235', os.name: 'Windows 7', os.arch: 'amd64', os.version: '6.1', java.version: '1.8.0_144'Driver info: io.appium.java_client.android.AndroidDriverCapabilities {appActivity: com.kone.MainActivity, appPackage: com.kone.vbmobile.debug, automationName: UiAutomator2, chromedriverExecutable: C:\Users\con_svijay02\mobil..., databaseEnabled: false, desired: {appActivity: com.kone.MainActivity, appPackage: com.kone.vbmobile.debug, automationName: UiAutomator2, chromedriverExecutable: C:\Users\con_svijay02\mobil..., deviceName: My Phone, newCommandTimeout: 300, noReset: false, platformName: Android}, deviceApiLevel: 26, deviceManufacturer: samsung, deviceModel: SM-G950F, deviceName: ce12171c395d8c3105, deviceScreenDensity: 640, deviceScreenSize: 1440x2960, deviceUDID: ce12171c395d8c3105, javascriptEnabled: true, locationContextEnabled: false, networkConnectionEnabled: true, newCommandTimeout: 300, noReset: false, pixelRatio: 3, platform: LINUX, platformName: LINUX, platformVersion: 8.0.0, statBarHeight: 72, takesScreenshot: true, viewportRect: {height: 2004, left: 0, top: 72, width: 1080}, warnings: {}, webStorageEnabled: false}Session ID: 53373d37-071b-44f5-91a3-d9906fd735aa*** Element info: {Using=xpath, value=//*[@aria-label='SideMenu']}at org.openqa.selenium.remote.ErrorHandler.createThrowable(ErrorHandler.java:214)at org.openqa.selenium.remote.ErrorHandler.throwIfResponseFailed(ErrorHandler.java:166)at org.openqa.selenium.remote.http.JsonHttpResponseCodec.reconstructValue(JsonHttpResponseCodec.java:40)at org.openqa.selenium.remote.http.AbstractHttpResponseCodec.decode(AbstractHttpResponseCodec.java:80)at org.openqa.selenium.remote.http.AbstractHttpResponseCodec.decode(AbstractHttpResponseCodec.java:44)at org.openqa.selenium.remote.HttpCommandExecutor.execute(HttpCommandExecutor.java:158)at io.appium.java_client.remote.AppiumCommandExecutor.execute(AppiumCommandExecutor.java:129)at org.openqa.selenium.remote.RemoteWebDriver.execute(RemoteWebDriver.java:543)at io.appium.java_client.DefaultGenericMobileDriver.execute(DefaultGenericMobileDriver.java:42)at io.appium.java_client.AppiumDriver.execute(AppiumDriver.java:1)at io.appium.java_client.android.AndroidDriver.execute(AndroidDriver.java:1)at org.openqa.selenium.remote.RemoteWebDriver.findElement(RemoteWebDriver.java:317)at io.appium.java_client.DefaultGenericMobileDriver.findElement(DefaultGenericMobileDriver.java:62)at io.appium.java_client.AppiumDriver.findElement(AppiumDriver.java:1)at io.appium.java_client.android.AndroidDriver.findElement(AndroidDriver.java:1)at org.openqa.selenium.remote.RemoteWebDriver.findElementByXPath(RemoteWebDriver.java:419)at io.appium.java_client.DefaultGenericMobileDriver.findElementByXPath(DefaultGenericMobileDriver.java:152)at io.appium.java_client.AppiumDriver.findElementByXPath(AppiumDriver.java:1)at io.appium.java_client.android.AndroidDriver.findElementByXPath(AndroidDriver.java:1)at org.openqa.selenium.By$ByXPath.findElement(By.java:353)at org.openqa.selenium.remote.RemoteWebDriver.findElement(RemoteWebDriver.java:309)at io.appium.java_client.DefaultGenericMobileDriver.findElement(DefaultGenericMobileDriver.java:58)at io.appium.java_client.AppiumDriver.findElement(AppiumDriver.java:1)at io.appium.java_client.android.AndroidDriver.findElement(AndroidDriver.java:1)at com.kone.app.tests.testcases.VbmobileBaseTest.logoutApplication(VbmobileBaseTest.java:66)... Removed 28 stack frames]]>
    </failure>
  </testcase> <!-- @AfterTest logoutApplication -->
  <testcase name="loginTest" time="100.182" classname="com.kone.app.tests.testcases.vbmobile.VbmobileAuthenticationTests"/>
  <testcase name="answerSurveyTest" time="84.234" classname="com.kone.app.tests.testcases.vbmobile.VbmobileSurveytoLinkOpportunity"/>
  <testcase name="loginSalesForce" time="34.944" classname="com.kone.app.tests.testcases.salesforce.SalesforceSurveytoLinkOpportunity"/>
  <testcase name="loginSiteSurvey" time="13.161" classname="com.kone.app.tests.testcases.salesforce.SalesforceSurveytoLinkOpportunity"/>
  <testcase name="@BeforeSuite getDriver" time="0.0" classname="com.kone.app.tests.testcases.VbmobileBaseTest">
    <ignored/>
  </testcase> <!-- @BeforeSuite getDriver -->
  <testcase name="@AfterTest logoutApplication" time="0.0" classname="com.kone.app.tests.testcases.VbmobileBaseTest">
    <ignored/>
  </testcase> <!-- @AfterTest logoutApplication -->
  <testcase name="@AfterSuite stopApiumServer" time="0.0" classname="com.kone.app.tests.testcases.VbmobileBaseTest">
    <ignored/>
  </testcase> <!-- @AfterSuite stopApiumServer -->
</testsuite> <!-- Answer in VbMobile and Link the Survey in Mobile SiteSurvey_(1) -->
