<?xml version="1.0" encoding="UTF-8"?>
<!-- Generated by org.testng.reporters.JUnitXMLReporter -->
<testsuite hostname="5CG71660NZ" ignored="0" name="Answer in VbMobile and Link the Survey in Mobile SiteSurvey" tests="2" failures="1" timestamp="23 Jul 2018 06:05:03 GMT" time="42.145" errors="0">
  <testcase name="loginSalesForce" time="34.982" classname="com.kone.app.tests.testcases.salesforce.SalesforceSurveytoLinkOpportunity">
    <failure type="java.lang.NullPointerException">
      <![CDATA[java.lang.NullPointerExceptionat com.kone.app.tests.testcases.salesforce.SalesforceSurveytoLinkOpportunity.loginSalesForce(SalesforceSurveytoLinkOpportunity.java:88)... Removed 25 stack frames]]>
    </failure>
  </testcase> <!-- loginSalesForce -->
  <testcase name="loginSiteSurvey" time="0.0" classname="com.kone.app.tests.testcases.salesforce.SalesforceSurveytoLinkOpportunity">
    <skipped/>
  </testcase> <!-- loginSiteSurvey -->
</testsuite> <!-- Answer in VbMobile and Link the Survey in Mobile SiteSurvey -->
