<?xml version="1.0" encoding="UTF-8"?>
<!-- Generated by org.testng.reporters.JUnitXMLReporter -->
<testsuite hostname="5CG71660NZ" ignored="3" name="Answer in VbMobile and Link the Survey in Mobile SiteSurvey(Budget)" tests="4" failures="0" timestamp="16 Aug 2018 03:51:35 GMT" time="490.985" errors="0">
  <testcase name="loginTest" time="21.367" classname="com.kone.app.tests.testcases.vbmobile.VbmobileAuthenticationTests"/>
  <testcase name="answerSurveyTest" time="413.292" classname="com.kone.app.tests.testcases.vbmobile.VbmobileSurveytoLinkOpportunity"/>
  <testcase name="loginSalesForce" time="19.288" classname="com.kone.app.tests.testcases.salesforce.SalesforceSurveytoLinkOpportunity"/>
  <testcase name="loginSiteSurvey" time="22.707" classname="com.kone.app.tests.testcases.salesforce.SalesforceSurveytoLinkOpportunity"/>
  <testcase name="@BeforeSuite getDriver" time="0.0" classname="com.kone.app.tests.testcases.VbmobileBaseTest">
    <ignored/>
  </testcase> <!-- @BeforeSuite getDriver -->
  <testcase name="@AfterTest logoutApplication" time="0.0" classname="com.kone.app.tests.testcases.VbmobileBaseTest">
    <ignored/>
  </testcase> <!-- @AfterTest logoutApplication -->
  <testcase name="@AfterSuite stopApiumServer" time="0.0" classname="com.kone.app.tests.testcases.VbmobileBaseTest">
    <ignored/>
  </testcase> <!-- @AfterSuite stopApiumServer -->
</testsuite> <!-- Answer in VbMobile and Link the Survey in Mobile SiteSurvey(Budget) -->
