<?xml version="1.0" encoding="UTF-8"?>
<!-- Generated by org.testng.reporters.JUnitXMLReporter -->
<testsuite hostname="5CG71660NZ" ignored="2" name="Create Survey in Salesforce, then Answer in VbMobile" tests="3" failures="1" timestamp="13 Jul 2018 11:16:02 GMT" time="92.386" errors="0">
  <testcase name="loginSalesForce" time="91.967" classname="com.kone.app.tests.testcases.salesforce.SalesforceAuthenticationTests">
    <failure type="org.openqa.selenium.WebDriverException" message="Reached error page: about:neterror?e=nssFailure2&amp;amp;u=https%3A//vb-mobile.kone.com/train/%23/crm/crmopp%3FaccountId%3D0011r00001kFkx1AAC%26opportunityId%3D0068E00000GDhscQAD%26businesstype%3DModernization%2520%28FRB%29%26ownerid%3D0058E000003Ta4PQAS%26returnUrl%3Dhttps%3A//kone--full--c.cs87.visual.force.com/0068E00000GDhsc&amp;amp;c=UTF-8&amp;amp;f=regular&amp;amp;d=The%20connection%20to%20the%20server%20was%20reset%20while%20the%20page%20was%20loading.
Build info: version: &amp;apos;3.12.0&amp;apos;, revision: &amp;apos;7c6e0b3&amp;apos;, time: &amp;apos;2018-05-08T14:04:26.12Z&amp;apos;
System info: host: &amp;apos;5CG71660NZ&amp;apos;, ip: &amp;apos;10.114.127.235&amp;apos;, os.name: &amp;apos;Windows 7&amp;apos;, os.arch: &amp;apos;amd64&amp;apos;, os.version: &amp;apos;6.1&amp;apos;, java.version: &amp;apos;1.8.0_144&amp;apos;
Driver info: org.openqa.selenium.firefox.FirefoxDriver
Capabilities {acceptInsecureCerts: true, browserName: firefox, browserVersion: 60.0.2, javascriptEnabled: true, moz:accessibilityChecks: false, moz:headless: false, moz:processID: 8136, moz:profile: C:\Users\con_svijay02\AppDa..., moz:useNonSpecCompliantPointerOrigin: false, moz:webdriverClick: true, pageLoadStrategy: normal, platform: XP, platformName: XP, platformVersion: 6.1, rotatable: false, timeouts: {implicit: 0, pageLoad: 300000, script: 30000}}
Session ID: 4ea62a28-f06b-4fba-b5c8-3b1bc6471c5f">
      <![CDATA[org.openqa.selenium.WebDriverException: Reached error page: about:neterror?e=nssFailure2&u=https%3A//vb-mobile.kone.com/train/%23/crm/crmopp%3FaccountId%3D0011r00001kFkx1AAC%26opportunityId%3D0068E00000GDhscQAD%26businesstype%3DModernization%2520%28FRB%29%26ownerid%3D0058E000003Ta4PQAS%26returnUrl%3Dhttps%3A//kone--full--c.cs87.visual.force.com/0068E00000GDhsc&c=UTF-8&f=regular&d=The%20connection%20to%20the%20server%20was%20reset%20while%20the%20page%20was%20loading.Build info: version: '3.12.0', revision: '7c6e0b3', time: '2018-05-08T14:04:26.12Z'System info: host: '5CG71660NZ', ip: '10.114.127.235', os.name: 'Windows 7', os.arch: 'amd64', os.version: '6.1', java.version: '1.8.0_144'Driver info: org.openqa.selenium.firefox.FirefoxDriverCapabilities {acceptInsecureCerts: true, browserName: firefox, browserVersion: 60.0.2, javascriptEnabled: true, moz:accessibilityChecks: false, moz:headless: false, moz:processID: 8136, moz:profile: C:\Users\con_svijay02\AppDa..., moz:useNonSpecCompliantPointerOrigin: false, moz:webdriverClick: true, pageLoadStrategy: normal, platform: XP, platformName: XP, platformVersion: 6.1, rotatable: false, timeouts: {implicit: 0, pageLoad: 300000, script: 30000}}Session ID: 4ea62a28-f06b-4fba-b5c8-3b1bc6471c5fat org.openqa.selenium.remote.http.W3CHttpResponseCodec.createException(W3CHttpResponseCodec.java:187)at org.openqa.selenium.remote.http.W3CHttpResponseCodec.decode(W3CHttpResponseCodec.java:122)at org.openqa.selenium.remote.http.W3CHttpResponseCodec.decode(W3CHttpResponseCodec.java:49)at org.openqa.selenium.remote.HttpCommandExecutor.execute(HttpCommandExecutor.java:158)at org.openqa.selenium.remote.service.DriverCommandExecutor.execute(DriverCommandExecutor.java:83)at org.openqa.selenium.remote.RemoteWebDriver.execute(RemoteWebDriver.java:543)at org.openqa.selenium.remote.RemoteWebElement.execute(RemoteWebElement.java:276)at org.openqa.selenium.remote.RemoteWebElement.click(RemoteWebElement.java:83)at com.kone.app.pages.WebBasePage.clickonButton(WebBasePage.java:96)at com.kone.app.pages.salesforce.SelectOpportunityPage.clickonOpportunity(SelectOpportunityPage.java:31)at com.kone.app.tests.testcases.salesforce.SalesforceAuthenticationTests.loginSalesForce(SalesforceAuthenticationTests.java:98)... Removed 29 stack frames]]>
    </failure>
  </testcase> <!-- loginSalesForce -->
  <testcase name="loginTest" time="0.0" classname="com.kone.app.tests.testcases.vbmobile.VbmobileAuthenticationTests">
    <skipped/>
  </testcase> <!-- loginTest -->
  <testcase name="answerSurveyTest" time="0.0" classname="com.kone.app.tests.testcases.vbmobile.VbmobileSurveyTests">
    <skipped/>
  </testcase> <!-- answerSurveyTest -->
  <testcase name="@BeforeSuite getDriver" time="0.0" classname="com.kone.app.tests.testcases.VbmobileBaseTest">
    <ignored/>
  </testcase> <!-- @BeforeSuite getDriver -->
  <testcase name="@AfterSuite stopApiumServer" time="0.0" classname="com.kone.app.tests.testcases.VbmobileBaseTest">
    <ignored/>
  </testcase> <!-- @AfterSuite stopApiumServer -->
</testsuite> <!-- Create Survey in Salesforce, then Answer in VbMobile -->
