<?xml version="1.0" encoding="UTF-8"?>
<!-- Generated by org.testng.reporters.JUnitXMLReporter -->
<testsuite hostname="5CG71660NZ" ignored="0" name="Create LIS_Budget Survey in Salesforce, then Answer in VbMobile" tests="1" failures="0" timestamp="19 Jul 2018 11:38:06 GMT" time="63.95" errors="0">
  <testcase name="loginSalesForce" time="63.799" classname="com.kone.app.tests.testcases.salesforce.SalesforceAuthenticationTests"/>
</testsuite> <!-- Create LIS_Budget Survey in Salesforce, then Answer in VbMobile -->
