<?xml version="1.0" encoding="UTF-8"?>
<!-- Generated by org.testng.reporters.JUnitXMLReporter -->
<testsuite hostname="5CG71660NZ" ignored="0" name="Create LIO_Full Survey in Salesforce, then Answer in VbMobile" tests="1" failures="0" timestamp="19 Jul 2018 09:50:23 GMT" time="60.302" errors="0">
  <testcase name="loginSalesForce" time="60.16" classname="com.kone.app.tests.testcases.salesforce.SalesforceAuthenticationTests"/>
</testsuite> <!-- Create LIO_Full Survey in Salesforce, then Answer in VbMobile -->
