<?xml version="1.0" encoding="UTF-8"?>
<!-- Generated by org.testng.reporters.JUnitXMLReporter -->
<testsuite hostname="5CG71660NZ" ignored="3" name="Create Survey in Salesforce LIO_Budget, then Answer in VbMobile" tests="3" failures="0" timestamp="31 Aug 2018 05:15:43 GMT" time="487.938" errors="0">
  <testcase name="loginSalesForce" time="44.791" classname="com.kone.app.tests.testcases.salesforce.SalesforceAuthenticationTests"/>
  <testcase name="loginTest" time="31.837" classname="com.kone.app.tests.testcases.vbmobile.VbmobileAuthenticationTests"/>
  <testcase name="answerSurveyTest" time="387.413" classname="com.kone.app.tests.testcases.vbmobile.VbmobileSurveyTests"/>
  <testcase name="@BeforeSuite getDriver" time="0.0" classname="com.kone.app.tests.testcases.VbmobileBaseTest">
    <ignored/>
  </testcase> <!-- @BeforeSuite getDriver -->
  <testcase name="@AfterTest logoutApplication" time="0.0" classname="com.kone.app.tests.testcases.VbmobileBaseTest">
    <ignored/>
  </testcase> <!-- @AfterTest logoutApplication -->
  <testcase name="@AfterSuite stopApiumServer" time="0.0" classname="com.kone.app.tests.testcases.VbmobileBaseTest">
    <ignored/>
  </testcase> <!-- @AfterSuite stopApiumServer -->
</testsuite> <!-- Create Survey in Salesforce LIO_Budget, then Answer in VbMobile -->
