<?xml version="1.0" encoding="UTF-8"?>
<testng-results skipped="0" failed="0" ignored="6" total="14" passed="8">
  <reporter-output>
  </reporter-output>
  <suite name="Mobile Site Survey Test Automation" duration-ms="1130389" started-at="2018-08-07T05:42:32Z" finished-at="2018-08-07T06:01:23Z">
    <groups>
      <group name="linkSurveytoSitefromSalesforce">
        <method signature="SalesforceSurveytoLinkOpportunity.loginSiteSurvey(java.lang.String)[pri:0, instance:com.kone.app.tests.testcases.salesforce.SalesforceSurveytoLinkOpportunity@480842c9]" name="loginSiteSurvey" class="com.kone.app.tests.testcases.salesforce.SalesforceSurveytoLinkOpportunity"/>
        <method signature="SalesforceSurveytoLinkOpportunity.loginSiteSurvey(java.lang.String)[pri:0, instance:com.kone.app.tests.testcases.salesforce.SalesforceSurveytoLinkOpportunity@7d8e1e59]" name="loginSiteSurvey" class="com.kone.app.tests.testcases.salesforce.SalesforceSurveytoLinkOpportunity"/>
      </group> <!-- linkSurveytoSitefromSalesforce -->
      <group name="web">
        <method signature="SalesforceSurveytoLinkOpportunity.loginSalesForce(java.lang.String)[pri:0, instance:com.kone.app.tests.testcases.salesforce.SalesforceSurveytoLinkOpportunity@480842c9]" name="loginSalesForce" class="com.kone.app.tests.testcases.salesforce.SalesforceSurveytoLinkOpportunity"/>
        <method signature="SalesforceSurveytoLinkOpportunity.loginSiteSurvey(java.lang.String)[pri:0, instance:com.kone.app.tests.testcases.salesforce.SalesforceSurveytoLinkOpportunity@480842c9]" name="loginSiteSurvey" class="com.kone.app.tests.testcases.salesforce.SalesforceSurveytoLinkOpportunity"/>
        <method signature="SalesforceSurveytoLinkOpportunity.loginSalesForce(java.lang.String)[pri:0, instance:com.kone.app.tests.testcases.salesforce.SalesforceSurveytoLinkOpportunity@7d8e1e59]" name="loginSalesForce" class="com.kone.app.tests.testcases.salesforce.SalesforceSurveytoLinkOpportunity"/>
        <method signature="SalesforceSurveytoLinkOpportunity.loginSiteSurvey(java.lang.String)[pri:0, instance:com.kone.app.tests.testcases.salesforce.SalesforceSurveytoLinkOpportunity@7d8e1e59]" name="loginSiteSurvey" class="com.kone.app.tests.testcases.salesforce.SalesforceSurveytoLinkOpportunity"/>
      </group> <!-- web -->
      <group name="vbmobie_surveytolink">
        <method signature="VbmobileSurveytoLinkOpportunity.answerSurveyTest(java.lang.String, java.lang.String)[pri:0, instance:com.kone.app.tests.testcases.vbmobile.VbmobileSurveytoLinkOpportunity@2e088452]" name="answerSurveyTest" class="com.kone.app.tests.testcases.vbmobile.VbmobileSurveytoLinkOpportunity"/>
        <method signature="VbmobileSurveytoLinkOpportunity.answerSurveyTest(java.lang.String, java.lang.String)[pri:0, instance:com.kone.app.tests.testcases.vbmobile.VbmobileSurveytoLinkOpportunity@4a114a53]" name="answerSurveyTest" class="com.kone.app.tests.testcases.vbmobile.VbmobileSurveytoLinkOpportunity"/>
      </group> <!-- vbmobie_surveytolink -->
      <group name="linkSurveytoSalesforce">
        <method signature="SalesforceSurveytoLinkOpportunity.loginSalesForce(java.lang.String)[pri:0, instance:com.kone.app.tests.testcases.salesforce.SalesforceSurveytoLinkOpportunity@480842c9]" name="loginSalesForce" class="com.kone.app.tests.testcases.salesforce.SalesforceSurveytoLinkOpportunity"/>
        <method signature="SalesforceSurveytoLinkOpportunity.loginSalesForce(java.lang.String)[pri:0, instance:com.kone.app.tests.testcases.salesforce.SalesforceSurveytoLinkOpportunity@7d8e1e59]" name="loginSalesForce" class="com.kone.app.tests.testcases.salesforce.SalesforceSurveytoLinkOpportunity"/>
      </group> <!-- linkSurveytoSalesforce -->
      <group name="vbmobie_login">
        <method signature="VbmobileAuthenticationTests.loginTest()[pri:0, instance:com.kone.app.tests.testcases.vbmobile.VbmobileAuthenticationTests@67040b58]" name="loginTest" class="com.kone.app.tests.testcases.vbmobile.VbmobileAuthenticationTests"/>
        <method signature="VbmobileAuthenticationTests.loginTest()[pri:0, instance:com.kone.app.tests.testcases.vbmobile.VbmobileAuthenticationTests@55cedfda]" name="loginTest" class="com.kone.app.tests.testcases.vbmobile.VbmobileAuthenticationTests"/>
      </group> <!-- vbmobie_login -->
    </groups>
    <test name="Answer in VbMobile and Link the Survey in Mobile SiteSurvey Run:1" duration-ms="573662" started-at="2018-08-07T05:42:32Z" finished-at="2018-08-07T05:52:06Z">
      <class name="com.kone.app.tests.testcases.vbmobile.VbmobileAuthenticationTests">
        <test-method status="PASS" signature="loginTest()[pri:0, instance:com.kone.app.tests.testcases.vbmobile.VbmobileAuthenticationTests@67040b58]" name="loginTest" duration-ms="74047" started-at="2018-08-07T11:12:33Z" finished-at="2018-08-07T11:13:47Z">
          <reporter-output>
          </reporter-output>
        </test-method> <!-- loginTest -->
      </class> <!-- com.kone.app.tests.testcases.vbmobile.VbmobileAuthenticationTests -->
      <class name="com.kone.app.tests.testcases.salesforce.SalesforceSurveytoLinkOpportunity">
        <test-method status="PASS" signature="loginSalesForce(java.lang.String)[pri:0, instance:com.kone.app.tests.testcases.salesforce.SalesforceSurveytoLinkOpportunity@480842c9]" name="loginSalesForce" duration-ms="38151" depends-on-groups="vbmobie_surveytolink" started-at="2018-08-07T11:20:45Z" finished-at="2018-08-07T11:21:23Z">
          <params>
            <param index="0">
              <value>
                <![CDATA[Survey Manager]]>
              </value>
            </param>
          </params>
          <reporter-output>
          </reporter-output>
        </test-method> <!-- loginSalesForce -->
        <test-method status="PASS" signature="loginSiteSurvey(java.lang.String)[pri:0, instance:com.kone.app.tests.testcases.salesforce.SalesforceSurveytoLinkOpportunity@480842c9]" name="loginSiteSurvey" duration-ms="27761" depends-on-groups="linkSurveytoSalesforce" started-at="2018-08-07T11:21:23Z" finished-at="2018-08-07T11:21:51Z">
          <params>
            <param index="0">
              <value>
                <![CDATA[Survey Manager]]>
              </value>
            </param>
          </params>
          <reporter-output>
          </reporter-output>
        </test-method> <!-- loginSiteSurvey -->
        <test-method status="PASS" signature="logoutApplication()[pri:0, instance:com.kone.app.tests.testcases.salesforce.SalesforceSurveytoLinkOpportunity@480842c9]" name="logoutApplication" is-config="true" duration-ms="5069" started-at="2018-08-07T11:21:51Z" finished-at="2018-08-07T11:21:56Z">
          <reporter-output>
          </reporter-output>
        </test-method> <!-- logoutApplication -->
        <test-method status="PASS" signature="logoutApplication()[pri:0, instance:com.kone.app.tests.testcases.vbmobile.VbmobileAuthenticationTests@67040b58]" name="logoutApplication" is-config="true" duration-ms="10134" started-at="2018-08-07T11:21:56Z" finished-at="2018-08-07T11:22:06Z">
          <reporter-output>
          </reporter-output>
        </test-method> <!-- logoutApplication -->
      </class> <!-- com.kone.app.tests.testcases.salesforce.SalesforceSurveytoLinkOpportunity -->
      <class name="com.kone.app.tests.testcases.vbmobile.VbmobileSurveytoLinkOpportunity">
        <test-method status="PASS" signature="answerSurveyTest(java.lang.String, java.lang.String)[pri:0, instance:com.kone.app.tests.testcases.vbmobile.VbmobileSurveytoLinkOpportunity@2e088452]" name="answerSurveyTest" duration-ms="418331" depends-on-groups="vbmobie_login" started-at="2018-08-07T11:13:47Z" finished-at="2018-08-07T11:20:45Z">
          <params>
            <param index="0">
              <value>
                <![CDATA[Survey Manager]]>
              </value>
            </param>
            <param index="1">
              <value>
                <![CDATA[FRB Budget]]>
              </value>
            </param>
          </params>
          <reporter-output>
          </reporter-output>
        </test-method> <!-- answerSurveyTest -->
      </class> <!-- com.kone.app.tests.testcases.vbmobile.VbmobileSurveytoLinkOpportunity -->
    </test> <!-- Answer in VbMobile and Link the Survey in Mobile SiteSurvey Run:1 -->
    <test name="Answer in VbMobile and Link the Survey in Mobile SiteSurvey Run:2" duration-ms="556259" started-at="2018-08-07T05:52:07Z" finished-at="2018-08-07T06:01:23Z">
      <class name="com.kone.app.tests.testcases.vbmobile.VbmobileAuthenticationTests">
        <test-method status="PASS" signature="loginTest()[pri:0, instance:com.kone.app.tests.testcases.vbmobile.VbmobileAuthenticationTests@55cedfda]" name="loginTest" duration-ms="86717" started-at="2018-08-07T11:22:07Z" finished-at="2018-08-07T11:23:33Z">
          <reporter-output>
          </reporter-output>
        </test-method> <!-- loginTest -->
      </class> <!-- com.kone.app.tests.testcases.vbmobile.VbmobileAuthenticationTests -->
      <class name="com.kone.app.tests.testcases.salesforce.SalesforceSurveytoLinkOpportunity">
        <test-method status="PASS" signature="getDriver()[pri:0, instance:com.kone.app.tests.testcases.salesforce.SalesforceSurveytoLinkOpportunity@7d8e1e59]" name="getDriver" is-config="true" duration-ms="32" started-at="2018-08-07T11:12:29Z" finished-at="2018-08-07T11:12:29Z">
          <reporter-output>
          </reporter-output>
        </test-method> <!-- getDriver -->
        <test-method status="PASS" signature="getDriver()[pri:0, instance:com.kone.app.tests.testcases.vbmobile.VbmobileAuthenticationTests@55cedfda]" name="getDriver" is-config="true" duration-ms="3726" started-at="2018-08-07T11:12:29Z" finished-at="2018-08-07T11:12:32Z">
          <reporter-output>
          </reporter-output>
        </test-method> <!-- getDriver -->
        <test-method status="PASS" signature="loginSalesForce(java.lang.String)[pri:0, instance:com.kone.app.tests.testcases.salesforce.SalesforceSurveytoLinkOpportunity@7d8e1e59]" name="loginSalesForce" duration-ms="18064" depends-on-groups="vbmobie_surveytolink" started-at="2018-08-07T11:30:27Z" finished-at="2018-08-07T11:30:45Z">
          <params>
            <param index="0">
              <value>
                <![CDATA[Survey Manager]]>
              </value>
            </param>
          </params>
          <reporter-output>
          </reporter-output>
        </test-method> <!-- loginSalesForce -->
        <test-method status="PASS" signature="loginSiteSurvey(java.lang.String)[pri:0, instance:com.kone.app.tests.testcases.salesforce.SalesforceSurveytoLinkOpportunity@7d8e1e59]" name="loginSiteSurvey" duration-ms="23461" depends-on-groups="linkSurveytoSalesforce" started-at="2018-08-07T11:30:45Z" finished-at="2018-08-07T11:31:09Z">
          <params>
            <param index="0">
              <value>
                <![CDATA[Survey Manager]]>
              </value>
            </param>
          </params>
          <reporter-output>
          </reporter-output>
        </test-method> <!-- loginSiteSurvey -->
        <test-method status="PASS" signature="logoutApplication()[pri:0, instance:com.kone.app.tests.testcases.salesforce.SalesforceSurveytoLinkOpportunity@7d8e1e59]" name="logoutApplication" is-config="true" duration-ms="4060" started-at="2018-08-07T11:31:09Z" finished-at="2018-08-07T11:31:13Z">
          <reporter-output>
          </reporter-output>
        </test-method> <!-- logoutApplication -->
        <test-method status="PASS" signature="logoutApplication()[pri:0, instance:com.kone.app.tests.testcases.vbmobile.VbmobileAuthenticationTests@55cedfda]" name="logoutApplication" is-config="true" duration-ms="10005" started-at="2018-08-07T11:31:13Z" finished-at="2018-08-07T11:31:23Z">
          <reporter-output>
          </reporter-output>
        </test-method> <!-- logoutApplication -->
        <test-method status="PASS" signature="closeWebdriver()[pri:0, instance:com.kone.app.tests.testcases.salesforce.SalesforceSurveytoLinkOpportunity@7d8e1e59]" name="closeWebdriver" is-config="true" duration-ms="406" started-at="2018-08-07T11:31:23Z" finished-at="2018-08-07T11:31:23Z">
          <reporter-output>
          </reporter-output>
        </test-method> <!-- closeWebdriver -->
        <test-method status="PASS" signature="stopApiumServer()[pri:0, instance:com.kone.app.tests.testcases.vbmobile.VbmobileAuthenticationTests@55cedfda]" name="stopApiumServer" is-config="true" duration-ms="1" started-at="2018-08-07T11:31:23Z" finished-at="2018-08-07T11:31:23Z">
          <reporter-output>
          </reporter-output>
        </test-method> <!-- stopApiumServer -->
      </class> <!-- com.kone.app.tests.testcases.salesforce.SalesforceSurveytoLinkOpportunity -->
      <class name="com.kone.app.tests.testcases.vbmobile.VbmobileSurveytoLinkOpportunity">
        <test-method status="PASS" signature="answerSurveyTest(java.lang.String, java.lang.String)[pri:0, instance:com.kone.app.tests.testcases.vbmobile.VbmobileSurveytoLinkOpportunity@4a114a53]" name="answerSurveyTest" duration-ms="413930" depends-on-groups="vbmobie_login" started-at="2018-08-07T11:23:33Z" finished-at="2018-08-07T11:30:27Z">
          <params>
            <param index="0">
              <value>
                <![CDATA[Survey Manager]]>
              </value>
            </param>
            <param index="1">
              <value>
                <![CDATA[FRB Full]]>
              </value>
            </param>
          </params>
          <reporter-output>
          </reporter-output>
        </test-method> <!-- answerSurveyTest -->
      </class> <!-- com.kone.app.tests.testcases.vbmobile.VbmobileSurveytoLinkOpportunity -->
    </test> <!-- Answer in VbMobile and Link the Survey in Mobile SiteSurvey Run:2 -->
  </suite> <!-- Mobile Site Survey Test Automation -->
</testng-results>
