<?xml version="1.0" encoding="UTF-8"?>
<testng-results skipped="16" failed="0" ignored="15" total="31" passed="0">
  <reporter-output>
  </reporter-output>
  <suite name="Mobile Site Survey End-to-End Test" duration-ms="3092" started-at="2018-08-03T04:23:41Z" finished-at="2018-08-03T04:23:44Z">
    <groups>
      <group name="vbmobie_survey">
        <method signature="VbmobileSurveyTests.answerSurveyTest(java.lang.String)[pri:0, instance:com.kone.app.tests.testcases.vbmobile.VbmobileSurveyTests@249ef826]" name="answerSurveyTest" class="com.kone.app.tests.testcases.vbmobile.VbmobileSurveyTests"/>
        <method signature="VbmobileSurveyTests.answerSurveyTest(java.lang.String)[pri:0, instance:com.kone.app.tests.testcases.vbmobile.VbmobileSurveyTests@58f96fef]" name="answerSurveyTest" class="com.kone.app.tests.testcases.vbmobile.VbmobileSurveyTests"/>
        <method signature="VbmobileSurveyTests.answerSurveyTest(java.lang.String)[pri:0, instance:com.kone.app.tests.testcases.vbmobile.VbmobileSurveyTests@37045c86]" name="answerSurveyTest" class="com.kone.app.tests.testcases.vbmobile.VbmobileSurveyTests"/>
        <method signature="VbmobileSurveyTests.answerSurveyTest(java.lang.String)[pri:0, instance:com.kone.app.tests.testcases.vbmobile.VbmobileSurveyTests@765eb017]" name="answerSurveyTest" class="com.kone.app.tests.testcases.vbmobile.VbmobileSurveyTests"/>
      </group> <!-- vbmobie_survey -->
      <group name="linkSurveytoSitefromSalesforce">
        <method signature="SalesforceSurveytoLinkOpportunity.loginSiteSurvey(java.lang.String)[pri:0, instance:com.kone.app.tests.testcases.salesforce.SalesforceSurveytoLinkOpportunity@397c53e7]" name="loginSiteSurvey" class="com.kone.app.tests.testcases.salesforce.SalesforceSurveytoLinkOpportunity"/>
      </group> <!-- linkSurveytoSitefromSalesforce -->
      <group name="web">
        <method signature="SalesforceAuthenticationTests.loginSalesForce(java.lang.String, java.lang.String, java.lang.String)[pri:0, instance:com.kone.app.tests.testcases.salesforce.SalesforceAuthenticationTests@131879fc]" name="loginSalesForce" class="com.kone.app.tests.testcases.salesforce.SalesforceAuthenticationTests"/>
        <method signature="SalesforceAuthenticationTests.loginSalesForce(java.lang.String, java.lang.String, java.lang.String)[pri:0, instance:com.kone.app.tests.testcases.salesforce.SalesforceAuthenticationTests@10db9c65]" name="loginSalesForce" class="com.kone.app.tests.testcases.salesforce.SalesforceAuthenticationTests"/>
        <method signature="SalesforceSurveytoLinkOpportunity.loginSalesForce(java.lang.String)[pri:0, instance:com.kone.app.tests.testcases.salesforce.SalesforceSurveytoLinkOpportunity@397c53e7]" name="loginSalesForce" class="com.kone.app.tests.testcases.salesforce.SalesforceSurveytoLinkOpportunity"/>
        <method signature="SalesforceSurveytoLinkOpportunity.loginSiteSurvey(java.lang.String)[pri:0, instance:com.kone.app.tests.testcases.salesforce.SalesforceSurveytoLinkOpportunity@397c53e7]" name="loginSiteSurvey" class="com.kone.app.tests.testcases.salesforce.SalesforceSurveytoLinkOpportunity"/>
        <method signature="SalesforceAuthenticationTests.loginSalesForce(java.lang.String, java.lang.String, java.lang.String)[pri:0, instance:com.kone.app.tests.testcases.salesforce.SalesforceAuthenticationTests@4fbb0c0b]" name="loginSalesForce" class="com.kone.app.tests.testcases.salesforce.SalesforceAuthenticationTests"/>
        <method signature="SalesforceAuthenticationTests.loginSalesForce(java.lang.String, java.lang.String, java.lang.String)[pri:0, instance:com.kone.app.tests.testcases.salesforce.SalesforceAuthenticationTests@15c55ab5]" name="loginSalesForce" class="com.kone.app.tests.testcases.salesforce.SalesforceAuthenticationTests"/>
      </group> <!-- web -->
      <group name="vbmobie_surveytolink">
        <method signature="VbmobileSurveytoLinkOpportunity.answerSurveyTest(java.lang.String)[pri:0, instance:com.kone.app.tests.testcases.vbmobile.VbmobileSurveytoLinkOpportunity@ba28d1b]" name="answerSurveyTest" class="com.kone.app.tests.testcases.vbmobile.VbmobileSurveytoLinkOpportunity"/>
      </group> <!-- vbmobie_surveytolink -->
      <group name="linkSurveytoSalesforce">
        <method signature="SalesforceSurveytoLinkOpportunity.loginSalesForce(java.lang.String)[pri:0, instance:com.kone.app.tests.testcases.salesforce.SalesforceSurveytoLinkOpportunity@397c53e7]" name="loginSalesForce" class="com.kone.app.tests.testcases.salesforce.SalesforceSurveytoLinkOpportunity"/>
      </group> <!-- linkSurveytoSalesforce -->
      <group name="login_salesforce">
        <method signature="SalesforceAuthenticationTests.loginSalesForce(java.lang.String, java.lang.String, java.lang.String)[pri:0, instance:com.kone.app.tests.testcases.salesforce.SalesforceAuthenticationTests@131879fc]" name="loginSalesForce" class="com.kone.app.tests.testcases.salesforce.SalesforceAuthenticationTests"/>
        <method signature="SalesforceAuthenticationTests.loginSalesForce(java.lang.String, java.lang.String, java.lang.String)[pri:0, instance:com.kone.app.tests.testcases.salesforce.SalesforceAuthenticationTests@10db9c65]" name="loginSalesForce" class="com.kone.app.tests.testcases.salesforce.SalesforceAuthenticationTests"/>
        <method signature="SalesforceAuthenticationTests.loginSalesForce(java.lang.String, java.lang.String, java.lang.String)[pri:0, instance:com.kone.app.tests.testcases.salesforce.SalesforceAuthenticationTests@4fbb0c0b]" name="loginSalesForce" class="com.kone.app.tests.testcases.salesforce.SalesforceAuthenticationTests"/>
        <method signature="SalesforceAuthenticationTests.loginSalesForce(java.lang.String, java.lang.String, java.lang.String)[pri:0, instance:com.kone.app.tests.testcases.salesforce.SalesforceAuthenticationTests@15c55ab5]" name="loginSalesForce" class="com.kone.app.tests.testcases.salesforce.SalesforceAuthenticationTests"/>
      </group> <!-- login_salesforce -->
      <group name="vbmobie_login">
        <method signature="VbmobileAuthenticationTests.loginTest()[pri:0, instance:com.kone.app.tests.testcases.vbmobile.VbmobileAuthenticationTests@1b1e93a9]" name="loginTest" class="com.kone.app.tests.testcases.vbmobile.VbmobileAuthenticationTests"/>
        <method signature="VbmobileAuthenticationTests.loginTest()[pri:0, instance:com.kone.app.tests.testcases.vbmobile.VbmobileAuthenticationTests@6f48bbde]" name="loginTest" class="com.kone.app.tests.testcases.vbmobile.VbmobileAuthenticationTests"/>
        <method signature="VbmobileAuthenticationTests.loginTest()[pri:0, instance:com.kone.app.tests.testcases.vbmobile.VbmobileAuthenticationTests@39cb865d]" name="loginTest" class="com.kone.app.tests.testcases.vbmobile.VbmobileAuthenticationTests"/>
        <method signature="VbmobileAuthenticationTests.loginTest()[pri:0, instance:com.kone.app.tests.testcases.vbmobile.VbmobileAuthenticationTests@105be2d9]" name="loginTest" class="com.kone.app.tests.testcases.vbmobile.VbmobileAuthenticationTests"/>
        <method signature="VbmobileAuthenticationTests.loginTest()[pri:0, instance:com.kone.app.tests.testcases.vbmobile.VbmobileAuthenticationTests@38d0b1d2]" name="loginTest" class="com.kone.app.tests.testcases.vbmobile.VbmobileAuthenticationTests"/>
      </group> <!-- vbmobie_login -->
    </groups>
    <test name="Create Survey in Salesforce LIO_FULL, then Answer in VbMobile" duration-ms="419" started-at="2018-08-03T04:23:41Z" finished-at="2018-08-03T04:23:41Z">
      <class name="com.kone.app.tests.testcases.salesforce.SalesforceAuthenticationTests">
        <test-method status="SKIP" signature="loginSalesForce(java.lang.String, java.lang.String, java.lang.String)[pri:0, instance:com.kone.app.tests.testcases.salesforce.SalesforceAuthenticationTests@131879fc]" name="loginSalesForce" duration-ms="0" started-at="2018-08-03T09:53:41Z" finished-at="2018-08-03T09:53:41Z">
          <exception class="io.appium.java_client.NoSuchContextException">
            <message>
              <![CDATA[No such context found. (WARNING: The server did not provide any stacktrace information)Command duration or timeout: 0 millisecondsBuild info: version: '3.12.0', revision: '7c6e0b3', time: '2018-05-08T14:04:26.12Z'System info: host: '5CG71660NZ', ip: '10.114.127.235', os.name: 'Windows 7', os.arch: 'amd64', os.version: '6.1', java.version: '1.8.0_144'Driver info: io.appium.java_client.android.AndroidDriverCapabilities {appActivity: com.kone.MainActivity, appPackage: com.kone.vbmobileTrain, automationName: UiAutomator2, chromedriverExecutable: C:\Users\con_svijay02\mobil..., databaseEnabled: false, desired: {appActivity: com.kone.MainActivity, appPackage: com.kone.vbmobileTrain, automationName: UiAutomator2, chromedriverExecutable: C:\Users\con_svijay02\mobil..., deviceName: My Phone, newCommandTimeout: 1300, noReset: false, platformName: Android}, deviceApiLevel: 26, deviceManufacturer: samsung, deviceModel: SM-G950F, deviceName: ce12171c395d8c3105, deviceScreenDensity: 640, deviceScreenSize: 1440x2960, deviceUDID: ce12171c395d8c3105, javascriptEnabled: true, locationContextEnabled: false, networkConnectionEnabled: true, newCommandTimeout: 1300, noReset: false, pixelRatio: 3, platform: LINUX, platformName: LINUX, platformVersion: 8.0.0, statBarHeight: 72, takesScreenshot: true, viewportRect: {height: 2004, left: 0, top: 72, width: 1080}, warnings: {}, webStorageEnabled: false}Session ID: 5fad09d4-eee3-4f45-8ac0-eb062ffa576d]]>
            </message>
            <full-stacktrace>
              <![CDATA[io.appium.java_client.NoSuchContextException: No such context found. (WARNING: The server did not provide any stacktrace information)Command duration or timeout: 0 millisecondsBuild info: version: '3.12.0', revision: '7c6e0b3', time: '2018-05-08T14:04:26.12Z'System info: host: '5CG71660NZ', ip: '10.114.127.235', os.name: 'Windows 7', os.arch: 'amd64', os.version: '6.1', java.version: '1.8.0_144'Driver info: io.appium.java_client.android.AndroidDriverCapabilities {appActivity: com.kone.MainActivity, appPackage: com.kone.vbmobileTrain, automationName: UiAutomator2, chromedriverExecutable: C:\Users\con_svijay02\mobil..., databaseEnabled: false, desired: {appActivity: com.kone.MainActivity, appPackage: com.kone.vbmobileTrain, automationName: UiAutomator2, chromedriverExecutable: C:\Users\con_svijay02\mobil..., deviceName: My Phone, newCommandTimeout: 1300, noReset: false, platformName: Android}, deviceApiLevel: 26, deviceManufacturer: samsung, deviceModel: SM-G950F, deviceName: ce12171c395d8c3105, deviceScreenDensity: 640, deviceScreenSize: 1440x2960, deviceUDID: ce12171c395d8c3105, javascriptEnabled: true, locationContextEnabled: false, networkConnectionEnabled: true, newCommandTimeout: 1300, noReset: false, pixelRatio: 3, platform: LINUX, platformName: LINUX, platformVersion: 8.0.0, statBarHeight: 72, takesScreenshot: true, viewportRect: {height: 2004, left: 0, top: 72, width: 1080}, warnings: {}, webStorageEnabled: false}Session ID: 5fad09d4-eee3-4f45-8ac0-eb062ffa576dat io.appium.java_client.AppiumDriver.context(AppiumDriver.java:201)at com.kone.app.tests.testcases.VbmobileBaseTest.getDriver(VbmobileBaseTest.java:42)at sun.reflect.NativeMethodAccessorImpl.invoke0(Native Method)at sun.reflect.NativeMethodAccessorImpl.invoke(Unknown Source)at sun.reflect.DelegatingMethodAccessorImpl.invoke(Unknown Source)at java.lang.reflect.Method.invoke(Unknown Source)at org.testng.internal.MethodInvocationHelper.invokeMethod(MethodInvocationHelper.java:124)at org.testng.internal.MethodInvocationHelper.invokeMethodConsideringTimeout(MethodInvocationHelper.java:59)at org.testng.internal.Invoker.invokeConfigurationMethod(Invoker.java:451)at org.testng.internal.Invoker.invokeConfigurations(Invoker.java:222)at org.testng.internal.Invoker.invokeConfigurations(Invoker.java:142)at org.testng.SuiteRunner.privateRun(SuiteRunner.java:401)at org.testng.SuiteRunner.run(SuiteRunner.java:364)at org.testng.SuiteRunnerWorker.runSuite(SuiteRunnerWorker.java:52)at org.testng.SuiteRunnerWorker.run(SuiteRunnerWorker.java:84)at org.testng.TestNG.runSuitesSequentially(TestNG.java:1187)at org.testng.TestNG.runSuitesLocally(TestNG.java:1116)at org.testng.TestNG.runSuites(TestNG.java:1028)at org.testng.TestNG.run(TestNG.java:996)at org.testng.remote.AbstractRemoteTestNG.run(AbstractRemoteTestNG.java:114)at org.testng.remote.RemoteTestNG.initAndRun(RemoteTestNG.java:251)at org.testng.remote.RemoteTestNG.main(RemoteTestNG.java:77)Caused by: org.openqa.selenium.WebDriverException: No such context found. (WARNING: The server did not provide any stacktrace information)Command duration or timeout: 0 millisecondsBuild info: version: '3.12.0', revision: '7c6e0b3', time: '2018-05-08T14:04:26.12Z'System info: host: '5CG71660NZ', ip: '10.114.127.235', os.name: 'Windows 7', os.arch: 'amd64', os.version: '6.1', java.version: '1.8.0_144'Driver info: io.appium.java_client.android.AndroidDriverCapabilities {appActivity: com.kone.MainActivity, appPackage: com.kone.vbmobileTrain, automationName: UiAutomator2, chromedriverExecutable: C:\Users\con_svijay02\mobil..., databaseEnabled: false, desired: {appActivity: com.kone.MainActivity, appPackage: com.kone.vbmobileTrain, automationName: UiAutomator2, chromedriverExecutable: C:\Users\con_svijay02\mobil..., deviceName: My Phone, newCommandTimeout: 1300, noReset: false, platformName: Android}, deviceApiLevel: 26, deviceManufacturer: samsung, deviceModel: SM-G950F, deviceName: ce12171c395d8c3105, deviceScreenDensity: 640, deviceScreenSize: 1440x2960, deviceUDID: ce12171c395d8c3105, javascriptEnabled: true, locationContextEnabled: false, networkConnectionEnabled: true, newCommandTimeout: 1300, noReset: false, pixelRatio: 3, platform: LINUX, platformName: LINUX, platformVersion: 8.0.0, statBarHeight: 72, takesScreenshot: true, viewportRect: {height: 2004, left: 0, top: 72, width: 1080}, warnings: {}, webStorageEnabled: false}Session ID: 5fad09d4-eee3-4f45-8ac0-eb062ffa576dat sun.reflect.NativeConstructorAccessorImpl.newInstance0(Native Method)at sun.reflect.NativeConstructorAccessorImpl.newInstance(Unknown Source)at sun.reflect.DelegatingConstructorAccessorImpl.newInstance(Unknown Source)at java.lang.reflect.Constructor.newInstance(Unknown Source)at org.openqa.selenium.remote.ErrorHandler.createThrowable(ErrorHandler.java:214)at org.openqa.selenium.remote.ErrorHandler.throwIfResponseFailed(ErrorHandler.java:166)at org.openqa.selenium.remote.http.JsonHttpResponseCodec.reconstructValue(JsonHttpResponseCodec.java:40)at org.openqa.selenium.remote.http.AbstractHttpResponseCodec.decode(AbstractHttpResponseCodec.java:80)at org.openqa.selenium.remote.http.AbstractHttpResponseCodec.decode(AbstractHttpResponseCodec.java:44)at org.openqa.selenium.remote.HttpCommandExecutor.execute(HttpCommandExecutor.java:158)at io.appium.java_client.remote.AppiumCommandExecutor.execute(AppiumCommandExecutor.java:129)at org.openqa.selenium.remote.RemoteWebDriver.execute(RemoteWebDriver.java:543)at io.appium.java_client.DefaultGenericMobileDriver.execute(DefaultGenericMobileDriver.java:42)at io.appium.java_client.AppiumDriver.execute(AppiumDriver.java:1)at io.appium.java_client.android.AndroidDriver.execute(AndroidDriver.java:1)at io.appium.java_client.AppiumDriver.context(AppiumDriver.java:198)... 21 more]]>
            </full-stacktrace>
          </exception> <!-- io.appium.java_client.NoSuchContextException -->
          <reporter-output>
          </reporter-output>
        </test-method> <!-- loginSalesForce -->
        <test-method status="FAIL" signature="logoutApplication()[pri:0, instance:com.kone.app.tests.testcases.salesforce.SalesforceAuthenticationTests@131879fc]" name="logoutApplication" is-config="true" duration-ms="72" started-at="2018-08-03T09:53:41Z" finished-at="2018-08-03T09:53:41Z">
          <exception class="org.openqa.selenium.NoSuchElementException">
            <message>
              <![CDATA[no such element: Unable to locate element: {"method":"xpath","selector":"//*[@id='globalHeaderNameMink']/*[@class='zen-selectArrow']"}  (Session info: chrome=68.0.3440.84)  (Driver info: chromedriver=2.40.565498 (ea082db3280dd6843ebfb08a625e3eb905c4f5ab),platform=Windows NT 6.1.7601 SP1 x86_64) (WARNING: The server did not provide any stacktrace information)Command duration or timeout: 0 millisecondsFor documentation on this error, please visit: http://seleniumhq.org/exceptions/no_such_element.htmlBuild info: version: '3.12.0', revision: '7c6e0b3', time: '2018-05-08T14:04:26.12Z'System info: host: '5CG71660NZ', ip: '10.114.127.235', os.name: 'Windows 7', os.arch: 'amd64', os.version: '6.1', java.version: '1.8.0_144'Driver info: org.openqa.selenium.chrome.ChromeDriverCapabilities {acceptInsecureCerts: false, acceptSslCerts: false, applicationCacheEnabled: false, browserConnectionEnabled: false, browserName: chrome, chrome: {chromedriverVersion: 2.40.565498 (ea082db3280dd6..., userDataDir: C:\Users\CON_SV~1\AppData\L...}, cssSelectorsEnabled: true, databaseEnabled: false, handlesAlerts: true, hasTouchScreen: false, javascriptEnabled: true, locationContextEnabled: true, mobileEmulationEnabled: false, nativeEvents: true, networkConnectionEnabled: false, pageLoadStrategy: normal, platform: XP, platformName: XP, rotatable: false, setWindowRect: true, takesHeapSnapshot: true, takesScreenshot: true, unexpectedAlertBehaviour: , unhandledPromptBehavior: , version: 68.0.3440.84, webStorageEnabled: true}Session ID: a436a59547d0d2b185e3b1e269edf0bf*** Element info: {Using=xpath, value=//*[@id='globalHeaderNameMink']/*[@class='zen-selectArrow']}]]>
            </message>
            <full-stacktrace>
              <![CDATA[org.openqa.selenium.NoSuchElementException: no such element: Unable to locate element: {"method":"xpath","selector":"//*[@id='globalHeaderNameMink']/*[@class='zen-selectArrow']"}  (Session info: chrome=68.0.3440.84)  (Driver info: chromedriver=2.40.565498 (ea082db3280dd6843ebfb08a625e3eb905c4f5ab),platform=Windows NT 6.1.7601 SP1 x86_64) (WARNING: The server did not provide any stacktrace information)Command duration or timeout: 0 millisecondsFor documentation on this error, please visit: http://seleniumhq.org/exceptions/no_such_element.htmlBuild info: version: '3.12.0', revision: '7c6e0b3', time: '2018-05-08T14:04:26.12Z'System info: host: '5CG71660NZ', ip: '10.114.127.235', os.name: 'Windows 7', os.arch: 'amd64', os.version: '6.1', java.version: '1.8.0_144'Driver info: org.openqa.selenium.chrome.ChromeDriverCapabilities {acceptInsecureCerts: false, acceptSslCerts: false, applicationCacheEnabled: false, browserConnectionEnabled: false, browserName: chrome, chrome: {chromedriverVersion: 2.40.565498 (ea082db3280dd6..., userDataDir: C:\Users\CON_SV~1\AppData\L...}, cssSelectorsEnabled: true, databaseEnabled: false, handlesAlerts: true, hasTouchScreen: false, javascriptEnabled: true, locationContextEnabled: true, mobileEmulationEnabled: false, nativeEvents: true, networkConnectionEnabled: false, pageLoadStrategy: normal, platform: XP, platformName: XP, rotatable: false, setWindowRect: true, takesHeapSnapshot: true, takesScreenshot: true, unexpectedAlertBehaviour: , unhandledPromptBehavior: , version: 68.0.3440.84, webStorageEnabled: true}Session ID: a436a59547d0d2b185e3b1e269edf0bf*** Element info: {Using=xpath, value=//*[@id='globalHeaderNameMink']/*[@class='zen-selectArrow']}at sun.reflect.NativeConstructorAccessorImpl.newInstance0(Native Method)at sun.reflect.NativeConstructorAccessorImpl.newInstance(Unknown Source)at sun.reflect.DelegatingConstructorAccessorImpl.newInstance(Unknown Source)at java.lang.reflect.Constructor.newInstance(Unknown Source)at org.openqa.selenium.remote.ErrorHandler.createThrowable(ErrorHandler.java:214)at org.openqa.selenium.remote.ErrorHandler.throwIfResponseFailed(ErrorHandler.java:166)at org.openqa.selenium.remote.http.JsonHttpResponseCodec.reconstructValue(JsonHttpResponseCodec.java:40)at org.openqa.selenium.remote.http.AbstractHttpResponseCodec.decode(AbstractHttpResponseCodec.java:80)at org.openqa.selenium.remote.http.AbstractHttpResponseCodec.decode(AbstractHttpResponseCodec.java:44)at org.openqa.selenium.remote.HttpCommandExecutor.execute(HttpCommandExecutor.java:158)at org.openqa.selenium.remote.service.DriverCommandExecutor.execute(DriverCommandExecutor.java:83)at org.openqa.selenium.remote.RemoteWebDriver.execute(RemoteWebDriver.java:543)at org.openqa.selenium.remote.RemoteWebDriver.findElement(RemoteWebDriver.java:317)at org.openqa.selenium.remote.RemoteWebDriver.findElementByXPath(RemoteWebDriver.java:419)at org.openqa.selenium.By$ByXPath.findElement(By.java:353)at org.openqa.selenium.remote.RemoteWebDriver.findElement(RemoteWebDriver.java:309)at com.kone.app.tests.testcases.SalesforceBaseTest.logoutApplication(SalesforceBaseTest.java:69)at sun.reflect.NativeMethodAccessorImpl.invoke0(Native Method)at sun.reflect.NativeMethodAccessorImpl.invoke(Unknown Source)at sun.reflect.DelegatingMethodAccessorImpl.invoke(Unknown Source)at java.lang.reflect.Method.invoke(Unknown Source)at org.testng.internal.MethodInvocationHelper.invokeMethod(MethodInvocationHelper.java:124)at org.testng.internal.MethodInvocationHelper.invokeMethodConsideringTimeout(MethodInvocationHelper.java:59)at org.testng.internal.Invoker.invokeConfigurationMethod(Invoker.java:451)at org.testng.internal.Invoker.invokeConfigurations(Invoker.java:222)at org.testng.internal.Invoker.invokeConfigurations(Invoker.java:142)at org.testng.TestRunner.afterRun(TestRunner.java:725)at org.testng.TestRunner.run(TestRunner.java:509)at org.testng.SuiteRunner.runTest(SuiteRunner.java:455)at org.testng.SuiteRunner.runSequentially(SuiteRunner.java:450)at org.testng.SuiteRunner.privateRun(SuiteRunner.java:415)at org.testng.SuiteRunner.run(SuiteRunner.java:364)at org.testng.SuiteRunnerWorker.runSuite(SuiteRunnerWorker.java:52)at org.testng.SuiteRunnerWorker.run(SuiteRunnerWorker.java:84)at org.testng.TestNG.runSuitesSequentially(TestNG.java:1187)at org.testng.TestNG.runSuitesLocally(TestNG.java:1116)at org.testng.TestNG.runSuites(TestNG.java:1028)at org.testng.TestNG.run(TestNG.java:996)at org.testng.remote.AbstractRemoteTestNG.run(AbstractRemoteTestNG.java:114)at org.testng.remote.RemoteTestNG.initAndRun(RemoteTestNG.java:251)at org.testng.remote.RemoteTestNG.main(RemoteTestNG.java:77)]]>
            </full-stacktrace>
          </exception> <!-- org.openqa.selenium.NoSuchElementException -->
          <reporter-output>
          </reporter-output>
        </test-method> <!-- logoutApplication -->
        <test-method status="FAIL" signature="logoutApplication()[pri:0, instance:com.kone.app.tests.testcases.vbmobile.VbmobileAuthenticationTests@1b1e93a9]" name="logoutApplication" is-config="true" duration-ms="177" started-at="2018-08-03T09:53:41Z" finished-at="2018-08-03T09:53:41Z">
          <exception class="org.openqa.selenium.NoSuchElementException">
            <message>
              <![CDATA[An element could not be located on the page using the given search parameters. (WARNING: The server did not provide any stacktrace information)Command duration or timeout: 0 millisecondsFor documentation on this error, please visit: http://seleniumhq.org/exceptions/no_such_element.htmlBuild info: version: '3.12.0', revision: '7c6e0b3', time: '2018-05-08T14:04:26.12Z'System info: host: '5CG71660NZ', ip: '10.114.127.235', os.name: 'Windows 7', os.arch: 'amd64', os.version: '6.1', java.version: '1.8.0_144'Driver info: io.appium.java_client.android.AndroidDriverCapabilities {appActivity: com.kone.MainActivity, appPackage: com.kone.vbmobileTrain, automationName: UiAutomator2, chromedriverExecutable: C:\Users\con_svijay02\mobil..., databaseEnabled: false, desired: {appActivity: com.kone.MainActivity, appPackage: com.kone.vbmobileTrain, automationName: UiAutomator2, chromedriverExecutable: C:\Users\con_svijay02\mobil..., deviceName: My Phone, newCommandTimeout: 1300, noReset: false, platformName: Android}, deviceApiLevel: 26, deviceManufacturer: samsung, deviceModel: SM-G950F, deviceName: ce12171c395d8c3105, deviceScreenDensity: 640, deviceScreenSize: 1440x2960, deviceUDID: ce12171c395d8c3105, javascriptEnabled: true, locationContextEnabled: false, networkConnectionEnabled: true, newCommandTimeout: 1300, noReset: false, pixelRatio: 3, platform: LINUX, platformName: LINUX, platformVersion: 8.0.0, statBarHeight: 72, takesScreenshot: true, viewportRect: {height: 2004, left: 0, top: 72, width: 1080}, warnings: {}, webStorageEnabled: false}Session ID: 5fad09d4-eee3-4f45-8ac0-eb062ffa576d*** Element info: {Using=xpath, value=//*[contains(@aria-label,'Menu')]}]]>
            </message>
            <full-stacktrace>
              <![CDATA[org.openqa.selenium.NoSuchElementException: An element could not be located on the page using the given search parameters. (WARNING: The server did not provide any stacktrace information)Command duration or timeout: 0 millisecondsFor documentation on this error, please visit: http://seleniumhq.org/exceptions/no_such_element.htmlBuild info: version: '3.12.0', revision: '7c6e0b3', time: '2018-05-08T14:04:26.12Z'System info: host: '5CG71660NZ', ip: '10.114.127.235', os.name: 'Windows 7', os.arch: 'amd64', os.version: '6.1', java.version: '1.8.0_144'Driver info: io.appium.java_client.android.AndroidDriverCapabilities {appActivity: com.kone.MainActivity, appPackage: com.kone.vbmobileTrain, automationName: UiAutomator2, chromedriverExecutable: C:\Users\con_svijay02\mobil..., databaseEnabled: false, desired: {appActivity: com.kone.MainActivity, appPackage: com.kone.vbmobileTrain, automationName: UiAutomator2, chromedriverExecutable: C:\Users\con_svijay02\mobil..., deviceName: My Phone, newCommandTimeout: 1300, noReset: false, platformName: Android}, deviceApiLevel: 26, deviceManufacturer: samsung, deviceModel: SM-G950F, deviceName: ce12171c395d8c3105, deviceScreenDensity: 640, deviceScreenSize: 1440x2960, deviceUDID: ce12171c395d8c3105, javascriptEnabled: true, locationContextEnabled: false, networkConnectionEnabled: true, newCommandTimeout: 1300, noReset: false, pixelRatio: 3, platform: LINUX, platformName: LINUX, platformVersion: 8.0.0, statBarHeight: 72, takesScreenshot: true, viewportRect: {height: 2004, left: 0, top: 72, width: 1080}, warnings: {}, webStorageEnabled: false}Session ID: 5fad09d4-eee3-4f45-8ac0-eb062ffa576d*** Element info: {Using=xpath, value=//*[contains(@aria-label,'Menu')]}at sun.reflect.NativeConstructorAccessorImpl.newInstance0(Native Method)at sun.reflect.NativeConstructorAccessorImpl.newInstance(Unknown Source)at sun.reflect.DelegatingConstructorAccessorImpl.newInstance(Unknown Source)at java.lang.reflect.Constructor.newInstance(Unknown Source)at org.openqa.selenium.remote.ErrorHandler.createThrowable(ErrorHandler.java:214)at org.openqa.selenium.remote.ErrorHandler.throwIfResponseFailed(ErrorHandler.java:166)at org.openqa.selenium.remote.http.JsonHttpResponseCodec.reconstructValue(JsonHttpResponseCodec.java:40)at org.openqa.selenium.remote.http.AbstractHttpResponseCodec.decode(AbstractHttpResponseCodec.java:80)at org.openqa.selenium.remote.http.AbstractHttpResponseCodec.decode(AbstractHttpResponseCodec.java:44)at org.openqa.selenium.remote.HttpCommandExecutor.execute(HttpCommandExecutor.java:158)at io.appium.java_client.remote.AppiumCommandExecutor.execute(AppiumCommandExecutor.java:129)at org.openqa.selenium.remote.RemoteWebDriver.execute(RemoteWebDriver.java:543)at io.appium.java_client.DefaultGenericMobileDriver.execute(DefaultGenericMobileDriver.java:42)at io.appium.java_client.AppiumDriver.execute(AppiumDriver.java:1)at io.appium.java_client.android.AndroidDriver.execute(AndroidDriver.java:1)at org.openqa.selenium.remote.RemoteWebDriver.findElement(RemoteWebDriver.java:317)at io.appium.java_client.DefaultGenericMobileDriver.findElement(DefaultGenericMobileDriver.java:62)at io.appium.java_client.AppiumDriver.findElement(AppiumDriver.java:1)at io.appium.java_client.android.AndroidDriver.findElement(AndroidDriver.java:1)at org.openqa.selenium.remote.RemoteWebDriver.findElementByXPath(RemoteWebDriver.java:419)at io.appium.java_client.DefaultGenericMobileDriver.findElementByXPath(DefaultGenericMobileDriver.java:152)at io.appium.java_client.AppiumDriver.findElementByXPath(AppiumDriver.java:1)at io.appium.java_client.android.AndroidDriver.findElementByXPath(AndroidDriver.java:1)at org.openqa.selenium.By$ByXPath.findElement(By.java:353)at org.openqa.selenium.remote.RemoteWebDriver.findElement(RemoteWebDriver.java:309)at io.appium.java_client.DefaultGenericMobileDriver.findElement(DefaultGenericMobileDriver.java:58)at io.appium.java_client.AppiumDriver.findElement(AppiumDriver.java:1)at io.appium.java_client.android.AndroidDriver.findElement(AndroidDriver.java:1)at com.kone.app.pages.vbmobile.SurveyManagerPage.openSideMenu(SurveyManagerPage.java:29)at com.kone.app.tests.testcases.VbmobileBaseTest.logoutApplication(VbmobileBaseTest.java:60)at sun.reflect.NativeMethodAccessorImpl.invoke0(Native Method)at sun.reflect.NativeMethodAccessorImpl.invoke(Unknown Source)at sun.reflect.DelegatingMethodAccessorImpl.invoke(Unknown Source)at java.lang.reflect.Method.invoke(Unknown Source)at org.testng.internal.MethodInvocationHelper.invokeMethod(MethodInvocationHelper.java:124)at org.testng.internal.MethodInvocationHelper.invokeMethodConsideringTimeout(MethodInvocationHelper.java:59)at org.testng.internal.Invoker.invokeConfigurationMethod(Invoker.java:451)at org.testng.internal.Invoker.invokeConfigurations(Invoker.java:222)at org.testng.internal.Invoker.invokeConfigurations(Invoker.java:142)at org.testng.TestRunner.afterRun(TestRunner.java:725)at org.testng.TestRunner.run(TestRunner.java:509)at org.testng.SuiteRunner.runTest(SuiteRunner.java:455)at org.testng.SuiteRunner.runSequentially(SuiteRunner.java:450)at org.testng.SuiteRunner.privateRun(SuiteRunner.java:415)at org.testng.SuiteRunner.run(SuiteRunner.java:364)at org.testng.SuiteRunnerWorker.runSuite(SuiteRunnerWorker.java:52)at org.testng.SuiteRunnerWorker.run(SuiteRunnerWorker.java:84)at org.testng.TestNG.runSuitesSequentially(TestNG.java:1187)at org.testng.TestNG.runSuitesLocally(TestNG.java:1116)at org.testng.TestNG.runSuites(TestNG.java:1028)at org.testng.TestNG.run(TestNG.java:996)at org.testng.remote.AbstractRemoteTestNG.run(AbstractRemoteTestNG.java:114)at org.testng.remote.RemoteTestNG.initAndRun(RemoteTestNG.java:251)at org.testng.remote.RemoteTestNG.main(RemoteTestNG.java:77)]]>
            </full-stacktrace>
          </exception> <!-- org.openqa.selenium.NoSuchElementException -->
          <reporter-output>
          </reporter-output>
        </test-method> <!-- logoutApplication -->
      </class> <!-- com.kone.app.tests.testcases.salesforce.SalesforceAuthenticationTests -->
      <class name="com.kone.app.tests.testcases.vbmobile.VbmobileAuthenticationTests">
        <test-method status="SKIP" signature="loginTest()[pri:0, instance:com.kone.app.tests.testcases.vbmobile.VbmobileAuthenticationTests@1b1e93a9]" name="loginTest" duration-ms="0" depends-on-groups="login_salesforce" started-at="2018-08-03T09:53:41Z" finished-at="2018-08-03T09:53:41Z">
          <exception class="java.lang.Throwable">
            <message>
              <![CDATA[Method VbmobileAuthenticationTests.loginTest()[pri:0, instance:com.kone.app.tests.testcases.vbmobile.VbmobileAuthenticationTests@1b1e93a9] depends on not successfully finished methods in group "login_salesforce"]]>
            </message>
            <full-stacktrace>
              <![CDATA[java.lang.Throwable: Method VbmobileAuthenticationTests.loginTest()[pri:0, instance:com.kone.app.tests.testcases.vbmobile.VbmobileAuthenticationTests@1b1e93a9] depends on not successfully finished methods in group "login_salesforce"at org.testng.internal.Invoker.invokeTestMethods(Invoker.java:878)at org.testng.internal.TestMethodWorker.invokeTestMethods(TestMethodWorker.java:125)at org.testng.internal.TestMethodWorker.run(TestMethodWorker.java:109)at org.testng.TestRunner.privateRun(TestRunner.java:648)at org.testng.TestRunner.run(TestRunner.java:505)at org.testng.SuiteRunner.runTest(SuiteRunner.java:455)at org.testng.SuiteRunner.runSequentially(SuiteRunner.java:450)at org.testng.SuiteRunner.privateRun(SuiteRunner.java:415)at org.testng.SuiteRunner.run(SuiteRunner.java:364)at org.testng.SuiteRunnerWorker.runSuite(SuiteRunnerWorker.java:52)at org.testng.SuiteRunnerWorker.run(SuiteRunnerWorker.java:84)at org.testng.TestNG.runSuitesSequentially(TestNG.java:1187)at org.testng.TestNG.runSuitesLocally(TestNG.java:1116)at org.testng.TestNG.runSuites(TestNG.java:1028)at org.testng.TestNG.run(TestNG.java:996)at org.testng.remote.AbstractRemoteTestNG.run(AbstractRemoteTestNG.java:114)at org.testng.remote.RemoteTestNG.initAndRun(RemoteTestNG.java:251)at org.testng.remote.RemoteTestNG.main(RemoteTestNG.java:77)]]>
            </full-stacktrace>
          </exception> <!-- java.lang.Throwable -->
          <reporter-output>
          </reporter-output>
        </test-method> <!-- loginTest -->
      </class> <!-- com.kone.app.tests.testcases.vbmobile.VbmobileAuthenticationTests -->
      <class name="com.kone.app.tests.testcases.vbmobile.VbmobileSurveyTests">
        <test-method status="SKIP" signature="answerSurveyTest(java.lang.String)[pri:0, instance:com.kone.app.tests.testcases.vbmobile.VbmobileSurveyTests@249ef826]" name="answerSurveyTest" duration-ms="0" depends-on-groups="vbmobie_login" started-at="2018-08-03T09:53:41Z" finished-at="2018-08-03T09:53:41Z">
          <exception class="java.lang.Throwable">
            <message>
              <![CDATA[Method VbmobileSurveyTests.answerSurveyTest(java.lang.String)[pri:0, instance:com.kone.app.tests.testcases.vbmobile.VbmobileSurveyTests@249ef826] depends on not successfully finished methods in group "vbmobie_login"]]>
            </message>
            <full-stacktrace>
              <![CDATA[java.lang.Throwable: Method VbmobileSurveyTests.answerSurveyTest(java.lang.String)[pri:0, instance:com.kone.app.tests.testcases.vbmobile.VbmobileSurveyTests@249ef826] depends on not successfully finished methods in group "vbmobie_login"at org.testng.internal.Invoker.invokeTestMethods(Invoker.java:878)at org.testng.internal.TestMethodWorker.invokeTestMethods(TestMethodWorker.java:125)at org.testng.internal.TestMethodWorker.run(TestMethodWorker.java:109)at org.testng.TestRunner.privateRun(TestRunner.java:648)at org.testng.TestRunner.run(TestRunner.java:505)at org.testng.SuiteRunner.runTest(SuiteRunner.java:455)at org.testng.SuiteRunner.runSequentially(SuiteRunner.java:450)at org.testng.SuiteRunner.privateRun(SuiteRunner.java:415)at org.testng.SuiteRunner.run(SuiteRunner.java:364)at org.testng.SuiteRunnerWorker.runSuite(SuiteRunnerWorker.java:52)at org.testng.SuiteRunnerWorker.run(SuiteRunnerWorker.java:84)at org.testng.TestNG.runSuitesSequentially(TestNG.java:1187)at org.testng.TestNG.runSuitesLocally(TestNG.java:1116)at org.testng.TestNG.runSuites(TestNG.java:1028)at org.testng.TestNG.run(TestNG.java:996)at org.testng.remote.AbstractRemoteTestNG.run(AbstractRemoteTestNG.java:114)at org.testng.remote.RemoteTestNG.initAndRun(RemoteTestNG.java:251)at org.testng.remote.RemoteTestNG.main(RemoteTestNG.java:77)]]>
            </full-stacktrace>
          </exception> <!-- java.lang.Throwable -->
          <reporter-output>
          </reporter-output>
        </test-method> <!-- answerSurveyTest -->
      </class> <!-- com.kone.app.tests.testcases.vbmobile.VbmobileSurveyTests -->
    </test> <!-- Create Survey in Salesforce LIO_FULL, then Answer in VbMobile -->
    <test name="Create Survey in Salesforce LIO_Budget, then Answer in VbMobile" duration-ms="338" started-at="2018-08-03T04:23:42Z" finished-at="2018-08-03T04:23:42Z">
      <class name="com.kone.app.tests.testcases.salesforce.SalesforceAuthenticationTests">
        <test-method status="SKIP" signature="loginSalesForce(java.lang.String, java.lang.String, java.lang.String)[pri:0, instance:com.kone.app.tests.testcases.salesforce.SalesforceAuthenticationTests@10db9c65]" name="loginSalesForce" duration-ms="0" started-at="2018-08-03T09:53:42Z" finished-at="2018-08-03T09:53:42Z">
          <exception class="io.appium.java_client.NoSuchContextException">
            <message>
              <![CDATA[No such context found. (WARNING: The server did not provide any stacktrace information)Command duration or timeout: 0 millisecondsBuild info: version: '3.12.0', revision: '7c6e0b3', time: '2018-05-08T14:04:26.12Z'System info: host: '5CG71660NZ', ip: '10.114.127.235', os.name: 'Windows 7', os.arch: 'amd64', os.version: '6.1', java.version: '1.8.0_144'Driver info: io.appium.java_client.android.AndroidDriverCapabilities {appActivity: com.kone.MainActivity, appPackage: com.kone.vbmobileTrain, automationName: UiAutomator2, chromedriverExecutable: C:\Users\con_svijay02\mobil..., databaseEnabled: false, desired: {appActivity: com.kone.MainActivity, appPackage: com.kone.vbmobileTrain, automationName: UiAutomator2, chromedriverExecutable: C:\Users\con_svijay02\mobil..., deviceName: My Phone, newCommandTimeout: 1300, noReset: false, platformName: Android}, deviceApiLevel: 26, deviceManufacturer: samsung, deviceModel: SM-G950F, deviceName: ce12171c395d8c3105, deviceScreenDensity: 640, deviceScreenSize: 1440x2960, deviceUDID: ce12171c395d8c3105, javascriptEnabled: true, locationContextEnabled: false, networkConnectionEnabled: true, newCommandTimeout: 1300, noReset: false, pixelRatio: 3, platform: LINUX, platformName: LINUX, platformVersion: 8.0.0, statBarHeight: 72, takesScreenshot: true, viewportRect: {height: 2004, left: 0, top: 72, width: 1080}, warnings: {}, webStorageEnabled: false}Session ID: 5fad09d4-eee3-4f45-8ac0-eb062ffa576d]]>
            </message>
            <full-stacktrace>
              <![CDATA[io.appium.java_client.NoSuchContextException: No such context found. (WARNING: The server did not provide any stacktrace information)Command duration or timeout: 0 millisecondsBuild info: version: '3.12.0', revision: '7c6e0b3', time: '2018-05-08T14:04:26.12Z'System info: host: '5CG71660NZ', ip: '10.114.127.235', os.name: 'Windows 7', os.arch: 'amd64', os.version: '6.1', java.version: '1.8.0_144'Driver info: io.appium.java_client.android.AndroidDriverCapabilities {appActivity: com.kone.MainActivity, appPackage: com.kone.vbmobileTrain, automationName: UiAutomator2, chromedriverExecutable: C:\Users\con_svijay02\mobil..., databaseEnabled: false, desired: {appActivity: com.kone.MainActivity, appPackage: com.kone.vbmobileTrain, automationName: UiAutomator2, chromedriverExecutable: C:\Users\con_svijay02\mobil..., deviceName: My Phone, newCommandTimeout: 1300, noReset: false, platformName: Android}, deviceApiLevel: 26, deviceManufacturer: samsung, deviceModel: SM-G950F, deviceName: ce12171c395d8c3105, deviceScreenDensity: 640, deviceScreenSize: 1440x2960, deviceUDID: ce12171c395d8c3105, javascriptEnabled: true, locationContextEnabled: false, networkConnectionEnabled: true, newCommandTimeout: 1300, noReset: false, pixelRatio: 3, platform: LINUX, platformName: LINUX, platformVersion: 8.0.0, statBarHeight: 72, takesScreenshot: true, viewportRect: {height: 2004, left: 0, top: 72, width: 1080}, warnings: {}, webStorageEnabled: false}Session ID: 5fad09d4-eee3-4f45-8ac0-eb062ffa576dat io.appium.java_client.AppiumDriver.context(AppiumDriver.java:201)at com.kone.app.tests.testcases.VbmobileBaseTest.getDriver(VbmobileBaseTest.java:42)at sun.reflect.NativeMethodAccessorImpl.invoke0(Native Method)at sun.reflect.NativeMethodAccessorImpl.invoke(Unknown Source)at sun.reflect.DelegatingMethodAccessorImpl.invoke(Unknown Source)at java.lang.reflect.Method.invoke(Unknown Source)at org.testng.internal.MethodInvocationHelper.invokeMethod(MethodInvocationHelper.java:124)at org.testng.internal.MethodInvocationHelper.invokeMethodConsideringTimeout(MethodInvocationHelper.java:59)at org.testng.internal.Invoker.invokeConfigurationMethod(Invoker.java:451)at org.testng.internal.Invoker.invokeConfigurations(Invoker.java:222)at org.testng.internal.Invoker.invokeConfigurations(Invoker.java:142)at org.testng.SuiteRunner.privateRun(SuiteRunner.java:401)at org.testng.SuiteRunner.run(SuiteRunner.java:364)at org.testng.SuiteRunnerWorker.runSuite(SuiteRunnerWorker.java:52)at org.testng.SuiteRunnerWorker.run(SuiteRunnerWorker.java:84)at org.testng.TestNG.runSuitesSequentially(TestNG.java:1187)at org.testng.TestNG.runSuitesLocally(TestNG.java:1116)at org.testng.TestNG.runSuites(TestNG.java:1028)at org.testng.TestNG.run(TestNG.java:996)at org.testng.remote.AbstractRemoteTestNG.run(AbstractRemoteTestNG.java:114)at org.testng.remote.RemoteTestNG.initAndRun(RemoteTestNG.java:251)at org.testng.remote.RemoteTestNG.main(RemoteTestNG.java:77)Caused by: org.openqa.selenium.WebDriverException: No such context found. (WARNING: The server did not provide any stacktrace information)Command duration or timeout: 0 millisecondsBuild info: version: '3.12.0', revision: '7c6e0b3', time: '2018-05-08T14:04:26.12Z'System info: host: '5CG71660NZ', ip: '10.114.127.235', os.name: 'Windows 7', os.arch: 'amd64', os.version: '6.1', java.version: '1.8.0_144'Driver info: io.appium.java_client.android.AndroidDriverCapabilities {appActivity: com.kone.MainActivity, appPackage: com.kone.vbmobileTrain, automationName: UiAutomator2, chromedriverExecutable: C:\Users\con_svijay02\mobil..., databaseEnabled: false, desired: {appActivity: com.kone.MainActivity, appPackage: com.kone.vbmobileTrain, automationName: UiAutomator2, chromedriverExecutable: C:\Users\con_svijay02\mobil..., deviceName: My Phone, newCommandTimeout: 1300, noReset: false, platformName: Android}, deviceApiLevel: 26, deviceManufacturer: samsung, deviceModel: SM-G950F, deviceName: ce12171c395d8c3105, deviceScreenDensity: 640, deviceScreenSize: 1440x2960, deviceUDID: ce12171c395d8c3105, javascriptEnabled: true, locationContextEnabled: false, networkConnectionEnabled: true, newCommandTimeout: 1300, noReset: false, pixelRatio: 3, platform: LINUX, platformName: LINUX, platformVersion: 8.0.0, statBarHeight: 72, takesScreenshot: true, viewportRect: {height: 2004, left: 0, top: 72, width: 1080}, warnings: {}, webStorageEnabled: false}Session ID: 5fad09d4-eee3-4f45-8ac0-eb062ffa576dat sun.reflect.NativeConstructorAccessorImpl.newInstance0(Native Method)at sun.reflect.NativeConstructorAccessorImpl.newInstance(Unknown Source)at sun.reflect.DelegatingConstructorAccessorImpl.newInstance(Unknown Source)at java.lang.reflect.Constructor.newInstance(Unknown Source)at org.openqa.selenium.remote.ErrorHandler.createThrowable(ErrorHandler.java:214)at org.openqa.selenium.remote.ErrorHandler.throwIfResponseFailed(ErrorHandler.java:166)at org.openqa.selenium.remote.http.JsonHttpResponseCodec.reconstructValue(JsonHttpResponseCodec.java:40)at org.openqa.selenium.remote.http.AbstractHttpResponseCodec.decode(AbstractHttpResponseCodec.java:80)at org.openqa.selenium.remote.http.AbstractHttpResponseCodec.decode(AbstractHttpResponseCodec.java:44)at org.openqa.selenium.remote.HttpCommandExecutor.execute(HttpCommandExecutor.java:158)at io.appium.java_client.remote.AppiumCommandExecutor.execute(AppiumCommandExecutor.java:129)at org.openqa.selenium.remote.RemoteWebDriver.execute(RemoteWebDriver.java:543)at io.appium.java_client.DefaultGenericMobileDriver.execute(DefaultGenericMobileDriver.java:42)at io.appium.java_client.AppiumDriver.execute(AppiumDriver.java:1)at io.appium.java_client.android.AndroidDriver.execute(AndroidDriver.java:1)at io.appium.java_client.AppiumDriver.context(AppiumDriver.java:198)... 21 more]]>
            </full-stacktrace>
          </exception> <!-- io.appium.java_client.NoSuchContextException -->
          <reporter-output>
          </reporter-output>
        </test-method> <!-- loginSalesForce -->
        <test-method status="FAIL" signature="logoutApplication()[pri:0, instance:com.kone.app.tests.testcases.salesforce.SalesforceAuthenticationTests@10db9c65]" name="logoutApplication" is-config="true" duration-ms="24" started-at="2018-08-03T09:53:42Z" finished-at="2018-08-03T09:53:42Z">
          <exception class="org.openqa.selenium.NoSuchElementException">
            <message>
              <![CDATA[no such element: Unable to locate element: {"method":"xpath","selector":"//*[@id='globalHeaderNameMink']/*[@class='zen-selectArrow']"}  (Session info: chrome=68.0.3440.84)  (Driver info: chromedriver=2.40.565498 (ea082db3280dd6843ebfb08a625e3eb905c4f5ab),platform=Windows NT 6.1.7601 SP1 x86_64) (WARNING: The server did not provide any stacktrace information)Command duration or timeout: 0 millisecondsFor documentation on this error, please visit: http://seleniumhq.org/exceptions/no_such_element.htmlBuild info: version: '3.12.0', revision: '7c6e0b3', time: '2018-05-08T14:04:26.12Z'System info: host: '5CG71660NZ', ip: '10.114.127.235', os.name: 'Windows 7', os.arch: 'amd64', os.version: '6.1', java.version: '1.8.0_144'Driver info: org.openqa.selenium.chrome.ChromeDriverCapabilities {acceptInsecureCerts: false, acceptSslCerts: false, applicationCacheEnabled: false, browserConnectionEnabled: false, browserName: chrome, chrome: {chromedriverVersion: 2.40.565498 (ea082db3280dd6..., userDataDir: C:\Users\CON_SV~1\AppData\L...}, cssSelectorsEnabled: true, databaseEnabled: false, handlesAlerts: true, hasTouchScreen: false, javascriptEnabled: true, locationContextEnabled: true, mobileEmulationEnabled: false, nativeEvents: true, networkConnectionEnabled: false, pageLoadStrategy: normal, platform: XP, platformName: XP, rotatable: false, setWindowRect: true, takesHeapSnapshot: true, takesScreenshot: true, unexpectedAlertBehaviour: , unhandledPromptBehavior: , version: 68.0.3440.84, webStorageEnabled: true}Session ID: a436a59547d0d2b185e3b1e269edf0bf*** Element info: {Using=xpath, value=//*[@id='globalHeaderNameMink']/*[@class='zen-selectArrow']}]]>
            </message>
            <full-stacktrace>
              <![CDATA[org.openqa.selenium.NoSuchElementException: no such element: Unable to locate element: {"method":"xpath","selector":"//*[@id='globalHeaderNameMink']/*[@class='zen-selectArrow']"}  (Session info: chrome=68.0.3440.84)  (Driver info: chromedriver=2.40.565498 (ea082db3280dd6843ebfb08a625e3eb905c4f5ab),platform=Windows NT 6.1.7601 SP1 x86_64) (WARNING: The server did not provide any stacktrace information)Command duration or timeout: 0 millisecondsFor documentation on this error, please visit: http://seleniumhq.org/exceptions/no_such_element.htmlBuild info: version: '3.12.0', revision: '7c6e0b3', time: '2018-05-08T14:04:26.12Z'System info: host: '5CG71660NZ', ip: '10.114.127.235', os.name: 'Windows 7', os.arch: 'amd64', os.version: '6.1', java.version: '1.8.0_144'Driver info: org.openqa.selenium.chrome.ChromeDriverCapabilities {acceptInsecureCerts: false, acceptSslCerts: false, applicationCacheEnabled: false, browserConnectionEnabled: false, browserName: chrome, chrome: {chromedriverVersion: 2.40.565498 (ea082db3280dd6..., userDataDir: C:\Users\CON_SV~1\AppData\L...}, cssSelectorsEnabled: true, databaseEnabled: false, handlesAlerts: true, hasTouchScreen: false, javascriptEnabled: true, locationContextEnabled: true, mobileEmulationEnabled: false, nativeEvents: true, networkConnectionEnabled: false, pageLoadStrategy: normal, platform: XP, platformName: XP, rotatable: false, setWindowRect: true, takesHeapSnapshot: true, takesScreenshot: true, unexpectedAlertBehaviour: , unhandledPromptBehavior: , version: 68.0.3440.84, webStorageEnabled: true}Session ID: a436a59547d0d2b185e3b1e269edf0bf*** Element info: {Using=xpath, value=//*[@id='globalHeaderNameMink']/*[@class='zen-selectArrow']}at sun.reflect.NativeConstructorAccessorImpl.newInstance0(Native Method)at sun.reflect.NativeConstructorAccessorImpl.newInstance(Unknown Source)at sun.reflect.DelegatingConstructorAccessorImpl.newInstance(Unknown Source)at java.lang.reflect.Constructor.newInstance(Unknown Source)at org.openqa.selenium.remote.ErrorHandler.createThrowable(ErrorHandler.java:214)at org.openqa.selenium.remote.ErrorHandler.throwIfResponseFailed(ErrorHandler.java:166)at org.openqa.selenium.remote.http.JsonHttpResponseCodec.reconstructValue(JsonHttpResponseCodec.java:40)at org.openqa.selenium.remote.http.AbstractHttpResponseCodec.decode(AbstractHttpResponseCodec.java:80)at org.openqa.selenium.remote.http.AbstractHttpResponseCodec.decode(AbstractHttpResponseCodec.java:44)at org.openqa.selenium.remote.HttpCommandExecutor.execute(HttpCommandExecutor.java:158)at org.openqa.selenium.remote.service.DriverCommandExecutor.execute(DriverCommandExecutor.java:83)at org.openqa.selenium.remote.RemoteWebDriver.execute(RemoteWebDriver.java:543)at org.openqa.selenium.remote.RemoteWebDriver.findElement(RemoteWebDriver.java:317)at org.openqa.selenium.remote.RemoteWebDriver.findElementByXPath(RemoteWebDriver.java:419)at org.openqa.selenium.By$ByXPath.findElement(By.java:353)at org.openqa.selenium.remote.RemoteWebDriver.findElement(RemoteWebDriver.java:309)at com.kone.app.tests.testcases.SalesforceBaseTest.logoutApplication(SalesforceBaseTest.java:69)at sun.reflect.NativeMethodAccessorImpl.invoke0(Native Method)at sun.reflect.NativeMethodAccessorImpl.invoke(Unknown Source)at sun.reflect.DelegatingMethodAccessorImpl.invoke(Unknown Source)at java.lang.reflect.Method.invoke(Unknown Source)at org.testng.internal.MethodInvocationHelper.invokeMethod(MethodInvocationHelper.java:124)at org.testng.internal.MethodInvocationHelper.invokeMethodConsideringTimeout(MethodInvocationHelper.java:59)at org.testng.internal.Invoker.invokeConfigurationMethod(Invoker.java:451)at org.testng.internal.Invoker.invokeConfigurations(Invoker.java:222)at org.testng.internal.Invoker.invokeConfigurations(Invoker.java:142)at org.testng.TestRunner.afterRun(TestRunner.java:725)at org.testng.TestRunner.run(TestRunner.java:509)at org.testng.SuiteRunner.runTest(SuiteRunner.java:455)at org.testng.SuiteRunner.runSequentially(SuiteRunner.java:450)at org.testng.SuiteRunner.privateRun(SuiteRunner.java:415)at org.testng.SuiteRunner.run(SuiteRunner.java:364)at org.testng.SuiteRunnerWorker.runSuite(SuiteRunnerWorker.java:52)at org.testng.SuiteRunnerWorker.run(SuiteRunnerWorker.java:84)at org.testng.TestNG.runSuitesSequentially(TestNG.java:1187)at org.testng.TestNG.runSuitesLocally(TestNG.java:1116)at org.testng.TestNG.runSuites(TestNG.java:1028)at org.testng.TestNG.run(TestNG.java:996)at org.testng.remote.AbstractRemoteTestNG.run(AbstractRemoteTestNG.java:114)at org.testng.remote.RemoteTestNG.initAndRun(RemoteTestNG.java:251)at org.testng.remote.RemoteTestNG.main(RemoteTestNG.java:77)]]>
            </full-stacktrace>
          </exception> <!-- org.openqa.selenium.NoSuchElementException -->
          <reporter-output>
          </reporter-output>
        </test-method> <!-- logoutApplication -->
        <test-method status="FAIL" signature="logoutApplication()[pri:0, instance:com.kone.app.tests.testcases.vbmobile.VbmobileAuthenticationTests@6f48bbde]" name="logoutApplication" is-config="true" duration-ms="231" started-at="2018-08-03T09:53:42Z" finished-at="2018-08-03T09:53:42Z">
          <exception class="org.openqa.selenium.NoSuchElementException">
            <message>
              <![CDATA[An element could not be located on the page using the given search parameters. (WARNING: The server did not provide any stacktrace information)Command duration or timeout: 0 millisecondsFor documentation on this error, please visit: http://seleniumhq.org/exceptions/no_such_element.htmlBuild info: version: '3.12.0', revision: '7c6e0b3', time: '2018-05-08T14:04:26.12Z'System info: host: '5CG71660NZ', ip: '10.114.127.235', os.name: 'Windows 7', os.arch: 'amd64', os.version: '6.1', java.version: '1.8.0_144'Driver info: io.appium.java_client.android.AndroidDriverCapabilities {appActivity: com.kone.MainActivity, appPackage: com.kone.vbmobileTrain, automationName: UiAutomator2, chromedriverExecutable: C:\Users\con_svijay02\mobil..., databaseEnabled: false, desired: {appActivity: com.kone.MainActivity, appPackage: com.kone.vbmobileTrain, automationName: UiAutomator2, chromedriverExecutable: C:\Users\con_svijay02\mobil..., deviceName: My Phone, newCommandTimeout: 1300, noReset: false, platformName: Android}, deviceApiLevel: 26, deviceManufacturer: samsung, deviceModel: SM-G950F, deviceName: ce12171c395d8c3105, deviceScreenDensity: 640, deviceScreenSize: 1440x2960, deviceUDID: ce12171c395d8c3105, javascriptEnabled: true, locationContextEnabled: false, networkConnectionEnabled: true, newCommandTimeout: 1300, noReset: false, pixelRatio: 3, platform: LINUX, platformName: LINUX, platformVersion: 8.0.0, statBarHeight: 72, takesScreenshot: true, viewportRect: {height: 2004, left: 0, top: 72, width: 1080}, warnings: {}, webStorageEnabled: false}Session ID: 5fad09d4-eee3-4f45-8ac0-eb062ffa576d*** Element info: {Using=xpath, value=//*[contains(@aria-label,'Menu')]}]]>
            </message>
            <full-stacktrace>
              <![CDATA[org.openqa.selenium.NoSuchElementException: An element could not be located on the page using the given search parameters. (WARNING: The server did not provide any stacktrace information)Command duration or timeout: 0 millisecondsFor documentation on this error, please visit: http://seleniumhq.org/exceptions/no_such_element.htmlBuild info: version: '3.12.0', revision: '7c6e0b3', time: '2018-05-08T14:04:26.12Z'System info: host: '5CG71660NZ', ip: '10.114.127.235', os.name: 'Windows 7', os.arch: 'amd64', os.version: '6.1', java.version: '1.8.0_144'Driver info: io.appium.java_client.android.AndroidDriverCapabilities {appActivity: com.kone.MainActivity, appPackage: com.kone.vbmobileTrain, automationName: UiAutomator2, chromedriverExecutable: C:\Users\con_svijay02\mobil..., databaseEnabled: false, desired: {appActivity: com.kone.MainActivity, appPackage: com.kone.vbmobileTrain, automationName: UiAutomator2, chromedriverExecutable: C:\Users\con_svijay02\mobil..., deviceName: My Phone, newCommandTimeout: 1300, noReset: false, platformName: Android}, deviceApiLevel: 26, deviceManufacturer: samsung, deviceModel: SM-G950F, deviceName: ce12171c395d8c3105, deviceScreenDensity: 640, deviceScreenSize: 1440x2960, deviceUDID: ce12171c395d8c3105, javascriptEnabled: true, locationContextEnabled: false, networkConnectionEnabled: true, newCommandTimeout: 1300, noReset: false, pixelRatio: 3, platform: LINUX, platformName: LINUX, platformVersion: 8.0.0, statBarHeight: 72, takesScreenshot: true, viewportRect: {height: 2004, left: 0, top: 72, width: 1080}, warnings: {}, webStorageEnabled: false}Session ID: 5fad09d4-eee3-4f45-8ac0-eb062ffa576d*** Element info: {Using=xpath, value=//*[contains(@aria-label,'Menu')]}at sun.reflect.NativeConstructorAccessorImpl.newInstance0(Native Method)at sun.reflect.NativeConstructorAccessorImpl.newInstance(Unknown Source)at sun.reflect.DelegatingConstructorAccessorImpl.newInstance(Unknown Source)at java.lang.reflect.Constructor.newInstance(Unknown Source)at org.openqa.selenium.remote.ErrorHandler.createThrowable(ErrorHandler.java:214)at org.openqa.selenium.remote.ErrorHandler.throwIfResponseFailed(ErrorHandler.java:166)at org.openqa.selenium.remote.http.JsonHttpResponseCodec.reconstructValue(JsonHttpResponseCodec.java:40)at org.openqa.selenium.remote.http.AbstractHttpResponseCodec.decode(AbstractHttpResponseCodec.java:80)at org.openqa.selenium.remote.http.AbstractHttpResponseCodec.decode(AbstractHttpResponseCodec.java:44)at org.openqa.selenium.remote.HttpCommandExecutor.execute(HttpCommandExecutor.java:158)at io.appium.java_client.remote.AppiumCommandExecutor.execute(AppiumCommandExecutor.java:129)at org.openqa.selenium.remote.RemoteWebDriver.execute(RemoteWebDriver.java:543)at io.appium.java_client.DefaultGenericMobileDriver.execute(DefaultGenericMobileDriver.java:42)at io.appium.java_client.AppiumDriver.execute(AppiumDriver.java:1)at io.appium.java_client.android.AndroidDriver.execute(AndroidDriver.java:1)at org.openqa.selenium.remote.RemoteWebDriver.findElement(RemoteWebDriver.java:317)at io.appium.java_client.DefaultGenericMobileDriver.findElement(DefaultGenericMobileDriver.java:62)at io.appium.java_client.AppiumDriver.findElement(AppiumDriver.java:1)at io.appium.java_client.android.AndroidDriver.findElement(AndroidDriver.java:1)at org.openqa.selenium.remote.RemoteWebDriver.findElementByXPath(RemoteWebDriver.java:419)at io.appium.java_client.DefaultGenericMobileDriver.findElementByXPath(DefaultGenericMobileDriver.java:152)at io.appium.java_client.AppiumDriver.findElementByXPath(AppiumDriver.java:1)at io.appium.java_client.android.AndroidDriver.findElementByXPath(AndroidDriver.java:1)at org.openqa.selenium.By$ByXPath.findElement(By.java:353)at org.openqa.selenium.remote.RemoteWebDriver.findElement(RemoteWebDriver.java:309)at io.appium.java_client.DefaultGenericMobileDriver.findElement(DefaultGenericMobileDriver.java:58)at io.appium.java_client.AppiumDriver.findElement(AppiumDriver.java:1)at io.appium.java_client.android.AndroidDriver.findElement(AndroidDriver.java:1)at com.kone.app.pages.vbmobile.SurveyManagerPage.openSideMenu(SurveyManagerPage.java:29)at com.kone.app.tests.testcases.VbmobileBaseTest.logoutApplication(VbmobileBaseTest.java:60)at sun.reflect.NativeMethodAccessorImpl.invoke0(Native Method)at sun.reflect.NativeMethodAccessorImpl.invoke(Unknown Source)at sun.reflect.DelegatingMethodAccessorImpl.invoke(Unknown Source)at java.lang.reflect.Method.invoke(Unknown Source)at org.testng.internal.MethodInvocationHelper.invokeMethod(MethodInvocationHelper.java:124)at org.testng.internal.MethodInvocationHelper.invokeMethodConsideringTimeout(MethodInvocationHelper.java:59)at org.testng.internal.Invoker.invokeConfigurationMethod(Invoker.java:451)at org.testng.internal.Invoker.invokeConfigurations(Invoker.java:222)at org.testng.internal.Invoker.invokeConfigurations(Invoker.java:142)at org.testng.TestRunner.afterRun(TestRunner.java:725)at org.testng.TestRunner.run(TestRunner.java:509)at org.testng.SuiteRunner.runTest(SuiteRunner.java:455)at org.testng.SuiteRunner.runSequentially(SuiteRunner.java:450)at org.testng.SuiteRunner.privateRun(SuiteRunner.java:415)at org.testng.SuiteRunner.run(SuiteRunner.java:364)at org.testng.SuiteRunnerWorker.runSuite(SuiteRunnerWorker.java:52)at org.testng.SuiteRunnerWorker.run(SuiteRunnerWorker.java:84)at org.testng.TestNG.runSuitesSequentially(TestNG.java:1187)at org.testng.TestNG.runSuitesLocally(TestNG.java:1116)at org.testng.TestNG.runSuites(TestNG.java:1028)at org.testng.TestNG.run(TestNG.java:996)at org.testng.remote.AbstractRemoteTestNG.run(AbstractRemoteTestNG.java:114)at org.testng.remote.RemoteTestNG.initAndRun(RemoteTestNG.java:251)at org.testng.remote.RemoteTestNG.main(RemoteTestNG.java:77)]]>
            </full-stacktrace>
          </exception> <!-- org.openqa.selenium.NoSuchElementException -->
          <reporter-output>
          </reporter-output>
        </test-method> <!-- logoutApplication -->
      </class> <!-- com.kone.app.tests.testcases.salesforce.SalesforceAuthenticationTests -->
      <class name="com.kone.app.tests.testcases.vbmobile.VbmobileAuthenticationTests">
        <test-method status="SKIP" signature="loginTest()[pri:0, instance:com.kone.app.tests.testcases.vbmobile.VbmobileAuthenticationTests@6f48bbde]" name="loginTest" duration-ms="0" depends-on-groups="login_salesforce" started-at="2018-08-03T09:53:42Z" finished-at="2018-08-03T09:53:42Z">
          <exception class="java.lang.Throwable">
            <message>
              <![CDATA[Method VbmobileAuthenticationTests.loginTest()[pri:0, instance:com.kone.app.tests.testcases.vbmobile.VbmobileAuthenticationTests@6f48bbde] depends on not successfully finished methods in group "login_salesforce"]]>
            </message>
            <full-stacktrace>
              <![CDATA[java.lang.Throwable: Method VbmobileAuthenticationTests.loginTest()[pri:0, instance:com.kone.app.tests.testcases.vbmobile.VbmobileAuthenticationTests@6f48bbde] depends on not successfully finished methods in group "login_salesforce"at org.testng.internal.Invoker.invokeTestMethods(Invoker.java:878)at org.testng.internal.TestMethodWorker.invokeTestMethods(TestMethodWorker.java:125)at org.testng.internal.TestMethodWorker.run(TestMethodWorker.java:109)at org.testng.TestRunner.privateRun(TestRunner.java:648)at org.testng.TestRunner.run(TestRunner.java:505)at org.testng.SuiteRunner.runTest(SuiteRunner.java:455)at org.testng.SuiteRunner.runSequentially(SuiteRunner.java:450)at org.testng.SuiteRunner.privateRun(SuiteRunner.java:415)at org.testng.SuiteRunner.run(SuiteRunner.java:364)at org.testng.SuiteRunnerWorker.runSuite(SuiteRunnerWorker.java:52)at org.testng.SuiteRunnerWorker.run(SuiteRunnerWorker.java:84)at org.testng.TestNG.runSuitesSequentially(TestNG.java:1187)at org.testng.TestNG.runSuitesLocally(TestNG.java:1116)at org.testng.TestNG.runSuites(TestNG.java:1028)at org.testng.TestNG.run(TestNG.java:996)at org.testng.remote.AbstractRemoteTestNG.run(AbstractRemoteTestNG.java:114)at org.testng.remote.RemoteTestNG.initAndRun(RemoteTestNG.java:251)at org.testng.remote.RemoteTestNG.main(RemoteTestNG.java:77)]]>
            </full-stacktrace>
          </exception> <!-- java.lang.Throwable -->
          <reporter-output>
          </reporter-output>
        </test-method> <!-- loginTest -->
      </class> <!-- com.kone.app.tests.testcases.vbmobile.VbmobileAuthenticationTests -->
      <class name="com.kone.app.tests.testcases.vbmobile.VbmobileSurveyTests">
        <test-method status="SKIP" signature="answerSurveyTest(java.lang.String)[pri:0, instance:com.kone.app.tests.testcases.vbmobile.VbmobileSurveyTests@58f96fef]" name="answerSurveyTest" duration-ms="0" depends-on-groups="vbmobie_login" started-at="2018-08-03T09:53:42Z" finished-at="2018-08-03T09:53:42Z">
          <exception class="java.lang.Throwable">
            <message>
              <![CDATA[Method VbmobileSurveyTests.answerSurveyTest(java.lang.String)[pri:0, instance:com.kone.app.tests.testcases.vbmobile.VbmobileSurveyTests@58f96fef] depends on not successfully finished methods in group "vbmobie_login"]]>
            </message>
            <full-stacktrace>
              <![CDATA[java.lang.Throwable: Method VbmobileSurveyTests.answerSurveyTest(java.lang.String)[pri:0, instance:com.kone.app.tests.testcases.vbmobile.VbmobileSurveyTests@58f96fef] depends on not successfully finished methods in group "vbmobie_login"at org.testng.internal.Invoker.invokeTestMethods(Invoker.java:878)at org.testng.internal.TestMethodWorker.invokeTestMethods(TestMethodWorker.java:125)at org.testng.internal.TestMethodWorker.run(TestMethodWorker.java:109)at org.testng.TestRunner.privateRun(TestRunner.java:648)at org.testng.TestRunner.run(TestRunner.java:505)at org.testng.SuiteRunner.runTest(SuiteRunner.java:455)at org.testng.SuiteRunner.runSequentially(SuiteRunner.java:450)at org.testng.SuiteRunner.privateRun(SuiteRunner.java:415)at org.testng.SuiteRunner.run(SuiteRunner.java:364)at org.testng.SuiteRunnerWorker.runSuite(SuiteRunnerWorker.java:52)at org.testng.SuiteRunnerWorker.run(SuiteRunnerWorker.java:84)at org.testng.TestNG.runSuitesSequentially(TestNG.java:1187)at org.testng.TestNG.runSuitesLocally(TestNG.java:1116)at org.testng.TestNG.runSuites(TestNG.java:1028)at org.testng.TestNG.run(TestNG.java:996)at org.testng.remote.AbstractRemoteTestNG.run(AbstractRemoteTestNG.java:114)at org.testng.remote.RemoteTestNG.initAndRun(RemoteTestNG.java:251)at org.testng.remote.RemoteTestNG.main(RemoteTestNG.java:77)]]>
            </full-stacktrace>
          </exception> <!-- java.lang.Throwable -->
          <reporter-output>
          </reporter-output>
        </test-method> <!-- answerSurveyTest -->
      </class> <!-- com.kone.app.tests.testcases.vbmobile.VbmobileSurveyTests -->
    </test> <!-- Create Survey in Salesforce LIO_Budget, then Answer in VbMobile -->
    <test name="Answer in VbMobile and Link the Survey in Mobile SiteSurvey Run:1" duration-ms="926" started-at="2018-08-03T04:23:42Z" finished-at="2018-08-03T04:23:43Z">
      <class name="com.kone.app.tests.testcases.vbmobile.VbmobileAuthenticationTests">
        <test-method status="SKIP" signature="loginTest()[pri:0, instance:com.kone.app.tests.testcases.vbmobile.VbmobileAuthenticationTests@39cb865d]" name="loginTest" duration-ms="0" started-at="2018-08-03T09:53:42Z" finished-at="2018-08-03T09:53:42Z">
          <exception class="io.appium.java_client.NoSuchContextException">
            <message>
              <![CDATA[No such context found. (WARNING: The server did not provide any stacktrace information)Command duration or timeout: 0 millisecondsBuild info: version: '3.12.0', revision: '7c6e0b3', time: '2018-05-08T14:04:26.12Z'System info: host: '5CG71660NZ', ip: '10.114.127.235', os.name: 'Windows 7', os.arch: 'amd64', os.version: '6.1', java.version: '1.8.0_144'Driver info: io.appium.java_client.android.AndroidDriverCapabilities {appActivity: com.kone.MainActivity, appPackage: com.kone.vbmobileTrain, automationName: UiAutomator2, chromedriverExecutable: C:\Users\con_svijay02\mobil..., databaseEnabled: false, desired: {appActivity: com.kone.MainActivity, appPackage: com.kone.vbmobileTrain, automationName: UiAutomator2, chromedriverExecutable: C:\Users\con_svijay02\mobil..., deviceName: My Phone, newCommandTimeout: 1300, noReset: false, platformName: Android}, deviceApiLevel: 26, deviceManufacturer: samsung, deviceModel: SM-G950F, deviceName: ce12171c395d8c3105, deviceScreenDensity: 640, deviceScreenSize: 1440x2960, deviceUDID: ce12171c395d8c3105, javascriptEnabled: true, locationContextEnabled: false, networkConnectionEnabled: true, newCommandTimeout: 1300, noReset: false, pixelRatio: 3, platform: LINUX, platformName: LINUX, platformVersion: 8.0.0, statBarHeight: 72, takesScreenshot: true, viewportRect: {height: 2004, left: 0, top: 72, width: 1080}, warnings: {}, webStorageEnabled: false}Session ID: 5fad09d4-eee3-4f45-8ac0-eb062ffa576d]]>
            </message>
            <full-stacktrace>
              <![CDATA[io.appium.java_client.NoSuchContextException: No such context found. (WARNING: The server did not provide any stacktrace information)Command duration or timeout: 0 millisecondsBuild info: version: '3.12.0', revision: '7c6e0b3', time: '2018-05-08T14:04:26.12Z'System info: host: '5CG71660NZ', ip: '10.114.127.235', os.name: 'Windows 7', os.arch: 'amd64', os.version: '6.1', java.version: '1.8.0_144'Driver info: io.appium.java_client.android.AndroidDriverCapabilities {appActivity: com.kone.MainActivity, appPackage: com.kone.vbmobileTrain, automationName: UiAutomator2, chromedriverExecutable: C:\Users\con_svijay02\mobil..., databaseEnabled: false, desired: {appActivity: com.kone.MainActivity, appPackage: com.kone.vbmobileTrain, automationName: UiAutomator2, chromedriverExecutable: C:\Users\con_svijay02\mobil..., deviceName: My Phone, newCommandTimeout: 1300, noReset: false, platformName: Android}, deviceApiLevel: 26, deviceManufacturer: samsung, deviceModel: SM-G950F, deviceName: ce12171c395d8c3105, deviceScreenDensity: 640, deviceScreenSize: 1440x2960, deviceUDID: ce12171c395d8c3105, javascriptEnabled: true, locationContextEnabled: false, networkConnectionEnabled: true, newCommandTimeout: 1300, noReset: false, pixelRatio: 3, platform: LINUX, platformName: LINUX, platformVersion: 8.0.0, statBarHeight: 72, takesScreenshot: true, viewportRect: {height: 2004, left: 0, top: 72, width: 1080}, warnings: {}, webStorageEnabled: false}Session ID: 5fad09d4-eee3-4f45-8ac0-eb062ffa576dat io.appium.java_client.AppiumDriver.context(AppiumDriver.java:201)at com.kone.app.tests.testcases.VbmobileBaseTest.getDriver(VbmobileBaseTest.java:42)at sun.reflect.NativeMethodAccessorImpl.invoke0(Native Method)at sun.reflect.NativeMethodAccessorImpl.invoke(Unknown Source)at sun.reflect.DelegatingMethodAccessorImpl.invoke(Unknown Source)at java.lang.reflect.Method.invoke(Unknown Source)at org.testng.internal.MethodInvocationHelper.invokeMethod(MethodInvocationHelper.java:124)at org.testng.internal.MethodInvocationHelper.invokeMethodConsideringTimeout(MethodInvocationHelper.java:59)at org.testng.internal.Invoker.invokeConfigurationMethod(Invoker.java:451)at org.testng.internal.Invoker.invokeConfigurations(Invoker.java:222)at org.testng.internal.Invoker.invokeConfigurations(Invoker.java:142)at org.testng.SuiteRunner.privateRun(SuiteRunner.java:401)at org.testng.SuiteRunner.run(SuiteRunner.java:364)at org.testng.SuiteRunnerWorker.runSuite(SuiteRunnerWorker.java:52)at org.testng.SuiteRunnerWorker.run(SuiteRunnerWorker.java:84)at org.testng.TestNG.runSuitesSequentially(TestNG.java:1187)at org.testng.TestNG.runSuitesLocally(TestNG.java:1116)at org.testng.TestNG.runSuites(TestNG.java:1028)at org.testng.TestNG.run(TestNG.java:996)at org.testng.remote.AbstractRemoteTestNG.run(AbstractRemoteTestNG.java:114)at org.testng.remote.RemoteTestNG.initAndRun(RemoteTestNG.java:251)at org.testng.remote.RemoteTestNG.main(RemoteTestNG.java:77)Caused by: org.openqa.selenium.WebDriverException: No such context found. (WARNING: The server did not provide any stacktrace information)Command duration or timeout: 0 millisecondsBuild info: version: '3.12.0', revision: '7c6e0b3', time: '2018-05-08T14:04:26.12Z'System info: host: '5CG71660NZ', ip: '10.114.127.235', os.name: 'Windows 7', os.arch: 'amd64', os.version: '6.1', java.version: '1.8.0_144'Driver info: io.appium.java_client.android.AndroidDriverCapabilities {appActivity: com.kone.MainActivity, appPackage: com.kone.vbmobileTrain, automationName: UiAutomator2, chromedriverExecutable: C:\Users\con_svijay02\mobil..., databaseEnabled: false, desired: {appActivity: com.kone.MainActivity, appPackage: com.kone.vbmobileTrain, automationName: UiAutomator2, chromedriverExecutable: C:\Users\con_svijay02\mobil..., deviceName: My Phone, newCommandTimeout: 1300, noReset: false, platformName: Android}, deviceApiLevel: 26, deviceManufacturer: samsung, deviceModel: SM-G950F, deviceName: ce12171c395d8c3105, deviceScreenDensity: 640, deviceScreenSize: 1440x2960, deviceUDID: ce12171c395d8c3105, javascriptEnabled: true, locationContextEnabled: false, networkConnectionEnabled: true, newCommandTimeout: 1300, noReset: false, pixelRatio: 3, platform: LINUX, platformName: LINUX, platformVersion: 8.0.0, statBarHeight: 72, takesScreenshot: true, viewportRect: {height: 2004, left: 0, top: 72, width: 1080}, warnings: {}, webStorageEnabled: false}Session ID: 5fad09d4-eee3-4f45-8ac0-eb062ffa576dat sun.reflect.NativeConstructorAccessorImpl.newInstance0(Native Method)at sun.reflect.NativeConstructorAccessorImpl.newInstance(Unknown Source)at sun.reflect.DelegatingConstructorAccessorImpl.newInstance(Unknown Source)at java.lang.reflect.Constructor.newInstance(Unknown Source)at org.openqa.selenium.remote.ErrorHandler.createThrowable(ErrorHandler.java:214)at org.openqa.selenium.remote.ErrorHandler.throwIfResponseFailed(ErrorHandler.java:166)at org.openqa.selenium.remote.http.JsonHttpResponseCodec.reconstructValue(JsonHttpResponseCodec.java:40)at org.openqa.selenium.remote.http.AbstractHttpResponseCodec.decode(AbstractHttpResponseCodec.java:80)at org.openqa.selenium.remote.http.AbstractHttpResponseCodec.decode(AbstractHttpResponseCodec.java:44)at org.openqa.selenium.remote.HttpCommandExecutor.execute(HttpCommandExecutor.java:158)at io.appium.java_client.remote.AppiumCommandExecutor.execute(AppiumCommandExecutor.java:129)at org.openqa.selenium.remote.RemoteWebDriver.execute(RemoteWebDriver.java:543)at io.appium.java_client.DefaultGenericMobileDriver.execute(DefaultGenericMobileDriver.java:42)at io.appium.java_client.AppiumDriver.execute(AppiumDriver.java:1)at io.appium.java_client.android.AndroidDriver.execute(AndroidDriver.java:1)at io.appium.java_client.AppiumDriver.context(AppiumDriver.java:198)... 21 more]]>
            </full-stacktrace>
          </exception> <!-- io.appium.java_client.NoSuchContextException -->
          <reporter-output>
          </reporter-output>
        </test-method> <!-- loginTest -->
      </class> <!-- com.kone.app.tests.testcases.vbmobile.VbmobileAuthenticationTests -->
      <class name="com.kone.app.tests.testcases.salesforce.SalesforceSurveytoLinkOpportunity">
        <test-method status="SKIP" signature="loginSalesForce(java.lang.String)[pri:0, instance:com.kone.app.tests.testcases.salesforce.SalesforceSurveytoLinkOpportunity@397c53e7]" name="loginSalesForce" duration-ms="0" depends-on-groups="vbmobie_surveytolink" started-at="2018-08-03T09:53:42Z" finished-at="2018-08-03T09:53:42Z">
          <exception class="java.lang.Throwable">
            <message>
              <![CDATA[Method SalesforceSurveytoLinkOpportunity.loginSalesForce(java.lang.String)[pri:0, instance:com.kone.app.tests.testcases.salesforce.SalesforceSurveytoLinkOpportunity@397c53e7] depends on not successfully finished methods in group "vbmobie_surveytolink"]]>
            </message>
            <full-stacktrace>
              <![CDATA[java.lang.Throwable: Method SalesforceSurveytoLinkOpportunity.loginSalesForce(java.lang.String)[pri:0, instance:com.kone.app.tests.testcases.salesforce.SalesforceSurveytoLinkOpportunity@397c53e7] depends on not successfully finished methods in group "vbmobie_surveytolink"at org.testng.internal.Invoker.invokeTestMethods(Invoker.java:878)at org.testng.internal.TestMethodWorker.invokeTestMethods(TestMethodWorker.java:125)at org.testng.internal.TestMethodWorker.run(TestMethodWorker.java:109)at org.testng.TestRunner.privateRun(TestRunner.java:648)at org.testng.TestRunner.run(TestRunner.java:505)at org.testng.SuiteRunner.runTest(SuiteRunner.java:455)at org.testng.SuiteRunner.runSequentially(SuiteRunner.java:450)at org.testng.SuiteRunner.privateRun(SuiteRunner.java:415)at org.testng.SuiteRunner.run(SuiteRunner.java:364)at org.testng.SuiteRunnerWorker.runSuite(SuiteRunnerWorker.java:52)at org.testng.SuiteRunnerWorker.run(SuiteRunnerWorker.java:84)at org.testng.TestNG.runSuitesSequentially(TestNG.java:1187)at org.testng.TestNG.runSuitesLocally(TestNG.java:1116)at org.testng.TestNG.runSuites(TestNG.java:1028)at org.testng.TestNG.run(TestNG.java:996)at org.testng.remote.AbstractRemoteTestNG.run(AbstractRemoteTestNG.java:114)at org.testng.remote.RemoteTestNG.initAndRun(RemoteTestNG.java:251)at org.testng.remote.RemoteTestNG.main(RemoteTestNG.java:77)]]>
            </full-stacktrace>
          </exception> <!-- java.lang.Throwable -->
          <reporter-output>
          </reporter-output>
        </test-method> <!-- loginSalesForce -->
        <test-method status="SKIP" signature="loginSiteSurvey(java.lang.String)[pri:0, instance:com.kone.app.tests.testcases.salesforce.SalesforceSurveytoLinkOpportunity@397c53e7]" name="loginSiteSurvey" duration-ms="0" depends-on-groups="linkSurveytoSalesforce" started-at="2018-08-03T09:53:42Z" finished-at="2018-08-03T09:53:42Z">
          <exception class="java.lang.Throwable">
            <message>
              <![CDATA[Method SalesforceSurveytoLinkOpportunity.loginSiteSurvey(java.lang.String)[pri:0, instance:com.kone.app.tests.testcases.salesforce.SalesforceSurveytoLinkOpportunity@397c53e7] depends on not successfully finished methods in group "linkSurveytoSalesforce"]]>
            </message>
            <full-stacktrace>
              <![CDATA[java.lang.Throwable: Method SalesforceSurveytoLinkOpportunity.loginSiteSurvey(java.lang.String)[pri:0, instance:com.kone.app.tests.testcases.salesforce.SalesforceSurveytoLinkOpportunity@397c53e7] depends on not successfully finished methods in group "linkSurveytoSalesforce"at org.testng.internal.Invoker.invokeTestMethods(Invoker.java:878)at org.testng.internal.TestMethodWorker.invokeTestMethods(TestMethodWorker.java:125)at org.testng.internal.TestMethodWorker.run(TestMethodWorker.java:109)at org.testng.TestRunner.privateRun(TestRunner.java:648)at org.testng.TestRunner.run(TestRunner.java:505)at org.testng.SuiteRunner.runTest(SuiteRunner.java:455)at org.testng.SuiteRunner.runSequentially(SuiteRunner.java:450)at org.testng.SuiteRunner.privateRun(SuiteRunner.java:415)at org.testng.SuiteRunner.run(SuiteRunner.java:364)at org.testng.SuiteRunnerWorker.runSuite(SuiteRunnerWorker.java:52)at org.testng.SuiteRunnerWorker.run(SuiteRunnerWorker.java:84)at org.testng.TestNG.runSuitesSequentially(TestNG.java:1187)at org.testng.TestNG.runSuitesLocally(TestNG.java:1116)at org.testng.TestNG.runSuites(TestNG.java:1028)at org.testng.TestNG.run(TestNG.java:996)at org.testng.remote.AbstractRemoteTestNG.run(AbstractRemoteTestNG.java:114)at org.testng.remote.RemoteTestNG.initAndRun(RemoteTestNG.java:251)at org.testng.remote.RemoteTestNG.main(RemoteTestNG.java:77)]]>
            </full-stacktrace>
          </exception> <!-- java.lang.Throwable -->
          <reporter-output>
          </reporter-output>
        </test-method> <!-- loginSiteSurvey -->
        <test-method status="FAIL" signature="logoutApplication()[pri:0, instance:com.kone.app.tests.testcases.salesforce.SalesforceSurveytoLinkOpportunity@397c53e7]" name="logoutApplication" is-config="true" duration-ms="24" started-at="2018-08-03T09:53:42Z" finished-at="2018-08-03T09:53:43Z">
          <exception class="org.openqa.selenium.NoSuchElementException">
            <message>
              <![CDATA[no such element: Unable to locate element: {"method":"xpath","selector":"//*[@id='globalHeaderNameMink']/*[@class='zen-selectArrow']"}  (Session info: chrome=68.0.3440.84)  (Driver info: chromedriver=2.40.565498 (ea082db3280dd6843ebfb08a625e3eb905c4f5ab),platform=Windows NT 6.1.7601 SP1 x86_64) (WARNING: The server did not provide any stacktrace information)Command duration or timeout: 0 millisecondsFor documentation on this error, please visit: http://seleniumhq.org/exceptions/no_such_element.htmlBuild info: version: '3.12.0', revision: '7c6e0b3', time: '2018-05-08T14:04:26.12Z'System info: host: '5CG71660NZ', ip: '10.114.127.235', os.name: 'Windows 7', os.arch: 'amd64', os.version: '6.1', java.version: '1.8.0_144'Driver info: org.openqa.selenium.chrome.ChromeDriverCapabilities {acceptInsecureCerts: false, acceptSslCerts: false, applicationCacheEnabled: false, browserConnectionEnabled: false, browserName: chrome, chrome: {chromedriverVersion: 2.40.565498 (ea082db3280dd6..., userDataDir: C:\Users\CON_SV~1\AppData\L...}, cssSelectorsEnabled: true, databaseEnabled: false, handlesAlerts: true, hasTouchScreen: false, javascriptEnabled: true, locationContextEnabled: true, mobileEmulationEnabled: false, nativeEvents: true, networkConnectionEnabled: false, pageLoadStrategy: normal, platform: XP, platformName: XP, rotatable: false, setWindowRect: true, takesHeapSnapshot: true, takesScreenshot: true, unexpectedAlertBehaviour: , unhandledPromptBehavior: , version: 68.0.3440.84, webStorageEnabled: true}Session ID: a436a59547d0d2b185e3b1e269edf0bf*** Element info: {Using=xpath, value=//*[@id='globalHeaderNameMink']/*[@class='zen-selectArrow']}]]>
            </message>
            <full-stacktrace>
[...]
            </message>
            <full-stacktrace>
              <![CDATA[org.openqa.selenium.NoSuchElementException: no such element: Unable to locate element: {"method":"xpath","selector":"//*[@id='globalHeaderNameMink']/*[@class='zen-selectArrow']"}  (Session info: chrome=68.0.3440.84)  (Driver info: chromedriver=2.40.565498 (ea082db3280dd6843ebfb08a625e3eb905c4f5ab),platform=Windows NT 6.1.7601 SP1 x86_64) (WARNING: The server did not provide any stacktrace information)Command duration or timeout: 0 millisecondsFor documentation on this error, please visit: http://seleniumhq.org/exceptions/no_such_element.htmlBuild info: version: '3.12.0', revision: '7c6e0b3', time: '2018-05-08T14:04:26.12Z'System info: host: '5CG71660NZ', ip: '10.114.127.235', os.name: 'Windows 7', os.arch: 'amd64', os.version: '6.1', java.version: '1.8.0_144'Driver info: org.openqa.selenium.chrome.ChromeDriverCapabilities {acceptInsecureCerts: false, acceptSslCerts: false, applicationCacheEnabled: false, browserConnectionEnabled: false, browserName: chrome, chrome: {chromedriverVersion: 2.40.565498 (ea082db3280dd6..., userDataDir: C:\Users\CON_SV~1\AppData\L...}, cssSelectorsEnabled: true, databaseEnabled: false, handlesAlerts: true, hasTouchScreen: false, javascriptEnabled: true, locationContextEnabled: true, mobileEmulationEnabled: false, nativeEvents: true, networkConnectionEnabled: false, pageLoadStrategy: normal, platform: XP, platformName: XP, rotatable: false, setWindowRect: true, takesHeapSnapshot: true, takesScreenshot: true, unexpectedAlertBehaviour: , unhandledPromptBehavior: , version: 68.0.3440.84, webStorageEnabled: true}Session ID: a436a59547d0d2b185e3b1e269edf0bf*** Element info: {Using=xpath, value=//*[@id='globalHeaderNameMink']/*[@class='zen-selectArrow']}at sun.reflect.NativeConstructorAccessorImpl.newInstance0(Native Method)at sun.reflect.NativeConstructorAccessorImpl.newInstance(Unknown Source)at sun.reflect.DelegatingConstructorAccessorImpl.newInstance(Unknown Source)at java.lang.reflect.Constructor.newInstance(Unknown Source)at org.openqa.selenium.remote.ErrorHandler.createThrowable(ErrorHandler.java:214)at org.openqa.selenium.remote.ErrorHandler.throwIfResponseFailed(ErrorHandler.java:166)at org.openqa.selenium.remote.http.JsonHttpResponseCodec.reconstructValue(JsonHttpResponseCodec.java:40)at org.openqa.selenium.remote.http.AbstractHttpResponseCodec.decode(AbstractHttpResponseCodec.java:80)at org.openqa.selenium.remote.http.AbstractHttpResponseCodec.decode(AbstractHttpResponseCodec.java:44)at org.openqa.selenium.remote.HttpCommandExecutor.execute(HttpCommandExecutor.java:158)at org.openqa.selenium.remote.service.DriverCommandExecutor.execute(DriverCommandExecutor.java:83)at org.openqa.selenium.remote.RemoteWebDriver.execute(RemoteWebDriver.java:543)at org.openqa.selenium.remote.RemoteWebDriver.findElement(RemoteWebDriver.java:317)at org.openqa.selenium.remote.RemoteWebDriver.findElementByXPath(RemoteWebDriver.java:419)at org.openqa.selenium.By$ByXPath.findElement(By.java:353)at org.openqa.selenium.remote.RemoteWebDriver.findElement(RemoteWebDriver.java:309)at com.kone.app.tests.testcases.SalesforceBaseTest.logoutApplication(SalesforceBaseTest.java:69)at sun.reflect.NativeMethodAccessorImpl.invoke0(Native Method)at sun.reflect.NativeMethodAccessorImpl.invoke(Unknown Source)at sun.reflect.DelegatingMethodAccessorImpl.invoke(Unknown Source)at java.lang.reflect.Method.invoke(Unknown Source)at org.testng.internal.MethodInvocationHelper.invokeMethod(MethodInvocationHelper.java:124)at org.testng.internal.MethodInvocationHelper.invokeMethodConsideringTimeout(MethodInvocationHelper.java:59)at org.testng.internal.Invoker.invokeConfigurationMethod(Invoker.java:451)at org.testng.internal.Invoker.invokeConfigurations(Invoker.java:222)at org.testng.internal.Invoker.invokeConfigurations(Invoker.java:142)at org.testng.TestRunner.afterRun(TestRunner.java:725)at org.testng.TestRunner.run(TestRunner.java:509)at org.testng.SuiteRunner.runTest(SuiteRunner.java:455)at org.testng.SuiteRunner.runSequentially(SuiteRunner.java:450)at org.testng.SuiteRunner.privateRun(SuiteRunner.java:415)at org.testng.SuiteRunner.run(SuiteRunner.java:364)at org.testng.SuiteRunnerWorker.runSuite(SuiteRunnerWorker.java:52)at org.testng.SuiteRunnerWorker.run(SuiteRunnerWorker.java:84)at org.testng.TestNG.runSuitesSequentially(TestNG.java:1187)at org.testng.TestNG.runSuitesLocally(TestNG.java:1116)at org.testng.TestNG.runSuites(TestNG.java:1028)at org.testng.TestNG.run(TestNG.java:996)at org.testng.remote.AbstractRemoteTestNG.run(AbstractRemoteTestNG.java:114)at org.testng.remote.RemoteTestNG.initAndRun(RemoteTestNG.java:251)at org.testng.remote.RemoteTestNG.main(RemoteTestNG.java:77)]]>
            </full-stacktrace>
          </exception> <!-- org.openqa.selenium.NoSuchElementException -->
          <reporter-output>
          </reporter-output>
        </test-method> <!-- logoutApplication -->
        <test-method status="FAIL" signature="logoutApplication()[pri:0, instance:com.kone.app.tests.testcases.vbmobile.VbmobileAuthenticationTests@38d0b1d2]" name="logoutApplication" is-config="true" duration-ms="188" started-at="2018-08-03T09:53:44Z" finished-at="2018-08-03T09:53:44Z">
          <exception class="org.openqa.selenium.NoSuchElementException">
            <message>
              <![CDATA[An element could not be located on the page using the given search parameters. (WARNING: The server did not provide any stacktrace information)Command duration or timeout: 0 millisecondsFor documentation on this error, please visit: http://seleniumhq.org/exceptions/no_such_element.htmlBuild info: version: '3.12.0', revision: '7c6e0b3', time: '2018-05-08T14:04:26.12Z'System info: host: '5CG71660NZ', ip: '10.114.127.235', os.name: 'Windows 7', os.arch: 'amd64', os.version: '6.1', java.version: '1.8.0_144'Driver info: io.appium.java_client.android.AndroidDriverCapabilities {appActivity: com.kone.MainActivity, appPackage: com.kone.vbmobileTrain, automationName: UiAutomator2, chromedriverExecutable: C:\Users\con_svijay02\mobil..., databaseEnabled: false, desired: {appActivity: com.kone.MainActivity, appPackage: com.kone.vbmobileTrain, automationName: UiAutomator2, chromedriverExecutable: C:\Users\con_svijay02\mobil..., deviceName: My Phone, newCommandTimeout: 1300, noReset: false, platformName: Android}, deviceApiLevel: 26, deviceManufacturer: samsung, deviceModel: SM-G950F, deviceName: ce12171c395d8c3105, deviceScreenDensity: 640, deviceScreenSize: 1440x2960, deviceUDID: ce12171c395d8c3105, javascriptEnabled: true, locationContextEnabled: false, networkConnectionEnabled: true, newCommandTimeout: 1300, noReset: false, pixelRatio: 3, platform: LINUX, platformName: LINUX, platformVersion: 8.0.0, statBarHeight: 72, takesScreenshot: true, viewportRect: {height: 2004, left: 0, top: 72, width: 1080}, warnings: {}, webStorageEnabled: false}Session ID: 5fad09d4-eee3-4f45-8ac0-eb062ffa576d*** Element info: {Using=xpath, value=//*[contains(@aria-label,'Menu')]}]]>
            </message>
            <full-stacktrace>
              <![CDATA[org.openqa.selenium.NoSuchElementException: An element could not be located on the page using the given search parameters. (WARNING: The server did not provide any stacktrace information)Command duration or timeout: 0 millisecondsFor documentation on this error, please visit: http://seleniumhq.org/exceptions/no_such_element.htmlBuild info: version: '3.12.0', revision: '7c6e0b3', time: '2018-05-08T14:04:26.12Z'System info: host: '5CG71660NZ', ip: '10.114.127.235', os.name: 'Windows 7', os.arch: 'amd64', os.version: '6.1', java.version: '1.8.0_144'Driver info: io.appium.java_client.android.AndroidDriverCapabilities {appActivity: com.kone.MainActivity, appPackage: com.kone.vbmobileTrain, automationName: UiAutomator2, chromedriverExecutable: C:\Users\con_svijay02\mobil..., databaseEnabled: false, desired: {appActivity: com.kone.MainActivity, appPackage: com.kone.vbmobileTrain, automationName: UiAutomator2, chromedriverExecutable: C:\Users\con_svijay02\mobil..., deviceName: My Phone, newCommandTimeout: 1300, noReset: false, platformName: Android}, deviceApiLevel: 26, deviceManufacturer: samsung, deviceModel: SM-G950F, deviceName: ce12171c395d8c3105, deviceScreenDensity: 640, deviceScreenSize: 1440x2960, deviceUDID: ce12171c395d8c3105, javascriptEnabled: true, locationContextEnabled: false, networkConnectionEnabled: true, newCommandTimeout: 1300, noReset: false, pixelRatio: 3, platform: LINUX, platformName: LINUX, platformVersion: 8.0.0, statBarHeight: 72, takesScreenshot: true, viewportRect: {height: 2004, left: 0, top: 72, width: 1080}, warnings: {}, webStorageEnabled: false}Session ID: 5fad09d4-eee3-4f45-8ac0-eb062ffa576d*** Element info: {Using=xpath, value=//*[contains(@aria-label,'Menu')]}at sun.reflect.NativeConstructorAccessorImpl.newInstance0(Native Method)at sun.reflect.NativeConstructorAccessorImpl.newInstance(Unknown Source)at sun.reflect.DelegatingConstructorAccessorImpl.newInstance(Unknown Source)at java.lang.reflect.Constructor.newInstance(Unknown Source)at org.openqa.selenium.remote.ErrorHandler.createThrowable(ErrorHandler.java:214)at org.openqa.selenium.remote.ErrorHandler.throwIfResponseFailed(ErrorHandler.java:166)at org.openqa.selenium.remote.http.JsonHttpResponseCodec.reconstructValue(JsonHttpResponseCodec.java:40)at org.openqa.selenium.remote.http.AbstractHttpResponseCodec.decode(AbstractHttpResponseCodec.java:80)at org.openqa.selenium.remote.http.AbstractHttpResponseCodec.decode(AbstractHttpResponseCodec.java:44)at org.openqa.selenium.remote.HttpCommandExecutor.execute(HttpCommandExecutor.java:158)at io.appium.java_client.remote.AppiumCommandExecutor.execute(AppiumCommandExecutor.java:129)at org.openqa.selenium.remote.RemoteWebDriver.execute(RemoteWebDriver.java:543)at io.appium.java_client.DefaultGenericMobileDriver.execute(DefaultGenericMobileDriver.java:42)at io.appium.java_client.AppiumDriver.execute(AppiumDriver.java:1)at io.appium.java_client.android.AndroidDriver.execute(AndroidDriver.java:1)at org.openqa.selenium.remote.RemoteWebDriver.findElement(RemoteWebDriver.java:317)at io.appium.java_client.DefaultGenericMobileDriver.findElement(DefaultGenericMobileDriver.java:62)at io.appium.java_client.AppiumDriver.findElement(AppiumDriver.java:1)at io.appium.java_client.android.AndroidDriver.findElement(AndroidDriver.java:1)at org.openqa.selenium.remote.RemoteWebDriver.findElementByXPath(RemoteWebDriver.java:419)at io.appium.java_client.DefaultGenericMobileDriver.findElementByXPath(DefaultGenericMobileDriver.java:152)at io.appium.java_client.AppiumDriver.findElementByXPath(AppiumDriver.java:1)at io.appium.java_client.android.AndroidDriver.findElementByXPath(AndroidDriver.java:1)at org.openqa.selenium.By$ByXPath.findElement(By.java:353)at org.openqa.selenium.remote.RemoteWebDriver.findElement(RemoteWebDriver.java:309)at io.appium.java_client.DefaultGenericMobileDriver.findElement(DefaultGenericMobileDriver.java:58)at io.appium.java_client.AppiumDriver.findElement(AppiumDriver.java:1)at io.appium.java_client.android.AndroidDriver.findElement(AndroidDriver.java:1)at com.kone.app.pages.vbmobile.SurveyManagerPage.openSideMenu(SurveyManagerPage.java:29)at com.kone.app.tests.testcases.VbmobileBaseTest.logoutApplication(VbmobileBaseTest.java:60)at sun.reflect.NativeMethodAccessorImpl.invoke0(Native Method)at sun.reflect.NativeMethodAccessorImpl.invoke(Unknown Source)at sun.reflect.DelegatingMethodAccessorImpl.invoke(Unknown Source)at java.lang.reflect.Method.invoke(Unknown Source)at org.testng.internal.MethodInvocationHelper.invokeMethod(MethodInvocationHelper.java:124)at org.testng.internal.MethodInvocationHelper.invokeMethodConsideringTimeout(MethodInvocationHelper.java:59)at org.testng.internal.Invoker.invokeConfigurationMethod(Invoker.java:451)at org.testng.internal.Invoker.invokeConfigurations(Invoker.java:222)at org.testng.internal.Invoker.invokeConfigurations(Invoker.java:142)at org.testng.TestRunner.afterRun(TestRunner.java:725)at org.testng.TestRunner.run(TestRunner.java:509)at org.testng.SuiteRunner.runTest(SuiteRunner.java:455)at org.testng.SuiteRunner.runSequentially(SuiteRunner.java:450)at org.testng.SuiteRunner.privateRun(SuiteRunner.java:415)at org.testng.SuiteRunner.run(SuiteRunner.java:364)at org.testng.SuiteRunnerWorker.runSuite(SuiteRunnerWorker.java:52)at org.testng.SuiteRunnerWorker.run(SuiteRunnerWorker.java:84)at org.testng.TestNG.runSuitesSequentially(TestNG.java:1187)at org.testng.TestNG.runSuitesLocally(TestNG.java:1116)at org.testng.TestNG.runSuites(TestNG.java:1028)at org.testng.TestNG.run(TestNG.java:996)at org.testng.remote.AbstractRemoteTestNG.run(AbstractRemoteTestNG.java:114)at org.testng.remote.RemoteTestNG.initAndRun(RemoteTestNG.java:251)at org.testng.remote.RemoteTestNG.main(RemoteTestNG.java:77)]]>
            </full-stacktrace>
          </exception> <!-- org.openqa.selenium.NoSuchElementException -->
          <reporter-output>
          </reporter-output>
        </test-method> <!-- logoutApplication -->
        <test-method status="PASS" signature="closeWebdriver()[pri:0, instance:com.kone.app.tests.testcases.salesforce.SalesforceAuthenticationTests@15c55ab5]" name="closeWebdriver" is-config="true" duration-ms="63" started-at="2018-08-03T09:53:44Z" finished-at="2018-08-03T09:53:44Z">
          <reporter-output>
          </reporter-output>
        </test-method> <!-- closeWebdriver -->
        <test-method status="PASS" signature="stopApiumServer()[pri:0, instance:com.kone.app.tests.testcases.vbmobile.VbmobileAuthenticationTests@38d0b1d2]" name="stopApiumServer" is-config="true" duration-ms="60" started-at="2018-08-03T09:53:44Z" finished-at="2018-08-03T09:53:44Z">
          <reporter-output>
          </reporter-output>
        </test-method> <!-- stopApiumServer -->
      </class> <!-- com.kone.app.tests.testcases.salesforce.SalesforceAuthenticationTests -->
      <class name="com.kone.app.tests.testcases.vbmobile.VbmobileAuthenticationTests">
        <test-method status="SKIP" signature="loginTest()[pri:0, instance:com.kone.app.tests.testcases.vbmobile.VbmobileAuthenticationTests@38d0b1d2]" name="loginTest" duration-ms="0" depends-on-groups="login_salesforce" started-at="2018-08-03T09:53:44Z" finished-at="2018-08-03T09:53:44Z">
          <exception class="java.lang.Throwable">
            <message>
              <![CDATA[Method VbmobileAuthenticationTests.loginTest()[pri:0, instance:com.kone.app.tests.testcases.vbmobile.VbmobileAuthenticationTests@38d0b1d2] depends on not successfully finished methods in group "login_salesforce"]]>
            </message>
            <full-stacktrace>
              <![CDATA[java.lang.Throwable: Method VbmobileAuthenticationTests.loginTest()[pri:0, instance:com.kone.app.tests.testcases.vbmobile.VbmobileAuthenticationTests@38d0b1d2] depends on not successfully finished methods in group "login_salesforce"at org.testng.internal.Invoker.invokeTestMethods(Invoker.java:878)at org.testng.internal.TestMethodWorker.invokeTestMethods(TestMethodWorker.java:125)at org.testng.internal.TestMethodWorker.run(TestMethodWorker.java:109)at org.testng.TestRunner.privateRun(TestRunner.java:648)at org.testng.TestRunner.run(TestRunner.java:505)at org.testng.SuiteRunner.runTest(SuiteRunner.java:455)at org.testng.SuiteRunner.runSequentially(SuiteRunner.java:450)at org.testng.SuiteRunner.privateRun(SuiteRunner.java:415)at org.testng.SuiteRunner.run(SuiteRunner.java:364)at org.testng.SuiteRunnerWorker.runSuite(SuiteRunnerWorker.java:52)at org.testng.SuiteRunnerWorker.run(SuiteRunnerWorker.java:84)at org.testng.TestNG.runSuitesSequentially(TestNG.java:1187)at org.testng.TestNG.runSuitesLocally(TestNG.java:1116)at org.testng.TestNG.runSuites(TestNG.java:1028)at org.testng.TestNG.run(TestNG.java:996)at org.testng.remote.AbstractRemoteTestNG.run(AbstractRemoteTestNG.java:114)at org.testng.remote.RemoteTestNG.initAndRun(RemoteTestNG.java:251)at org.testng.remote.RemoteTestNG.main(RemoteTestNG.java:77)]]>
            </full-stacktrace>
          </exception> <!-- java.lang.Throwable -->
          <reporter-output>
          </reporter-output>
        </test-method> <!-- loginTest -->
      </class> <!-- com.kone.app.tests.testcases.vbmobile.VbmobileAuthenticationTests -->
      <class name="com.kone.app.tests.testcases.vbmobile.VbmobileSurveyTests">
        <test-method status="SKIP" signature="answerSurveyTest(java.lang.String)[pri:0, instance:com.kone.app.tests.testcases.vbmobile.VbmobileSurveyTests@765eb017]" name="answerSurveyTest" duration-ms="0" depends-on-groups="vbmobie_login" started-at="2018-08-03T09:53:44Z" finished-at="2018-08-03T09:53:44Z">
          <exception class="java.lang.Throwable">
            <message>
              <![CDATA[Method VbmobileSurveyTests.answerSurveyTest(java.lang.String)[pri:0, instance:com.kone.app.tests.testcases.vbmobile.VbmobileSurveyTests@765eb017] depends on not successfully finished methods in group "vbmobie_login"]]>
            </message>
            <full-stacktrace>
              <![CDATA[java.lang.Throwable: Method VbmobileSurveyTests.answerSurveyTest(java.lang.String)[pri:0, instance:com.kone.app.tests.testcases.vbmobile.VbmobileSurveyTests@765eb017] depends on not successfully finished methods in group "vbmobie_login"at org.testng.internal.Invoker.invokeTestMethods(Invoker.java:878)at org.testng.internal.TestMethodWorker.invokeTestMethods(TestMethodWorker.java:125)at org.testng.internal.TestMethodWorker.run(TestMethodWorker.java:109)at org.testng.TestRunner.privateRun(TestRunner.java:648)at org.testng.TestRunner.run(TestRunner.java:505)at org.testng.SuiteRunner.runTest(SuiteRunner.java:455)at org.testng.SuiteRunner.runSequentially(SuiteRunner.java:450)at org.testng.SuiteRunner.privateRun(SuiteRunner.java:415)at org.testng.SuiteRunner.run(SuiteRunner.java:364)at org.testng.SuiteRunnerWorker.runSuite(SuiteRunnerWorker.java:52)at org.testng.SuiteRunnerWorker.run(SuiteRunnerWorker.java:84)at org.testng.TestNG.runSuitesSequentially(TestNG.java:1187)at org.testng.TestNG.runSuitesLocally(TestNG.java:1116)at org.testng.TestNG.runSuites(TestNG.java:1028)at org.testng.TestNG.run(TestNG.java:996)at org.testng.remote.AbstractRemoteTestNG.run(AbstractRemoteTestNG.java:114)at org.testng.remote.RemoteTestNG.initAndRun(RemoteTestNG.java:251)at org.testng.remote.RemoteTestNG.main(RemoteTestNG.java:77)]]>
            </full-stacktrace>
          </exception> <!-- java.lang.Throwable -->
          <reporter-output>
          </reporter-output>
        </test-method> <!-- answerSurveyTest -->
      </class> <!-- com.kone.app.tests.testcases.vbmobile.VbmobileSurveyTests -->
    </test> <!-- Create Survey in Salesforce LIS_Budget, then Answer in VbMobile -->
  </suite> <!-- Mobile Site Survey End-to-End Test -->
</testng-results>
