<?xml version="1.0" encoding="UTF-8"?>
<testng-results skipped="8" failed="0" ignored="6" total="14" passed="0">
  <reporter-output>
  </reporter-output>
  <suite name="Mobile Site Survey Test Automation" duration-ms="1389" started-at="2018-09-12T11:12:05Z" finished-at="2018-09-12T11:12:07Z">
    <groups>
      <group name="linkSurveytoSitefromSalesforce">
        <method signature="SalesforceSurveytoLinkOpportunity.loginSiteSurvey(java.lang.String)[pri:0, instance:com.kone.app.tests.testcases.salesforce.SalesforceSurveytoLinkOpportunity@6b42a12c]" name="loginSiteSurvey" class="com.kone.app.tests.testcases.salesforce.SalesforceSurveytoLinkOpportunity"/>
        <method signature="SalesforceSurveytoLinkOpportunity.loginSiteSurvey(java.lang.String)[pri:0, instance:com.kone.app.tests.testcases.salesforce.SalesforceSurveytoLinkOpportunity@60754a42]" name="loginSiteSurvey" class="com.kone.app.tests.testcases.salesforce.SalesforceSurveytoLinkOpportunity"/>
      </group> <!-- linkSurveytoSitefromSalesforce -->
      <group name="web">
        <method signature="SalesforceSurveytoLinkOpportunity.loginSalesForce(java.lang.String)[pri:0, instance:com.kone.app.tests.testcases.salesforce.SalesforceSurveytoLinkOpportunity@6b42a12c]" name="loginSalesForce" class="com.kone.app.tests.testcases.salesforce.SalesforceSurveytoLinkOpportunity"/>
        <method signature="SalesforceSurveytoLinkOpportunity.loginSiteSurvey(java.lang.String)[pri:0, instance:com.kone.app.tests.testcases.salesforce.SalesforceSurveytoLinkOpportunity@6b42a12c]" name="loginSiteSurvey" class="com.kone.app.tests.testcases.salesforce.SalesforceSurveytoLinkOpportunity"/>
        <method signature="SalesforceSurveytoLinkOpportunity.loginSalesForce(java.lang.String)[pri:0, instance:com.kone.app.tests.testcases.salesforce.SalesforceSurveytoLinkOpportunity@60754a42]" name="loginSalesForce" class="com.kone.app.tests.testcases.salesforce.SalesforceSurveytoLinkOpportunity"/>
        <method signature="SalesforceSurveytoLinkOpportunity.loginSiteSurvey(java.lang.String)[pri:0, instance:com.kone.app.tests.testcases.salesforce.SalesforceSurveytoLinkOpportunity@60754a42]" name="loginSiteSurvey" class="com.kone.app.tests.testcases.salesforce.SalesforceSurveytoLinkOpportunity"/>
      </group> <!-- web -->
      <group name="vbmobie_surveytolink">
        <method signature="VbmobileSurveytoLinkOpportunity.answerSurveyTest(java.lang.String, java.lang.String)[pri:0, instance:com.kone.app.tests.testcases.vbmobile.VbmobileSurveytoLinkOpportunity@8e10cf9]" name="answerSurveyTest" class="com.kone.app.tests.testcases.vbmobile.VbmobileSurveytoLinkOpportunity"/>
        <method signature="VbmobileSurveytoLinkOpportunity.answerSurveyTest(java.lang.String, java.lang.String)[pri:0, instance:com.kone.app.tests.testcases.vbmobile.VbmobileSurveytoLinkOpportunity@531b77d]" name="answerSurveyTest" class="com.kone.app.tests.testcases.vbmobile.VbmobileSurveytoLinkOpportunity"/>
      </group> <!-- vbmobie_surveytolink -->
      <group name="linkSurveytoSalesforce">
        <method signature="SalesforceSurveytoLinkOpportunity.loginSalesForce(java.lang.String)[pri:0, instance:com.kone.app.tests.testcases.salesforce.SalesforceSurveytoLinkOpportunity@6b42a12c]" name="loginSalesForce" class="com.kone.app.tests.testcases.salesforce.SalesforceSurveytoLinkOpportunity"/>
        <method signature="SalesforceSurveytoLinkOpportunity.loginSalesForce(java.lang.String)[pri:0, instance:com.kone.app.tests.testcases.salesforce.SalesforceSurveytoLinkOpportunity@60754a42]" name="loginSalesForce" class="com.kone.app.tests.testcases.salesforce.SalesforceSurveytoLinkOpportunity"/>
      </group> <!-- linkSurveytoSalesforce -->
      <group name="vbmobie_login">
        <method signature="VbmobileAuthenticationTests.loginTest()[pri:0, instance:com.kone.app.tests.testcases.vbmobile.VbmobileAuthenticationTests@416374ec]" name="loginTest" class="com.kone.app.tests.testcases.vbmobile.VbmobileAuthenticationTests"/>
        <method signature="VbmobileAuthenticationTests.loginTest()[pri:0, instance:com.kone.app.tests.testcases.vbmobile.VbmobileAuthenticationTests@1d8669e9]" name="loginTest" class="com.kone.app.tests.testcases.vbmobile.VbmobileAuthenticationTests"/>
      </group> <!-- vbmobie_login -->
    </groups>
    <test name="Answer in VbMobile and Link the Survey in Mobile SiteSurvey Run:1" duration-ms="799" started-at="2018-09-12T11:12:05Z" finished-at="2018-09-12T11:12:06Z">
      <class name="com.kone.app.tests.testcases.vbmobile.VbmobileAuthenticationTests">
        <test-method status="SKIP" signature="loginTest()[pri:0, instance:com.kone.app.tests.testcases.vbmobile.VbmobileAuthenticationTests@416374ec]" name="loginTest" duration-ms="0" started-at="2018-09-12T16:42:06Z" finished-at="2018-09-12T16:42:06Z">
          <exception class="io.appium.java_client.NoSuchContextException">
            <message>
              <![CDATA[An unknown server-side error occurred while processing the command. Original error: Failed to start Chromedriver session: A new session could not be created. (Original error: session not created exception: Chrome version must be >= 66.0.3359.0  (Driver info: chromedriver=2.40.565498 (ea082db3280dd6843ebfb08a625e3eb905c4f5ab),platform=Windows NT 6.1.7601 SP1 x86_64)) (WARNING: The server did not provide any stacktrace information)Command duration or timeout: 0 millisecondsBuild info: version: '3.12.0', revision: '7c6e0b3', time: '2018-05-08T14:04:26.12Z'System info: host: '5CG71660NZ', ip: '10.114.127.235', os.name: 'Windows 7', os.arch: 'amd64', os.version: '6.1', java.version: '1.8.0_144'Driver info: io.appium.java_client.android.AndroidDriverCapabilities {appActivity: com.kone.MainActivity, appPackage: com.kone.vbmobileTrain, automationName: UiAutomator2, chromedriverExecutable: C:\Users\con_svijay02\mobil..., databaseEnabled: false, desired: {appActivity: com.kone.MainActivity, appPackage: com.kone.vbmobileTrain, automationName: UiAutomator2, chromedriverExecutable: C:\Users\con_svijay02\mobil..., deviceName: Android Emulator, newCommandTimeout: 4700, platformName: Android, platformVersion: 8.0.0}, deviceApiLevel: 26, deviceManufacturer: Google, deviceModel: Android SDK built for x86, deviceName: emulator-5554, deviceScreenDensity: 160, deviceScreenSize: 320x480, deviceUDID: emulator-5554, javascriptEnabled: true, locationContextEnabled: false, networkConnectionEnabled: true, newCommandTimeout: 4700, pixelRatio: 1, platform: LINUX, platformName: LINUX, platformVersion: 8.0.0, statBarHeight: 24, takesScreenshot: true, viewportRect: {height: 456, left: 0, top: 24, width: 320}, warnings: {}, webStorageEnabled: false}Session ID: 9711c32c-3908-4eda-931f-6c4cce73aa2b]]>
            </message>
            <full-stacktrace>
              <![CDATA[io.appium.java_client.NoSuchContextException: An unknown server-side error occurred while processing the command. Original error: Failed to start Chromedriver session: A new session could not be created. (Original error: session not created exception: Chrome version must be >= 66.0.3359.0  (Driver info: chromedriver=2.40.565498 (ea082db3280dd6843ebfb08a625e3eb905c4f5ab),platform=Windows NT 6.1.7601 SP1 x86_64)) (WARNING: The server did not provide any stacktrace information)Command duration or timeout: 0 millisecondsBuild info: version: '3.12.0', revision: '7c6e0b3', time: '2018-05-08T14:04:26.12Z'System info: host: '5CG71660NZ', ip: '10.114.127.235', os.name: 'Windows 7', os.arch: 'amd64', os.version: '6.1', java.version: '1.8.0_144'Driver info: io.appium.java_client.android.AndroidDriverCapabilities {appActivity: com.kone.MainActivity, appPackage: com.kone.vbmobileTrain, automationName: UiAutomator2, chromedriverExecutable: C:\Users\con_svijay02\mobil..., databaseEnabled: false, desired: {appActivity: com.kone.MainActivity, appPackage: com.kone.vbmobileTrain, automationName: UiAutomator2, chromedriverExecutable: C:\Users\con_svijay02\mobil..., deviceName: Android Emulator, newCommandTimeout: 4700, platformName: Android, platformVersion: 8.0.0}, deviceApiLevel: 26, deviceManufacturer: Google, deviceModel: Android SDK built for x86, deviceName: emulator-5554, deviceScreenDensity: 160, deviceScreenSize: 320x480, deviceUDID: emulator-5554, javascriptEnabled: true, locationContextEnabled: false, networkConnectionEnabled: true, newCommandTimeout: 4700, pixelRatio: 1, platform: LINUX, platformName: LINUX, platformVersion: 8.0.0, statBarHeight: 24, takesScreenshot: true, viewportRect: {height: 456, left: 0, top: 24, width: 320}, warnings: {}, webStorageEnabled: false}Session ID: 9711c32c-3908-4eda-931f-6c4cce73aa2bat io.appium.java_client.AppiumDriver.context(AppiumDriver.java:201)at com.kone.app.tests.testcases.VbmobileBaseTest.getDriver(VbmobileBaseTest.java:71)at sun.reflect.NativeMethodAccessorImpl.invoke0(Native Method)at sun.reflect.NativeMethodAccessorImpl.invoke(Unknown Source)at sun.reflect.DelegatingMethodAccessorImpl.invoke(Unknown Source)at java.lang.reflect.Method.invoke(Unknown Source)at org.testng.internal.MethodInvocationHelper.invokeMethod(MethodInvocationHelper.java:124)at org.testng.internal.MethodInvocationHelper.invokeMethodConsideringTimeout(MethodInvocationHelper.java:59)at org.testng.internal.Invoker.invokeConfigurationMethod(Invoker.java:451)at org.testng.internal.Invoker.invokeConfigurations(Invoker.java:222)at org.testng.internal.Invoker.invokeConfigurations(Invoker.java:142)at org.testng.SuiteRunner.privateRun(SuiteRunner.java:401)at org.testng.SuiteRunner.run(SuiteRunner.java:364)at org.testng.SuiteRunnerWorker.runSuite(SuiteRunnerWorker.java:52)at org.testng.SuiteRunnerWorker.run(SuiteRunnerWorker.java:84)at org.testng.TestNG.runSuitesSequentially(TestNG.java:1187)at org.testng.TestNG.runSuitesLocally(TestNG.java:1116)at org.testng.TestNG.runSuites(TestNG.java:1028)at org.testng.TestNG.run(TestNG.java:996)at org.testng.remote.AbstractRemoteTestNG.run(AbstractRemoteTestNG.java:114)at org.testng.remote.RemoteTestNG.initAndRun(RemoteTestNG.java:251)at org.testng.remote.RemoteTestNG.main(RemoteTestNG.java:77)Caused by: org.openqa.selenium.WebDriverException: An unknown server-side error occurred while processing the command. Original error: Failed to start Chromedriver session: A new session could not be created. (Original error: session not created exception: Chrome version must be >= 66.0.3359.0  (Driver info: chromedriver=2.40.565498 (ea082db3280dd6843ebfb08a625e3eb905c4f5ab),platform=Windows NT 6.1.7601 SP1 x86_64)) (WARNING: The server did not provide any stacktrace information)Command duration or timeout: 0 millisecondsBuild info: version: '3.12.0', revision: '7c6e0b3', time: '2018-05-08T14:04:26.12Z'System info: host: '5CG71660NZ', ip: '10.114.127.235', os.name: 'Windows 7', os.arch: 'amd64', os.version: '6.1', java.version: '1.8.0_144'Driver info: io.appium.java_client.android.AndroidDriverCapabilities {appActivity: com.kone.MainActivity, appPackage: com.kone.vbmobileTrain, automationName: UiAutomator2, chromedriverExecutable: C:\Users\con_svijay02\mobil..., databaseEnabled: false, desired: {appActivity: com.kone.MainActivity, appPackage: com.kone.vbmobileTrain, automationName: UiAutomator2, chromedriverExecutable: C:\Users\con_svijay02\mobil..., deviceName: Android Emulator, newCommandTimeout: 4700, platformName: Android, platformVersion: 8.0.0}, deviceApiLevel: 26, deviceManufacturer: Google, deviceModel: Android SDK built for x86, deviceName: emulator-5554, deviceScreenDensity: 160, deviceScreenSize: 320x480, deviceUDID: emulator-5554, javascriptEnabled: true, locationContextEnabled: false, networkConnectionEnabled: true, newCommandTimeout: 4700, pixelRatio: 1, platform: LINUX, platformName: LINUX, platformVersion: 8.0.0, statBarHeight: 24, takesScreenshot: true, viewportRect: {height: 456, left: 0, top: 24, width: 320}, warnings: {}, webStorageEnabled: false}Session ID: 9711c32c-3908-4eda-931f-6c4cce73aa2bat sun.reflect.NativeConstructorAccessorImpl.newInstance0(Native Method)at sun.reflect.NativeConstructorAccessorImpl.newInstance(Unknown Source)at sun.reflect.DelegatingConstructorAccessorImpl.newInstance(Unknown Source)at java.lang.reflect.Constructor.newInstance(Unknown Source)at org.openqa.selenium.remote.ErrorHandler.createThrowable(ErrorHandler.java:214)at org.openqa.selenium.remote.ErrorHandler.throwIfResponseFailed(ErrorHandler.java:166)at org.openqa.selenium.remote.http.JsonHttpResponseCodec.reconstructValue(JsonHttpResponseCodec.java:40)at org.openqa.selenium.remote.http.AbstractHttpResponseCodec.decode(AbstractHttpResponseCodec.java:80)at org.openqa.selenium.remote.http.AbstractHttpResponseCodec.decode(AbstractHttpResponseCodec.java:44)at org.openqa.selenium.remote.HttpCommandExecutor.execute(HttpCommandExecutor.java:158)at io.appium.java_client.remote.AppiumCommandExecutor.execute(AppiumCommandExecutor.java:129)at org.openqa.selenium.remote.RemoteWebDriver.execute(RemoteWebDriver.java:543)at io.appium.java_client.DefaultGenericMobileDriver.execute(DefaultGenericMobileDriver.java:42)at io.appium.java_client.AppiumDriver.execute(AppiumDriver.java:1)at io.appium.java_client.android.AndroidDriver.execute(AndroidDriver.java:1)at io.appium.java_client.AppiumDriver.context(AppiumDriver.java:198)... 21 more]]>
            </full-stacktrace>
          </exception> <!-- io.appium.java_client.NoSuchContextException -->
          <reporter-output>
          </reporter-output>
        </test-method> <!-- loginTest -->
      </class> <!-- com.kone.app.tests.testcases.vbmobile.VbmobileAuthenticationTests -->
      <class name="com.kone.app.tests.testcases.salesforce.SalesforceSurveytoLinkOpportunity">
        <test-method status="SKIP" signature="loginSalesForce(java.lang.String)[pri:0, instance:com.kone.app.tests.testcases.salesforce.SalesforceSurveytoLinkOpportunity@6b42a12c]" name="loginSalesForce" duration-ms="0" depends-on-groups="vbmobie_surveytolink" started-at="2018-09-12T16:42:06Z" finished-at="2018-09-12T16:42:06Z">
          <exception class="java.lang.Throwable">
            <message>
              <![CDATA[Method SalesforceSurveytoLinkOpportunity.loginSalesForce(java.lang.String)[pri:0, instance:com.kone.app.tests.testcases.salesforce.SalesforceSurveytoLinkOpportunity@6b42a12c] depends on not successfully finished methods in group "vbmobie_surveytolink"]]>
            </message>
            <full-stacktrace>
              <![CDATA[java.lang.Throwable: Method SalesforceSurveytoLinkOpportunity.loginSalesForce(java.lang.String)[pri:0, instance:com.kone.app.tests.testcases.salesforce.SalesforceSurveytoLinkOpportunity@6b42a12c] depends on not successfully finished methods in group "vbmobie_surveytolink"at org.testng.internal.Invoker.invokeTestMethods(Invoker.java:878)at org.testng.internal.TestMethodWorker.invokeTestMethods(TestMethodWorker.java:125)at org.testng.internal.TestMethodWorker.run(TestMethodWorker.java:109)at org.testng.TestRunner.privateRun(TestRunner.java:648)at org.testng.TestRunner.run(TestRunner.java:505)at org.testng.SuiteRunner.runTest(SuiteRunner.java:455)at org.testng.SuiteRunner.runSequentially(SuiteRunner.java:450)at org.testng.SuiteRunner.privateRun(SuiteRunner.java:415)at org.testng.SuiteRunner.run(SuiteRunner.java:364)at org.testng.SuiteRunnerWorker.runSuite(SuiteRunnerWorker.java:52)at org.testng.SuiteRunnerWorker.run(SuiteRunnerWorker.java:84)at org.testng.TestNG.runSuitesSequentially(TestNG.java:1187)at org.testng.TestNG.runSuitesLocally(TestNG.java:1116)at org.testng.TestNG.runSuites(TestNG.java:1028)at org.testng.TestNG.run(TestNG.java:996)at org.testng.remote.AbstractRemoteTestNG.run(AbstractRemoteTestNG.java:114)at org.testng.remote.RemoteTestNG.initAndRun(RemoteTestNG.java:251)at org.testng.remote.RemoteTestNG.main(RemoteTestNG.java:77)]]>
            </full-stacktrace>
          </exception> <!-- java.lang.Throwable -->
          <reporter-output>
          </reporter-output>
        </test-method> <!-- loginSalesForce -->
        <test-method status="SKIP" signature="loginSiteSurvey(java.lang.String)[pri:0, instance:com.kone.app.tests.testcases.salesforce.SalesforceSurveytoLinkOpportunity@6b42a12c]" name="loginSiteSurvey" duration-ms="0" depends-on-groups="linkSurveytoSalesforce" started-at="2018-09-12T16:42:06Z" finished-at="2018-09-12T16:42:06Z">
          <exception class="java.lang.Throwable">
            <message>
              <![CDATA[Method SalesforceSurveytoLinkOpportunity.loginSiteSurvey(java.lang.String)[pri:0, instance:com.kone.app.tests.testcases.salesforce.SalesforceSurveytoLinkOpportunity@6b42a12c] depends on not successfully finished methods in group "linkSurveytoSalesforce"]]>
            </message>
            <full-stacktrace>
              <![CDATA[java.lang.Throwable: Method SalesforceSurveytoLinkOpportunity.loginSiteSurvey(java.lang.String)[pri:0, instance:com.kone.app.tests.testcases.salesforce.SalesforceSurveytoLinkOpportunity@6b42a12c] depends on not successfully finished methods in group "linkSurveytoSalesforce"at org.testng.internal.Invoker.invokeTestMethods(Invoker.java:878)at org.testng.internal.TestMethodWorker.invokeTestMethods(TestMethodWorker.java:125)at org.testng.internal.TestMethodWorker.run(TestMethodWorker.java:109)at org.testng.TestRunner.privateRun(TestRunner.java:648)at org.testng.TestRunner.run(TestRunner.java:505)at org.testng.SuiteRunner.runTest(SuiteRunner.java:455)at org.testng.SuiteRunner.runSequentially(SuiteRunner.java:450)at org.testng.SuiteRunner.privateRun(SuiteRunner.java:415)at org.testng.SuiteRunner.run(SuiteRunner.java:364)at org.testng.SuiteRunnerWorker.runSuite(SuiteRunnerWorker.java:52)at org.testng.SuiteRunnerWorker.run(SuiteRunnerWorker.java:84)at org.testng.TestNG.runSuitesSequentially(TestNG.java:1187)at org.testng.TestNG.runSuitesLocally(TestNG.java:1116)at org.testng.TestNG.runSuites(TestNG.java:1028)at org.testng.TestNG.run(TestNG.java:996)at org.testng.remote.AbstractRemoteTestNG.run(AbstractRemoteTestNG.java:114)at org.testng.remote.RemoteTestNG.initAndRun(RemoteTestNG.java:251)at org.testng.remote.RemoteTestNG.main(RemoteTestNG.java:77)]]>
            </full-stacktrace>
          </exception> <!-- java.lang.Throwable -->
          <reporter-output>
          </reporter-output>
        </test-method> <!-- loginSiteSurvey -->
        <test-method status="FAIL" signature="logoutApplication()[pri:0, instance:com.kone.app.tests.testcases.salesforce.SalesforceSurveytoLinkOpportunity@6b42a12c]" name="logoutApplication" is-config="true" duration-ms="95" started-at="2018-09-12T16:42:06Z" finished-at="2018-09-12T16:42:06Z">
          <exception class="org.openqa.selenium.NoSuchElementException">
            <message>
              <![CDATA[no such element: Unable to locate element: {"method":"xpath","selector":"//*[@id='globalHeaderNameMink']/*[@class='zen-selectArrow']"}  (Session info: chrome=69.0.3497.92)  (Driver info: chromedriver=2.40.565498 (ea082db3280dd6843ebfb08a625e3eb905c4f5ab),platform=Windows NT 6.1.7601 SP1 x86_64) (WARNING: The server did not provide any stacktrace information)Command duration or timeout: 0 millisecondsFor documentation on this error, please visit: http://seleniumhq.org/exceptions/no_such_element.htmlBuild info: version: '3.12.0', revision: '7c6e0b3', time: '2018-05-08T14:04:26.12Z'System info: host: '5CG71660NZ', ip: '10.114.127.235', os.name: 'Windows 7', os.arch: 'amd64', os.version: '6.1', java.version: '1.8.0_144'Driver info: org.openqa.selenium.chrome.ChromeDriverCapabilities {acceptInsecureCerts: false, acceptSslCerts: false, applicationCacheEnabled: false, browserConnectionEnabled: false, browserName: chrome, chrome: {chromedriverVersion: 2.40.565498 (ea082db3280dd6..., userDataDir: C:\Users\CON_SV~1\AppData\L...}, cssSelectorsEnabled: true, databaseEnabled: false, handlesAlerts: true, hasTouchScreen: false, javascriptEnabled: true, locationContextEnabled: true, mobileEmulationEnabled: false, nativeEvents: true, networkConnectionEnabled: false, pageLoadStrategy: normal, platform: XP, platformName: XP, rotatable: false, setWindowRect: true, takesHeapSnapshot: true, takesScreenshot: true, unexpectedAlertBehaviour: , unhandledPromptBehavior: , version: 69.0.3497.92, webStorageEnabled: true}Session ID: c802dfffbc09b1b72fdfa23d65d41fba*** Element info: {Using=xpath, value=//*[@id='globalHeaderNameMink']/*[@class='zen-selectArrow']}]]>
            </message>
            <full-stacktrace>
              <![CDATA[org.openqa.selenium.NoSuchElementException: no such element: Unable to locate element: {"method":"xpath","selector":"//*[@id='globalHeaderNameMink']/*[@class='zen-selectArrow']"}  (Session info: chrome=69.0.3497.92)  (Driver info: chromedriver=2.40.565498 (ea082db3280dd6843ebfb08a625e3eb905c4f5ab),platform=Windows NT 6.1.7601 SP1 x86_64) (WARNING: The server did not provide any stacktrace information)Command duration or timeout: 0 millisecondsFor documentation on this error, please visit: http://seleniumhq.org/exceptions/no_such_element.htmlBuild info: version: '3.12.0', revision: '7c6e0b3', time: '2018-05-08T14:04:26.12Z'System info: host: '5CG71660NZ', ip: '10.114.127.235', os.name: 'Windows 7', os.arch: 'amd64', os.version: '6.1', java.version: '1.8.0_144'Driver info: org.openqa.selenium.chrome.ChromeDriverCapabilities {acceptInsecureCerts: false, acceptSslCerts: false, applicationCacheEnabled: false, browserConnectionEnabled: false, browserName: chrome, chrome: {chromedriverVersion: 2.40.565498 (ea082db3280dd6..., userDataDir: C:\Users\CON_SV~1\AppData\L...}, cssSelectorsEnabled: true, databaseEnabled: false, handlesAlerts: true, hasTouchScreen: false, javascriptEnabled: true, locationContextEnabled: true, mobileEmulationEnabled: false, nativeEvents: true, networkConnectionEnabled: false, pageLoadStrategy: normal, platform: XP, platformName: XP, rotatable: false, setWindowRect: true, takesHeapSnapshot: true, takesScreenshot: true, unexpectedAlertBehaviour: , unhandledPromptBehavior: , version: 69.0.3497.92, webStorageEnabled: true}Session ID: c802dfffbc09b1b72fdfa23d65d41fba*** Element info: {Using=xpath, value=//*[@id='globalHeaderNameMink']/*[@class='zen-selectArrow']}at sun.reflect.NativeConstructorAccessorImpl.newInstance0(Native Method)at sun.reflect.NativeConstructorAccessorImpl.newInstance(Unknown Source)at sun.reflect.DelegatingConstructorAccessorImpl.newInstance(Unknown Source)at java.lang.reflect.Constructor.newInstance(Unknown Source)at org.openqa.selenium.remote.ErrorHandler.createThrowable(ErrorHandler.java:214)at org.openqa.selenium.remote.ErrorHandler.throwIfResponseFailed(ErrorHandler.java:166)at org.openqa.selenium.remote.http.JsonHttpResponseCodec.reconstructValue(JsonHttpResponseCodec.java:40)at org.openqa.selenium.remote.http.AbstractHttpResponseCodec.decode(AbstractHttpResponseCodec.java:80)at org.openqa.selenium.remote.http.AbstractHttpResponseCodec.decode(AbstractHttpResponseCodec.java:44)at org.openqa.selenium.remote.HttpCommandExecutor.execute(HttpCommandExecutor.java:158)at org.openqa.selenium.remote.service.DriverCommandExecutor.execute(DriverCommandExecutor.java:83)at org.openqa.selenium.remote.RemoteWebDriver.execute(RemoteWebDriver.java:543)at org.openqa.selenium.remote.RemoteWebDriver.findElement(RemoteWebDriver.java:317)at org.openqa.selenium.remote.RemoteWebDriver.findElementByXPath(RemoteWebDriver.java:419)at org.openqa.selenium.By$ByXPath.findElement(By.java:353)at org.openqa.selenium.remote.RemoteWebDriver.findElement(RemoteWebDriver.java:309)at com.kone.app.tests.testcases.SalesforceBaseTest.logoutApplication(SalesforceBaseTest.java:69)at sun.reflect.NativeMethodAccessorImpl.invoke0(Native Method)at sun.reflect.NativeMethodAccessorImpl.invoke(Unknown Source)at sun.reflect.DelegatingMethodAccessorImpl.invoke(Unknown Source)at java.lang.reflect.Method.invoke(Unknown Source)at org.testng.internal.MethodInvocationHelper.invokeMethod(MethodInvocationHelper.java:124)at org.testng.internal.MethodInvocationHelper.invokeMethodConsideringTimeout(MethodInvocationHelper.java:59)at org.testng.internal.Invoker.invokeConfigurationMethod(Invoker.java:451)at org.testng.internal.Invoker.invokeConfigurations(Invoker.java:222)at org.testng.internal.Invoker.invokeConfigurations(Invoker.java:142)at org.testng.TestRunner.afterRun(TestRunner.java:725)at org.testng.TestRunner.run(TestRunner.java:509)at org.testng.SuiteRunner.runTest(SuiteRunner.java:455)at org.testng.SuiteRunner.runSequentially(SuiteRunner.java:450)at org.testng.SuiteRunner.privateRun(SuiteRunner.java:415)at org.testng.SuiteRunner.run(SuiteRunner.java:364)at org.testng.SuiteRunnerWorker.runSuite(SuiteRunnerWorker.java:52)at org.testng.SuiteRunnerWorker.run(SuiteRunnerWorker.java:84)at org.testng.TestNG.runSuitesSequentially(TestNG.java:1187)at org.testng.TestNG.runSuitesLocally(TestNG.java:1116)at org.testng.TestNG.runSuites(TestNG.java:1028)at org.testng.TestNG.run(TestNG.java:996)at org.testng.remote.AbstractRemoteTestNG.run(AbstractRemoteTestNG.java:114)at org.testng.remote.RemoteTestNG.initAndRun(RemoteTestNG.java:251)at org.testng.remote.RemoteTestNG.main(RemoteTestNG.java:77)]]>
            </full-stacktrace>
          </exception> <!-- org.openqa.selenium.NoSuchElementException -->
          <reporter-output>
          </reporter-output>
        </test-method> <!-- logoutApplication -->
        <test-method status="FAIL" signature="logoutApplication()[pri:0, instance:com.kone.app.tests.testcases.vbmobile.VbmobileAuthenticationTests@416374ec]" name="logoutApplication" is-config="true" duration-ms="481" started-at="2018-09-12T16:42:06Z" finished-at="2018-09-12T16:42:06Z">
          <exception class="org.openqa.selenium.NoSuchElementException">
            <message>
              <![CDATA[An element could not be located on the page using the given search parameters. (WARNING: The server did not provide any stacktrace information)Command duration or timeout: 0 millisecondsFor documentation on this error, please visit: http://seleniumhq.org/exceptions/no_such_element.htmlBuild info: version: '3.12.0', revision: '7c6e0b3', time: '2018-05-08T14:04:26.12Z'System info: host: '5CG71660NZ', ip: '10.114.127.235', os.name: 'Windows 7', os.arch: 'amd64', os.version: '6.1', java.version: '1.8.0_144'Driver info: io.appium.java_client.android.AndroidDriverCapabilities {appActivity: com.kone.MainActivity, appPackage: com.kone.vbmobileTrain, automationName: UiAutomator2, chromedriverExecutable: C:\Users\con_svijay02\mobil..., databaseEnabled: false, desired: {appActivity: com.kone.MainActivity, appPackage: com.kone.vbmobileTrain, automationName: UiAutomator2, chromedriverExecutable: C:\Users\con_svijay02\mobil..., deviceName: Android Emulator, newCommandTimeout: 4700, platformName: Android, platformVersion: 8.0.0}, deviceApiLevel: 26, deviceManufacturer: Google, deviceModel: Android SDK built for x86, deviceName: emulator-5554, deviceScreenDensity: 160, deviceScreenSize: 320x480, deviceUDID: emulator-5554, javascriptEnabled: true, locationContextEnabled: false, networkConnectionEnabled: true, newCommandTimeout: 4700, pixelRatio: 1, platform: LINUX, platformName: LINUX, platformVersion: 8.0.0, statBarHeight: 24, takesScreenshot: true, viewportRect: {height: 456, left: 0, top: 24, width: 320}, warnings: {}, webStorageEnabled: false}Session ID: 9711c32c-3908-4eda-931f-6c4cce73aa2b*** Element info: {Using=xpath, value=//*[contains(@aria-label,'Menu')]}]]>
            </message>
            <full-stacktrace>
              <![CDATA[org.openqa.selenium.NoSuchElementException: An element could not be located on the page using the given search parameters. (WARNING: The server did not provide any stacktrace information)Command duration or timeout: 0 millisecondsFor documentation on this error, please visit: http://seleniumhq.org/exceptions/no_such_element.htmlBuild info: version: '3.12.0', revision: '7c6e0b3', time: '2018-05-08T14:04:26.12Z'System info: host: '5CG71660NZ', ip: '10.114.127.235', os.name: 'Windows 7', os.arch: 'amd64', os.version: '6.1', java.version: '1.8.0_144'Driver info: io.appium.java_client.android.AndroidDriverCapabilities {appActivity: com.kone.MainActivity, appPackage: com.kone.vbmobileTrain, automationName: UiAutomator2, chromedriverExecutable: C:\Users\con_svijay02\mobil..., databaseEnabled: false, desired: {appActivity: com.kone.MainActivity, appPackage: com.kone.vbmobileTrain, automationName: UiAutomator2, chromedriverExecutable: C:\Users\con_svijay02\mobil..., deviceName: Android Emulator, newCommandTimeout: 4700, platformName: Android, platformVersion: 8.0.0}, deviceApiLevel: 26, deviceManufacturer: Google, deviceModel: Android SDK built for x86, deviceName: emulator-5554, deviceScreenDensity: 160, deviceScreenSize: 320x480, deviceUDID: emulator-5554, javascriptEnabled: true, locationContextEnabled: false, networkConnectionEnabled: true, newCommandTimeout: 4700, pixelRatio: 1, platform: LINUX, platformName: LINUX, platformVersion: 8.0.0, statBarHeight: 24, takesScreenshot: true, viewportRect: {height: 456, left: 0, top: 24, width: 320}, warnings: {}, webStorageEnabled: false}Session ID: 9711c32c-3908-4eda-931f-6c4cce73aa2b*** Element info: {Using=xpath, value=//*[contains(@aria-label,'Menu')]}at sun.reflect.NativeConstructorAccessorImpl.newInstance0(Native Method)at sun.reflect.NativeConstructorAccessorImpl.newInstance(Unknown Source)at sun.reflect.DelegatingConstructorAccessorImpl.newInstance(Unknown Source)at java.lang.reflect.Constructor.newInstance(Unknown Source)at org.openqa.selenium.remote.ErrorHandler.createThrowable(ErrorHandler.java:214)at org.openqa.selenium.remote.ErrorHandler.throwIfResponseFailed(ErrorHandler.java:166)at org.openqa.selenium.remote.http.JsonHttpResponseCodec.reconstructValue(JsonHttpResponseCodec.java:40)at org.openqa.selenium.remote.http.AbstractHttpResponseCodec.decode(AbstractHttpResponseCodec.java:80)at org.openqa.selenium.remote.http.AbstractHttpResponseCodec.decode(AbstractHttpResponseCodec.java:44)at org.openqa.selenium.remote.HttpCommandExecutor.execute(HttpCommandExecutor.java:158)at io.appium.java_client.remote.AppiumCommandExecutor.execute(AppiumCommandExecutor.java:129)at org.openqa.selenium.remote.RemoteWebDriver.execute(RemoteWebDriver.java:543)at io.appium.java_client.DefaultGenericMobileDriver.execute(DefaultGenericMobileDriver.java:42)at io.appium.java_client.AppiumDriver.execute(AppiumDriver.java:1)at io.appium.java_client.android.AndroidDriver.execute(AndroidDriver.java:1)at org.openqa.selenium.remote.RemoteWebDriver.findElement(RemoteWebDriver.java:317)at io.appium.java_client.DefaultGenericMobileDriver.findElement(DefaultGenericMobileDriver.java:62)at io.appium.java_client.AppiumDriver.findElement(AppiumDriver.java:1)at io.appium.java_client.android.AndroidDriver.findElement(AndroidDriver.java:1)at org.openqa.selenium.remote.RemoteWebDriver.findElementByXPath(RemoteWebDriver.java:419)at io.appium.java_client.DefaultGenericMobileDriver.findElementByXPath(DefaultGenericMobileDriver.java:152)at io.appium.java_client.AppiumDriver.findElementByXPath(AppiumDriver.java:1)at io.appium.java_client.android.AndroidDriver.findElementByXPath(AndroidDriver.java:1)at org.openqa.selenium.By$ByXPath.findElement(By.java:353)at org.openqa.selenium.remote.RemoteWebDriver.findElement(RemoteWebDriver.java:309)at io.appium.java_client.DefaultGenericMobileDriver.findElement(DefaultGenericMobileDriver.java:58)at io.appium.java_client.AppiumDriver.findElement(AppiumDriver.java:1)at io.appium.java_client.android.AndroidDriver.findElement(AndroidDriver.java:1)at com.kone.app.pages.vbmobile.SurveyManagerPage.openSideMenu(SurveyManagerPage.java:29)at com.kone.app.tests.testcases.VbmobileBaseTest.logoutApplication(VbmobileBaseTest.java:92)at sun.reflect.NativeMethodAccessorImpl.invoke0(Native Method)at sun.reflect.NativeMethodAccessorImpl.invoke(Unknown Source)at sun.reflect.DelegatingMethodAccessorImpl.invoke(Unknown Source)at java.lang.reflect.Method.invoke(Unknown Source)at org.testng.internal.MethodInvocationHelper.invokeMethod(MethodInvocationHelper.java:124)at org.testng.internal.MethodInvocationHelper.invokeMethodConsideringTimeout(MethodInvocationHelper.java:59)at org.testng.internal.Invoker.invokeConfigurationMethod(Invoker.java:451)at org.testng.internal.Invoker.invokeConfigurations(Invoker.java:222)at org.testng.internal.Invoker.invokeConfigurations(Invoker.java:142)at org.testng.TestRunner.afterRun(TestRunner.java:725)at org.testng.TestRunner.run(TestRunner.java:509)at org.testng.SuiteRunner.runTest(SuiteRunner.java:455)at org.testng.SuiteRunner.runSequentially(SuiteRunner.java:450)at org.testng.SuiteRunner.privateRun(SuiteRunner.java:415)at org.testng.SuiteRunner.run(SuiteRunner.java:364)at org.testng.SuiteRunnerWorker.runSuite(SuiteRunnerWorker.java:52)at org.testng.SuiteRunnerWorker.run(SuiteRunnerWorker.java:84)at org.testng.TestNG.runSuitesSequentially(TestNG.java:1187)at org.testng.TestNG.runSuitesLocally(TestNG.java:1116)at org.testng.TestNG.runSuites(TestNG.java:1028)at org.testng.TestNG.run(TestNG.java:996)at org.testng.remote.AbstractRemoteTestNG.run(AbstractRemoteTestNG.java:114)at org.testng.remote.RemoteTestNG.initAndRun(RemoteTestNG.java:251)at org.testng.remote.RemoteTestNG.main(RemoteTestNG.java:77)]]>
            </full-stacktrace>
          </exception> <!-- org.openqa.selenium.NoSuchElementException -->
          <reporter-output>
          </reporter-output>
        </test-method> <!-- logoutApplication -->
      </class> <!-- com.kone.app.tests.testcases.salesforce.SalesforceSurveytoLinkOpportunity -->
      <class name="com.kone.app.tests.testcases.vbmobile.VbmobileSurveytoLinkOpportunity">
        <test-method status="SKIP" signature="answerSurveyTest(java.lang.String, java.lang.String)[pri:0, instance:com.kone.app.tests.testcases.vbmobile.VbmobileSurveytoLinkOpportunity@8e10cf9]" name="answerSurveyTest" duration-ms="0" depends-on-groups="vbmobie_login" started-at="2018-09-12T16:42:06Z" finished-at="2018-09-12T16:42:06Z">
          <exception class="java.lang.Throwable">
            <message>
              <![CDATA[Method VbmobileSurveytoLinkOpportunity.answerSurveyTest(java.lang.String, java.lang.String)[pri:0, instance:com.kone.app.tests.testcases.vbmobile.VbmobileSurveytoLinkOpportunity@8e10cf9] depends on not successfully finished methods in group "vbmobie_login"]]>
            </message>
            <full-stacktrace>
              <![CDATA[java.lang.Throwable: Method VbmobileSurveytoLinkOpportunity.answerSurveyTest(java.lang.String, java.lang.String)[pri:0, instance:com.kone.app.tests.testcases.vbmobile.VbmobileSurveytoLinkOpportunity@8e10cf9] depends on not successfully finished methods in group "vbmobie_login"at org.testng.internal.Invoker.invokeTestMethods(Invoker.java:878)at org.testng.internal.TestMethodWorker.invokeTestMethods(TestMethodWorker.java:125)at org.testng.internal.TestMethodWorker.run(TestMethodWorker.java:109)at org.testng.TestRunner.privateRun(TestRunner.java:648)at org.testng.TestRunner.run(TestRunner.java:505)at org.testng.SuiteRunner.runTest(SuiteRunner.java:455)at org.testng.SuiteRunner.runSequentially(SuiteRunner.java:450)at org.testng.SuiteRunner.privateRun(SuiteRunner.java:415)at org.testng.SuiteRunner.run(SuiteRunner.java:364)at org.testng.SuiteRunnerWorker.runSuite(SuiteRunnerWorker.java:52)at org.testng.SuiteRunnerWorker.run(SuiteRunnerWorker.java:84)at org.testng.TestNG.runSuitesSequentially(TestNG.java:1187)at org.testng.TestNG.runSuitesLocally(TestNG.java:1116)at org.testng.TestNG.runSuites(TestNG.java:1028)at org.testng.TestNG.run(TestNG.java:996)at org.testng.remote.AbstractRemoteTestNG.run(AbstractRemoteTestNG.java:114)at org.testng.remote.RemoteTestNG.initAndRun(RemoteTestNG.java:251)at org.testng.remote.RemoteTestNG.main(RemoteTestNG.java:77)]]>
            </full-stacktrace>
          </exception> <!-- java.lang.Throwable -->
          <reporter-output>
          </reporter-output>
        </test-method> <!-- answerSurveyTest -->
      </class> <!-- com.kone.app.tests.testcases.vbmobile.VbmobileSurveytoLinkOpportunity -->
    </test> <!-- Answer in VbMobile and Link the Survey in Mobile SiteSurvey Run:1 -->
    <test name="Answer in VbMobile and Link the Survey in Mobile SiteSurvey Run:2" duration-ms="175" started-at="2018-09-12T11:12:07Z" finished-at="2018-09-12T11:12:07Z">
      <class name="com.kone.app.tests.testcases.vbmobile.VbmobileAuthenticationTests">
        <test-method status="SKIP" signature="loginTest()[pri:0, instance:com.kone.app.tests.testcases.vbmobile.VbmobileAuthenticationTests@1d8669e9]" name="loginTest" duration-ms="0" started-at="2018-09-12T16:42:07Z" finished-at="2018-09-12T16:42:07Z">
          <exception class="io.appium.java_client.NoSuchContextException">
            <message>
              <![CDATA[An unknown server-side error occurred while processing the command. Original error: Failed to start Chromedriver session: A new session could not be created. (Original error: session not created exception: Chrome version must be >= 66.0.3359.0  (Driver info: chromedriver=2.40.565498 (ea082db3280dd6843ebfb08a625e3eb905c4f5ab),platform=Windows NT 6.1.7601 SP1 x86_64)) (WARNING: The server did not provide any stacktrace information)Command duration or timeout: 0 millisecondsBuild info: version: '3.12.0', revision: '7c6e0b3', time: '2018-05-08T14:04:26.12Z'System info: host: '5CG71660NZ', ip: '10.114.127.235', os.name: 'Windows 7', os.arch: 'amd64', os.version: '6.1', java.version: '1.8.0_144'Driver info: io.appium.java_client.android.AndroidDriverCapabilities {appActivity: com.kone.MainActivity, appPackage: com.kone.vbmobileTrain, automationName: UiAutomator2, chromedriverExecutable: C:\Users\con_svijay02\mobil..., databaseEnabled: false, desired: {appActivity: com.kone.MainActivity, appPackage: com.kone.vbmobileTrain, automationName: UiAutomator2, chromedriverExecutable: C:\Users\con_svijay02\mobil..., deviceName: Android Emulator, newCommandTimeout: 4700, platformName: Android, platformVersion: 8.0.0}, deviceApiLevel: 26, deviceManufacturer: Google, deviceModel: Android SDK built for x86, deviceName: emulator-5554, deviceScreenDensity: 160, deviceScreenSize: 320x480, deviceUDID: emulator-5554, javascriptEnabled: true, locationContextEnabled: false, networkConnectionEnabled: true, newCommandTimeout: 4700, pixelRatio: 1, platform: LINUX, platformName: LINUX, platformVersion: 8.0.0, statBarHeight: 24, takesScreenshot: true, viewportRect: {height: 456, left: 0, top: 24, width: 320}, warnings: {}, webStorageEnabled: false}Session ID: 9711c32c-3908-4eda-931f-6c4cce73aa2b]]>
            </message>
            <full-stacktrace>
              <![CDATA[io.appium.java_client.NoSuchContextException: An unknown server-side error occurred while processing the command. Original error: Failed to start Chromedriver session: A new session could not be created. (Original error: session not created exception: Chrome version must be >= 66.0.3359.0  (Driver info: chromedriver=2.40.565498 (ea082db3280dd6843ebfb08a625e3eb905c4f5ab),platform=Windows NT 6.1.7601 SP1 x86_64)) (WARNING: The server did not provide any stacktrace information)Command duration or timeout: 0 millisecondsBuild info: version: '3.12.0', revision: '7c6e0b3', time: '2018-05-08T14:04:26.12Z'System info: host: '5CG71660NZ', ip: '10.114.127.235', os.name: 'Windows 7', os.arch: 'amd64', os.version: '6.1', java.version: '1.8.0_144'Driver info: io.appium.java_client.android.AndroidDriverCapabilities {appActivity: com.kone.MainActivity, appPackage: com.kone.vbmobileTrain, automationName: UiAutomator2, chromedriverExecutable: C:\Users\con_svijay02\mobil..., databaseEnabled: false, desired: {appActivity: com.kone.MainActivity, appPackage: com.kone.vbmobileTrain, automationName: UiAutomator2, chromedriverExecutable: C:\Users\con_svijay02\mobil..., deviceName: Android Emulator, newCommandTimeout: 4700, platformName: Android, platformVersion: 8.0.0}, deviceApiLevel: 26, deviceManufacturer: Google, deviceModel: Android SDK built for x86, deviceName: emulator-5554, deviceScreenDensity: 160, deviceScreenSize: 320x480, deviceUDID: emulator-5554, javascriptEnabled: true, locationContextEnabled: false, networkConnectionEnabled: true, newCommandTimeout: 4700, pixelRatio: 1, platform: LINUX, platformName: LINUX, platformVersion: 8.0.0, statBarHeight: 24, takesScreenshot: true, viewportRect: {height: 456, left: 0, top: 24, width: 320}, warnings: {}, webStorageEnabled: false}Session ID: 9711c32c-3908-4eda-931f-6c4cce73aa2bat io.appium.java_client.AppiumDriver.context(AppiumDriver.java:201)at com.kone.app.tests.testcases.VbmobileBaseTest.getDriver(VbmobileBaseTest.java:71)at sun.reflect.NativeMethodAccessorImpl.invoke0(Native Method)at sun.reflect.NativeMethodAccessorImpl.invoke(Unknown Source)at sun.reflect.DelegatingMethodAccessorImpl.invoke(Unknown Source)at java.lang.reflect.Method.invoke(Unknown Source)at org.testng.internal.MethodInvocationHelper.invokeMethod(MethodInvocationHelper.java:124)at org.testng.internal.MethodInvocationHelper.invokeMethodConsideringTimeout(MethodInvocationHelper.java:59)at org.testng.internal.Invoker.invokeConfigurationMethod(Invoker.java:451)at org.testng.internal.Invoker.invokeConfigurations(Invoker.java:222)at org.testng.internal.Invoker.invokeConfigurations(Invoker.java:142)at org.testng.SuiteRunner.privateRun(SuiteRunner.java:401)at org.testng.SuiteRunner.run(SuiteRunner.java:364)at org.testng.SuiteRunnerWorker.runSuite(SuiteRunnerWorker.java:52)at org.testng.SuiteRunnerWorker.run(SuiteRunnerWorker.java:84)at org.testng.TestNG.runSuitesSequentially(TestNG.java:1187)at org.testng.TestNG.runSuitesLocally(TestNG.java:1116)at org.testng.TestNG.runSuites(TestNG.java:1028)at org.testng.TestNG.run(TestNG.java:996)at org.testng.remote.AbstractRemoteTestNG.run(AbstractRemoteTestNG.java:114)at org.testng.remote.RemoteTestNG.initAndRun(RemoteTestNG.java:251)at org.testng.remote.RemoteTestNG.main(RemoteTestNG.java:77)Caused by: org.openqa.selenium.WebDriverException: An unknown server-side error occurred while processing the command. Original error: Failed to start Chromedriver session: A new session could not be created. (Original error: session not created exception: Chrome version must be >= 66.0.3359.0  (Driver info: chromedriver=2.40.565498 (ea082db3280dd6843ebfb08a625e3eb905c4f5ab),platform=Windows NT 6.1.7601 SP1 x86_64)) (WARNING: The server did not provide any stacktrace information)Command duration or timeout: 0 millisecondsBuild info: version: '3.12.0', revision: '7c6e0b3', time: '2018-05-08T14:04:26.12Z'System info: host: '5CG71660NZ', ip: '10.114.127.235', os.name: 'Windows 7', os.arch: 'amd64', os.version: '6.1', java.version: '1.8.0_144'Driver info: io.appium.java_client.android.AndroidDriverCapabilities {appActivity: com.kone.MainActivity, appPackage: com.kone.vbmobileTrain, automationName: UiAutomator2, chromedriverExecutable: C:\Users\con_svijay02\mobil..., databaseEnabled: false, desired: {appActivity: com.kone.MainActivity, appPackage: com.kone.vbmobileTrain, automationName: UiAutomator2, chromedriverExecutable: C:\Users\con_svijay02\mobil..., deviceName: Android Emulator, newCommandTimeout: 4700, platformName: Android, platformVersion: 8.0.0}, deviceApiLevel: 26, deviceManufacturer: Google, deviceModel: Android SDK built for x86, deviceName: emulator-5554, deviceScreenDensity: 160, deviceScreenSize: 320x480, deviceUDID: emulator-5554, javascriptEnabled: true, locationContextEnabled: false, networkConnectionEnabled: true, newCommandTimeout: 4700, pixelRatio: 1, platform: LINUX, platformName: LINUX, platformVersion: 8.0.0, statBarHeight: 24, takesScreenshot: true, viewportRect: {height: 456, left: 0, top: 24, width: 320}, warnings: {}, webStorageEnabled: false}Session ID: 9711c32c-3908-4eda-931f-6c4cce73aa2bat sun.reflect.NativeConstructorAccessorImpl.newInstance0(Native Method)at sun.reflect.NativeConstructorAccessorImpl.newInstance(Unknown Source)at sun.reflect.DelegatingConstructorAccessorImpl.newInstance(Unknown Source)at java.lang.reflect.Constructor.newInstance(Unknown Source)at org.openqa.selenium.remote.ErrorHandler.createThrowable(ErrorHandler.java:214)at org.openqa.selenium.remote.ErrorHandler.throwIfResponseFailed(ErrorHandler.java:166)at org.openqa.selenium.remote.http.JsonHttpResponseCodec.reconstructValue(JsonHttpResponseCodec.java:40)at org.openqa.selenium.remote.http.AbstractHttpResponseCodec.decode(AbstractHttpResponseCodec.java:80)at org.openqa.selenium.remote.http.AbstractHttpResponseCodec.decode(AbstractHttpResponseCodec.java:44)at org.openqa.selenium.remote.HttpCommandExecutor.execute(HttpCommandExecutor.java:158)at io.appium.java_client.remote.AppiumCommandExecutor.execute(AppiumCommandExecutor.java:129)at org.openqa.selenium.remote.RemoteWebDriver.execute(RemoteWebDriver.java:543)at io.appium.java_client.DefaultGenericMobileDriver.execute(DefaultGenericMobileDriver.java:42)at io.appium.java_client.AppiumDriver.execute(AppiumDriver.java:1)at io.appium.java_client.android.AndroidDriver.execute(AndroidDriver.java:1)at io.appium.java_client.AppiumDriver.context(AppiumDriver.java:198)... 21 more]]>
            </full-stacktrace>
          </exception> <!-- io.appium.java_client.NoSuchContextException -->
          <reporter-output>
          </reporter-output>
        </test-method> <!-- loginTest -->
      </class> <!-- com.kone.app.tests.testcases.vbmobile.VbmobileAuthenticationTests -->
      <class name="com.kone.app.tests.testcases.salesforce.SalesforceSurveytoLinkOpportunity">
        <test-method status="PASS" signature="getDriver()[pri:0, instance:com.kone.app.tests.testcases.salesforce.SalesforceSurveytoLinkOpportunity@60754a42]" name="getDriver" is-config="true" duration-ms="22" started-at="2018-09-12T16:41:56Z" finished-at="2018-09-12T16:41:56Z">
          <reporter-output>
          </reporter-output>
        </test-method> <!-- getDriver -->
        <test-method status="FAIL" signature="getDriver()[pri:0, instance:com.kone.app.tests.testcases.vbmobile.VbmobileAuthenticationTests@1d8669e9]" name="getDriver" is-config="true" duration-ms="9113" started-at="2018-09-12T16:41:56Z" finished-at="2018-09-12T16:42:05Z">
          <exception class="io.appium.java_client.NoSuchContextException">
            <message>
              <![CDATA[An unknown server-side error occurred while processing the command. Original error: Failed to start Chromedriver session: A new session could not be created. (Original error: session not created exception: Chrome version must be >= 66.0.3359.0  (Driver info: chromedriver=2.40.565498 (ea082db3280dd6843ebfb08a625e3eb905c4f5ab),platform=Windows NT 6.1.7601 SP1 x86_64)) (WARNING: The server did not provide any stacktrace information)Command duration or timeout: 0 millisecondsBuild info: version: '3.12.0', revision: '7c6e0b3', time: '2018-05-08T14:04:26.12Z'System info: host: '5CG71660NZ', ip: '10.114.127.235', os.name: 'Windows 7', os.arch: 'amd64', os.version: '6.1', java.version: '1.8.0_144'Driver info: io.appium.java_client.android.AndroidDriverCapabilities {appActivity: com.kone.MainActivity, appPackage: com.kone.vbmobileTrain, automationName: UiAutomator2, chromedriverExecutable: C:\Users\con_svijay02\mobil..., databaseEnabled: false, desired: {appActivity: com.kone.MainActivity, appPackage: com.kone.vbmobileTrain, automationName: UiAutomator2, chromedriverExecutable: C:\Users\con_svijay02\mobil..., deviceName: Android Emulator, newCommandTimeout: 4700, platformName: Android, platformVersion: 8.0.0}, deviceApiLevel: 26, deviceManufacturer: Google, deviceModel: Android SDK built for x86, deviceName: emulator-5554, deviceScreenDensity: 160, deviceScreenSize: 320x480, deviceUDID: emulator-5554, javascriptEnabled: true, locationContextEnabled: false, networkConnectionEnabled: true, newCommandTimeout: 4700, pixelRatio: 1, platform: LINUX, platformName: LINUX, platformVersion: 8.0.0, statBarHeight: 24, takesScreenshot: true, viewportRect: {height: 456, left: 0, top: 24, width: 320}, warnings: {}, webStorageEnabled: false}Session ID: 9711c32c-3908-4eda-931f-6c4cce73aa2b]]>
            </message>
            <full-stacktrace>
              <![CDATA[io.appium.java_client.NoSuchContextException: An unknown server-side error occurred while processing the command. Original error: Failed to start Chromedriver session: A new session could not be created. (Original error: session not created exception: Chrome version must be >= 66.0.3359.0  (Driver info: chromedriver=2.40.565498 (ea082db3280dd6843ebfb08a625e3eb905c4f5ab),platform=Windows NT 6.1.7601 SP1 x86_64)) (WARNING: The server did not provide any stacktrace information)Command duration or timeout: 0 millisecondsBuild info: version: '3.12.0', revision: '7c6e0b3', time: '2018-05-08T14:04:26.12Z'System info: host: '5CG71660NZ', ip: '10.114.127.235', os.name: 'Windows 7', os.arch: 'amd64', os.version: '6.1', java.version: '1.8.0_144'Driver info: io.appium.java_client.android.AndroidDriverCapabilities {appActivity: com.kone.MainActivity, appPackage: com.kone.vbmobileTrain, automationName: UiAutomator2, chromedriverExecutable: C:\Users\con_svijay02\mobil..., databaseEnabled: false, desired: {appActivity: com.kone.MainActivity, appPackage: com.kone.vbmobileTrain, automationName: UiAutomator2, chromedriverExecutable: C:\Users\con_svijay02\mobil..., deviceName: Android Emulator, newCommandTimeout: 4700, platformName: Android, platformVersion: 8.0.0}, deviceApiLevel: 26, deviceManufacturer: Google, deviceModel: Android SDK built for x86, deviceName: emulator-5554, deviceScreenDensity: 160, deviceScreenSize: 320x480, deviceUDID: emulator-5554, javascriptEnabled: true, locationContextEnabled: false, networkConnectionEnabled: true, newCommandTimeout: 4700, pixelRatio: 1, platform: LINUX, platformName: LINUX, platformVersion: 8.0.0, statBarHeight: 24, takesScreenshot: true, viewportRect: {height: 456, left: 0, top: 24, width: 320}, warnings: {}, webStorageEnabled: false}Session ID: 9711c32c-3908-4eda-931f-6c4cce73aa2bat io.appium.java_client.AppiumDriver.context(AppiumDriver.java:201)at com.kone.app.tests.testcases.VbmobileBaseTest.getDriver(VbmobileBaseTest.java:71)at sun.reflect.NativeMethodAccessorImpl.invoke0(Native Method)at sun.reflect.NativeMethodAccessorImpl.invoke(Unknown Source)at sun.reflect.DelegatingMethodAccessorImpl.invoke(Unknown Source)at java.lang.reflect.Method.invoke(Unknown Source)at org.testng.internal.MethodInvocationHelper.invokeMethod(MethodInvocationHelper.java:124)at org.testng.internal.MethodInvocationHelper.invokeMethodConsideringTimeout(MethodInvocationHelper.java:59)at org.testng.internal.Invoker.invokeConfigurationMethod(Invoker.java:451)at org.testng.internal.Invoker.invokeConfigurations(Invoker.java:222)at org.testng.internal.Invoker.invokeConfigurations(Invoker.java:142)at org.testng.SuiteRunner.privateRun(SuiteRunner.java:401)at org.testng.SuiteRunner.run(SuiteRunner.java:364)at org.testng.SuiteRunnerWorker.runSuite(SuiteRunnerWorker.java:52)at org.testng.SuiteRunnerWorker.run(SuiteRunnerWorker.java:84)at org.testng.TestNG.runSuitesSequentially(TestNG.java:1187)at org.testng.TestNG.runSuitesLocally(TestNG.java:1116)at org.testng.TestNG.runSuites(TestNG.java:1028)at org.testng.TestNG.run(TestNG.java:996)at org.testng.remote.AbstractRemoteTestNG.run(AbstractRemoteTestNG.java:114)at org.testng.remote.RemoteTestNG.initAndRun(RemoteTestNG.java:251)at org.testng.remote.RemoteTestNG.main(RemoteTestNG.java:77)Caused by: org.openqa.selenium.WebDriverException: An unknown server-side error occurred while processing the command. Original error: Failed to start Chromedriver session: A new session could not be created. (Original error: session not created exception: Chrome version must be >= 66.0.3359.0  (Driver info: chromedriver=2.40.565498 (ea082db3280dd6843ebfb08a625e3eb905c4f5ab),platform=Windows NT 6.1.7601 SP1 x86_64)) (WARNING: The server did not provide any stacktrace information)Command duration or timeout: 0 millisecondsBuild info: version: '3.12.0', revision: '7c6e0b3', time: '2018-05-08T14:04:26.12Z'System info: host: '5CG71660NZ', ip: '10.114.127.235', os.name: 'Windows 7', os.arch: 'amd64', os.version: '6.1', java.version: '1.8.0_144'Driver info: io.appium.java_client.android.AndroidDriverCapabilities {appActivity: com.kone.MainActivity, appPackage: com.kone.vbmobileTrain, automationName: UiAutomator2, chromedriverExecutable: C:\Users\con_svijay02\mobil..., databaseEnabled: false, desired: {appActivity: com.kone.MainActivity, appPackage: com.kone.vbmobileTrain, automationName: UiAutomator2, chromedriverExecutable: C:\Users\con_svijay02\mobil..., deviceName: Android Emulator, newCommandTimeout: 4700, platformName: Android, platformVersion: 8.0.0}, deviceApiLevel: 26, deviceManufacturer: Google, deviceModel: Android SDK built for x86, deviceName: emulator-5554, deviceScreenDensity: 160, deviceScreenSize: 320x480, deviceUDID: emulator-5554, javascriptEnabled: true, locationContextEnabled: false, networkConnectionEnabled: true, newCommandTimeout: 4700, pixelRatio: 1, platform: LINUX, platformName: LINUX, platformVersion: 8.0.0, statBarHeight: 24, takesScreenshot: true, viewportRect: {height: 456, left: 0, top: 24, width: 320}, warnings: {}, webStorageEnabled: false}Session ID: 9711c32c-3908-4eda-931f-6c4cce73aa2bat sun.reflect.NativeConstructorAccessorImpl.newInstance0(Native Method)at sun.reflect.NativeConstructorAccessorImpl.newInstance(Unknown Source)at sun.reflect.DelegatingConstructorAccessorImpl.newInstance(Unknown Source)at java.lang.reflect.Constructor.newInstance(Unknown Source)at org.openqa.selenium.remote.ErrorHandler.createThrowable(ErrorHandler.java:214)at org.openqa.selenium.remote.ErrorHandler.throwIfResponseFailed(ErrorHandler.java:166)at org.openqa.selenium.remote.http.JsonHttpResponseCodec.reconstructValue(JsonHttpResponseCodec.java:40)at org.openqa.selenium.remote.http.AbstractHttpResponseCodec.decode(AbstractHttpResponseCodec.java:80)at org.openqa.selenium.remote.http.AbstractHttpResponseCodec.decode(AbstractHttpResponseCodec.java:44)at org.openqa.selenium.remote.HttpCommandExecutor.execute(HttpCommandExecutor.java:158)at io.appium.java_client.remote.AppiumCommandExecutor.execute(AppiumCommandExecutor.java:129)at org.openqa.selenium.remote.RemoteWebDriver.execute(RemoteWebDriver.java:543)at io.appium.java_client.DefaultGenericMobileDriver.execute(DefaultGenericMobileDriver.java:42)at io.appium.java_client.AppiumDriver.execute(AppiumDriver.java:1)at io.appium.java_client.android.AndroidDriver.execute(AndroidDriver.java:1)at io.appium.java_client.AppiumDriver.context(AppiumDriver.java:198)... 21 more]]>
            </full-stacktrace>
          </exception> <!-- io.appium.java_client.NoSuchContextException -->
          <reporter-output>
          </reporter-output>
        </test-method> <!-- getDriver -->
        <test-method status="SKIP" signature="loginSalesForce(java.lang.String)[pri:0, instance:com.kone.app.tests.testcases.salesforce.SalesforceSurveytoLinkOpportunity@60754a42]" name="loginSalesForce" duration-ms="0" depends-on-groups="vbmobie_surveytolink" started-at="2018-09-12T16:42:07Z" finished-at="2018-09-12T16:42:07Z">
          <exception class="java.lang.Throwable">
            <message>
              <![CDATA[Method SalesforceSurveytoLinkOpportunity.loginSalesForce(java.lang.String)[pri:0, instance:com.kone.app.tests.testcases.salesforce.SalesforceSurveytoLinkOpportunity@60754a42] depends on not successfully finished methods in group "vbmobie_surveytolink"]]>
            </message>
            <full-stacktrace>
              <![CDATA[java.lang.Throwable: Method SalesforceSurveytoLinkOpportunity.loginSalesForce(java.lang.String)[pri:0, instance:com.kone.app.tests.testcases.salesforce.SalesforceSurveytoLinkOpportunity@60754a42] depends on not successfully finished methods in group "vbmobie_surveytolink"at org.testng.internal.Invoker.invokeTestMethods(Invoker.java:878)at org.testng.internal.TestMethodWorker.invokeTestMethods(TestMethodWorker.java:125)at org.testng.internal.TestMethodWorker.run(TestMethodWorker.java:109)at org.testng.TestRunner.privateRun(TestRunner.java:648)at org.testng.TestRunner.run(TestRunner.java:505)at org.testng.SuiteRunner.runTest(SuiteRunner.java:455)at org.testng.SuiteRunner.runSequentially(SuiteRunner.java:450)at org.testng.SuiteRunner.privateRun(SuiteRunner.java:415)at org.testng.SuiteRunner.run(SuiteRunner.java:364)at org.testng.SuiteRunnerWorker.runSuite(SuiteRunnerWorker.java:52)at org.testng.SuiteRunnerWorker.run(SuiteRunnerWorker.java:84)at org.testng.TestNG.runSuitesSequentially(TestNG.java:1187)at org.testng.TestNG.runSuitesLocally(TestNG.java:1116)at org.testng.TestNG.runSuites(TestNG.java:1028)at org.testng.TestNG.run(TestNG.java:996)at org.testng.remote.AbstractRemoteTestNG.run(AbstractRemoteTestNG.java:114)at org.testng.remote.RemoteTestNG.initAndRun(RemoteTestNG.java:251)at org.testng.remote.RemoteTestNG.main(RemoteTestNG.java:77)]]>
            </full-stacktrace>
          </exception> <!-- java.lang.Throwable -->
          <reporter-output>
          </reporter-output>
        </test-method> <!-- loginSalesForce -->
        <test-method status="SKIP" signature="loginSiteSurvey(java.lang.String)[pri:0, instance:com.kone.app.tests.testcases.salesforce.SalesforceSurveytoLinkOpportunity@60754a42]" name="loginSiteSurvey" duration-ms="0" depends-on-groups="linkSurveytoSalesforce" started-at="2018-09-12T16:42:07Z" finished-at="2018-09-12T16:42:07Z">
          <exception class="java.lang.Throwable">
            <message>
              <![CDATA[Method SalesforceSurveytoLinkOpportunity.loginSiteSurvey(java.lang.String)[pri:0, instance:com.kone.app.tests.testcases.salesforce.SalesforceSurveytoLinkOpportunity@60754a42] depends on not successfully finished methods in group "linkSurveytoSalesforce"]]>
            </message>
            <full-stacktrace>
              <![CDATA[java.lang.Throwable: Method SalesforceSurveytoLinkOpportunity.loginSiteSurvey(java.lang.String)[pri:0, instance:com.kone.app.tests.testcases.salesforce.SalesforceSurveytoLinkOpportunity@60754a42] depends on not successfully finished methods in group "linkSurveytoSalesforce"at org.testng.internal.Invoker.invokeTestMethods(Invoker.java:878)at org.testng.internal.TestMethodWorker.invokeTestMethods(TestMethodWorker.java:125)at org.testng.internal.TestMethodWorker.run(TestMethodWorker.java:109)at org.testng.TestRunner.privateRun(TestRunner.java:648)at org.testng.TestRunner.run(TestRunner.java:505)at org.testng.SuiteRunner.runTest(SuiteRunner.java:455)at org.testng.SuiteRunner.runSequentially(SuiteRunner.java:450)at org.testng.SuiteRunner.privateRun(SuiteRunner.java:415)at org.testng.SuiteRunner.run(SuiteRunner.java:364)at org.testng.SuiteRunnerWorker.runSuite(SuiteRunnerWorker.java:52)at org.testng.SuiteRunnerWorker.run(SuiteRunnerWorker.java:84)at org.testng.TestNG.runSuitesSequentially(TestNG.java:1187)at org.testng.TestNG.runSuitesLocally(TestNG.java:1116)at org.testng.TestNG.runSuites(TestNG.java:1028)at org.testng.TestNG.run(TestNG.java:996)at org.testng.remote.AbstractRemoteTestNG.run(AbstractRemoteTestNG.java:114)at org.testng.remote.RemoteTestNG.initAndRun(RemoteTestNG.java:251)at org.testng.remote.RemoteTestNG.main(RemoteTestNG.java:77)]]>
            </full-stacktrace>
          </exception> <!-- java.lang.Throwable -->
          <reporter-output>
          </reporter-output>
        </test-method> <!-- loginSiteSurvey -->
        <test-method status="FAIL" signature="logoutApplication()[pri:0, instance:com.kone.app.tests.testcases.salesforce.SalesforceSurveytoLinkOpportunity@60754a42]" name="logoutApplication" is-config="true" duration-ms="14" started-at="2018-09-12T16:42:07Z" finished-at="2018-09-12T16:42:07Z">
          <exception class="org.openqa.selenium.NoSuchElementException">
            <message>
              <![CDATA[no such element: Unable to locate element: {"method":"xpath","selector":"//*[@id='globalHeaderNameMink']/*[@class='zen-selectArrow']"}  (Session info: chrome=69.0.3497.92)  (Driver info: chromedriver=2.40.565498 (ea082db3280dd6843ebfb08a625e3eb905c4f5ab),platform=Windows NT 6.1.7601 SP1 x86_64) (WARNING: The server did not provide any stacktrace information)Command duration or timeout: 0 millisecondsFor documentation on this error, please visit: http://seleniumhq.org/exceptions/no_such_element.htmlBuild info: version: '3.12.0', revision: '7c6e0b3', time: '2018-05-08T14:04:26.12Z'System info: host: '5CG71660NZ', ip: '10.114.127.235', os.name: 'Windows 7', os.arch: 'amd64', os.version: '6.1', java.version: '1.8.0_144'Driver info: org.openqa.selenium.chrome.ChromeDriverCapabilities {acceptInsecureCerts: false, acceptSslCerts: false, applicationCacheEnabled: false, browserConnectionEnabled: false, browserName: chrome, chrome: {chromedriverVersion: 2.40.565498 (ea082db3280dd6..., userDataDir: C:\Users\CON_SV~1\AppData\L...}, cssSelectorsEnabled: true, databaseEnabled: false, handlesAlerts: true, hasTouchScreen: false, javascriptEnabled: true, locationContextEnabled: true, mobileEmulationEnabled: false, nativeEvents: true, networkConnectionEnabled: false, pageLoadStrategy: normal, platform: XP, platformName: XP, rotatable: false, setWindowRect: true, takesHeapSnapshot: true, takesScreenshot: true, unexpectedAlertBehaviour: , unhandledPromptBehavior: , version: 69.0.3497.92, webStorageEnabled: true}Session ID: c802dfffbc09b1b72fdfa23d65d41fba*** Element info: {Using=xpath, value=//*[@id='globalHeaderNameMink']/*[@class='zen-selectArrow']}]]>
            </message>
            <full-stacktrace>
              <![CDATA[org.openqa.selenium.NoSuchElementException: no such element: Unable to locate element: {"method":"xpath","selector":"//*[@id='globalHeaderNameMink']/*[@class='zen-selectArrow']"}  (Session info: chrome=69.0.3497.92)  (Driver info: chromedriver=2.40.565498 (ea082db3280dd6843ebfb08a625e3eb905c4f5ab),platform=Windows NT 6.1.7601 SP1 x86_64) (WARNING: The server did not provide any stacktrace information)Command duration or timeout: 0 millisecondsFor documentation on this error, please visit: http://seleniumhq.org/exceptions/no_such_element.htmlBuild info: version: '3.12.0', revision: '7c6e0b3', time: '2018-05-08T14:04:26.12Z'System info: host: '5CG71660NZ', ip: '10.114.127.235', os.name: 'Windows 7', os.arch: 'amd64', os.version: '6.1', java.version: '1.8.0_144'Driver info: org.openqa.selenium.chrome.ChromeDriverCapabilities {acceptInsecureCerts: false, acceptSslCerts: false, applicationCacheEnabled: false, browserConnectionEnabled: false, browserName: chrome, chrome: {chromedriverVersion: 2.40.565498 (ea082db3280dd6..., userDataDir: C:\Users\CON_SV~1\AppData\L...}, cssSelectorsEnabled: true, databaseEnabled: false, handlesAlerts: true, hasTouchScreen: false, javascriptEnabled: true, locationContextEnabled: true, mobileEmulationEnabled: false, nativeEvents: true, networkConnectionEnabled: false, pageLoadStrategy: normal, platform: XP, platformName: XP, rotatable: false, setWindowRect: true, takesHeapSnapshot: true, takesScreenshot: true, unexpectedAlertBehaviour: , unhandledPromptBehavior: , version: 69.0.3497.92, webStorageEnabled: true}Session ID: c802dfffbc09b1b72fdfa23d65d41fba*** Element info: {Using=xpath, value=//*[@id='globalHeaderNameMink']/*[@class='zen-selectArrow']}at sun.reflect.NativeConstructorAccessorImpl.newInstance0(Native Method)at sun.reflect.NativeConstructorAccessorImpl.newInstance(Unknown Source)at sun.reflect.DelegatingConstructorAccessorImpl.newInstance(Unknown Source)at java.lang.reflect.Constructor.newInstance(Unknown Source)at org.openqa.selenium.remote.ErrorHandler.createThrowable(ErrorHandler.java:214)at org.openqa.selenium.remote.ErrorHandler.throwIfResponseFailed(ErrorHandler.java:166)at org.openqa.selenium.remote.http.JsonHttpResponseCodec.reconstructValue(JsonHttpResponseCodec.java:40)at org.openqa.selenium.remote.http.AbstractHttpResponseCodec.decode(AbstractHttpResponseCodec.java:80)at org.openqa.selenium.remote.http.AbstractHttpResponseCodec.decode(AbstractHttpResponseCodec.java:44)at org.openqa.selenium.remote.HttpCommandExecutor.execute(HttpCommandExecutor.java:158)at org.openqa.selenium.remote.service.DriverCommandExecutor.execute(DriverCommandExecutor.java:83)at org.openqa.selenium.remote.RemoteWebDriver.execute(RemoteWebDriver.java:543)at org.openqa.selenium.remote.RemoteWebDriver.findElement(RemoteWebDriver.java:317)at org.openqa.selenium.remote.RemoteWebDriver.findElementByXPath(RemoteWebDriver.java:419)at org.openqa.selenium.By$ByXPath.findElement(By.java:353)at org.openqa.selenium.remote.RemoteWebDriver.findElement(RemoteWebDriver.java:309)at com.kone.app.tests.testcases.SalesforceBaseTest.logoutApplication(SalesforceBaseTest.java:69)at sun.reflect.NativeMethodAccessorImpl.invoke0(Native Method)at sun.reflect.NativeMethodAccessorImpl.invoke(Unknown Source)at sun.reflect.DelegatingMethodAccessorImpl.invoke(Unknown Source)at java.lang.reflect.Method.invoke(Unknown Source)at org.testng.internal.MethodInvocationHelper.invokeMethod(MethodInvocationHelper.java:124)at org.testng.internal.MethodInvocationHelper.invokeMethodConsideringTimeout(MethodInvocationHelper.java:59)at org.testng.internal.Invoker.invokeConfigurationMethod(Invoker.java:451)at org.testng.internal.Invoker.invokeConfigurations(Invoker.java:222)at org.testng.internal.Invoker.invokeConfigurations(Invoker.java:142)at org.testng.TestRunner.afterRun(TestRunner.java:725)at org.testng.TestRunner.run(TestRunner.java:509)at org.testng.SuiteRunner.runTest(SuiteRunner.java:455)at org.testng.SuiteRunner.runSequentially(SuiteRunner.java:450)at org.testng.SuiteRunner.privateRun(SuiteRunner.java:415)at org.testng.SuiteRunner.run(SuiteRunner.java:364)at org.testng.SuiteRunnerWorker.runSuite(SuiteRunnerWorker.java:52)at org.testng.SuiteRunnerWorker.run(SuiteRunnerWorker.java:84)at org.testng.TestNG.runSuitesSequentially(TestNG.java:1187)at org.testng.TestNG.runSuitesLocally(TestNG.java:1116)at org.testng.TestNG.runSuites(TestNG.java:1028)at org.testng.TestNG.run(TestNG.java:996)at org.testng.remote.AbstractRemoteTestNG.run(AbstractRemoteTestNG.java:114)at org.testng.remote.RemoteTestNG.initAndRun(RemoteTestNG.java:251)at org.testng.remote.RemoteTestNG.main(RemoteTestNG.java:77)]]>
            </full-stacktrace>
          </exception> <!-- org.openqa.selenium.NoSuchElementException -->
          <reporter-output>
          </reporter-output>
        </test-method> <!-- logoutApplication -->
        <test-method status="FAIL" signature="logoutApplication()[pri:0, instance:com.kone.app.tests.testcases.vbmobile.VbmobileAuthenticationTests@1d8669e9]" name="logoutApplication" is-config="true" duration-ms="125" started-at="2018-09-12T16:42:07Z" finished-at="2018-09-12T16:42:07Z">
          <exception class="org.openqa.selenium.NoSuchElementException">
            <message>
              <![CDATA[An element could not be located on the page using the given search parameters. (WARNING: The server did not provide any stacktrace information)Command duration or timeout: 0 millisecondsFor documentation on this error, please visit: http://seleniumhq.org/exceptions/no_such_element.htmlBuild info: version: '3.12.0', revision: '7c6e0b3', time: '2018-05-08T14:04:26.12Z'System info: host: '5CG71660NZ', ip: '10.114.127.235', os.name: 'Windows 7', os.arch: 'amd64', os.version: '6.1', java.version: '1.8.0_144'Driver info: io.appium.java_client.android.AndroidDriverCapabilities {appActivity: com.kone.MainActivity, appPackage: com.kone.vbmobileTrain, automationName: UiAutomator2, chromedriverExecutable: C:\Users\con_svijay02\mobil..., databaseEnabled: false, desired: {appActivity: com.kone.MainActivity, appPackage: com.kone.vbmobileTrain, automationName: UiAutomator2, chromedriverExecutable: C:\Users\con_svijay02\mobil..., deviceName: Android Emulator, newCommandTimeout: 4700, platformName: Android, platformVersion: 8.0.0}, deviceApiLevel: 26, deviceManufacturer: Google, deviceModel: Android SDK built for x86, deviceName: emulator-5554, deviceScreenDensity: 160, deviceScreenSize: 320x480, deviceUDID: emulator-5554, javascriptEnabled: true, locationContextEnabled: false, networkConnectionEnabled: true, newCommandTimeout: 4700, pixelRatio: 1, platform: LINUX, platformName: LINUX, platformVersion: 8.0.0, statBarHeight: 24, takesScreenshot: true, viewportRect: {height: 456, left: 0, top: 24, width: 320}, warnings: {}, webStorageEnabled: false}Session ID: 9711c32c-3908-4eda-931f-6c4cce73aa2b*** Element info: {Using=xpath, value=//*[contains(@aria-label,'Menu')]}]]>
            </message>
            <full-stacktrace>
              <![CDATA[org.openqa.selenium.NoSuchElementException: An element could not be located on the page using the given search parameters. (WARNING: The server did not provide any stacktrace information)Command duration or timeout: 0 millisecondsFor documentation on this error, please visit: http://seleniumhq.org/exceptions/no_such_element.htmlBuild info: version: '3.12.0', revision: '7c6e0b3', time: '2018-05-08T14:04:26.12Z'System info: host: '5CG71660NZ', ip: '10.114.127.235', os.name: 'Windows 7', os.arch: 'amd64', os.version: '6.1', java.version: '1.8.0_144'Driver info: io.appium.java_client.android.AndroidDriverCapabilities {appActivity: com.kone.MainActivity, appPackage: com.kone.vbmobileTrain, automationName: UiAutomator2, chromedriverExecutable: C:\Users\con_svijay02\mobil..., databaseEnabled: false, desired: {appActivity: com.kone.MainActivity, appPackage: com.kone.vbmobileTrain, automationName: UiAutomator2, chromedriverExecutable: C:\Users\con_svijay02\mobil..., deviceName: Android Emulator, newCommandTimeout: 4700, platformName: Android, platformVersion: 8.0.0}, deviceApiLevel: 26, deviceManufacturer: Google, deviceModel: Android SDK built for x86, deviceName: emulator-5554, deviceScreenDensity: 160, deviceScreenSize: 320x480, deviceUDID: emulator-5554, javascriptEnabled: true, locationContextEnabled: false, networkConnectionEnabled: true, newCommandTimeout: 4700, pixelRatio: 1, platform: LINUX, platformName: LINUX, platformVersion: 8.0.0, statBarHeight: 24, takesScreenshot: true, viewportRect: {height: 456, left: 0, top: 24, width: 320}, warnings: {}, webStorageEnabled: false}Session ID: 9711c32c-3908-4eda-931f-6c4cce73aa2b*** Element info: {Using=xpath, value=//*[contains(@aria-label,'Menu')]}at sun.reflect.NativeConstructorAccessorImpl.newInstance0(Native Method)at sun.reflect.NativeConstructorAccessorImpl.newInstance(Unknown Source)at sun.reflect.DelegatingConstructorAccessorImpl.newInstance(Unknown Source)at java.lang.reflect.Constructor.newInstance(Unknown Source)at org.openqa.selenium.remote.ErrorHandler.createThrowable(ErrorHandler.java:214)at org.openqa.selenium.remote.ErrorHandler.throwIfResponseFailed(ErrorHandler.java:166)at org.openqa.selenium.remote.http.JsonHttpResponseCodec.reconstructValue(JsonHttpResponseCodec.java:40)at org.openqa.selenium.remote.http.AbstractHttpResponseCodec.decode(AbstractHttpResponseCodec.java:80)at org.openqa.selenium.remote.http.AbstractHttpResponseCodec.decode(AbstractHttpResponseCodec.java:44)at org.openqa.selenium.remote.HttpCommandExecutor.execute(HttpCommandExecutor.java:158)at io.appium.java_client.remote.AppiumCommandExecutor.execute(AppiumCommandExecutor.java:129)at org.openqa.selenium.remote.RemoteWebDriver.execute(RemoteWebDriver.java:543)at io.appium.java_client.DefaultGenericMobileDriver.execute(DefaultGenericMobileDriver.java:42)at io.appium.java_client.AppiumDriver.execute(AppiumDriver.java:1)at io.appium.java_client.android.AndroidDriver.execute(AndroidDriver.java:1)at org.openqa.selenium.remote.RemoteWebDriver.findElement(RemoteWebDriver.java:317)at io.appium.java_client.DefaultGenericMobileDriver.findElement(DefaultGenericMobileDriver.java:62)at io.appium.java_client.AppiumDriver.findElement(AppiumDriver.java:1)at io.appium.java_client.android.AndroidDriver.findElement(AndroidDriver.java:1)at org.openqa.selenium.remote.RemoteWebDriver.findElementByXPath(RemoteWebDriver.java:419)at io.appium.java_client.DefaultGenericMobileDriver.findElementByXPath(DefaultGenericMobileDriver.java:152)at io.appium.java_client.AppiumDriver.findElementByXPath(AppiumDriver.java:1)at io.appium.java_client.android.AndroidDriver.findElementByXPath(AndroidDriver.java:1)at org.openqa.selenium.By$ByXPath.findElement(By.java:353)at org.openqa.selenium.remote.RemoteWebDriver.findElement(RemoteWebDriver.java:309)at io.appium.java_client.DefaultGenericMobileDriver.findElement(DefaultGenericMobileDriver.java:58)at io.appium.java_client.AppiumDriver.findElement(AppiumDriver.java:1)at io.appium.java_client.android.AndroidDriver.findElement(AndroidDriver.java:1)at com.kone.app.pages.vbmobile.SurveyManagerPage.openSideMenu(SurveyManagerPage.java:29)at com.kone.app.tests.testcases.VbmobileBaseTest.logoutApplication(VbmobileBaseTest.java:92)at sun.reflect.NativeMethodAccessorImpl.invoke0(Native Method)at sun.reflect.NativeMethodAccessorImpl.invoke(Unknown Source)at sun.reflect.DelegatingMethodAccessorImpl.invoke(Unknown Source)at java.lang.reflect.Method.invoke(Unknown Source)at org.testng.internal.MethodInvocationHelper.invokeMethod(MethodInvocationHelper.java:124)at org.testng.internal.MethodInvocationHelper.invokeMethodConsideringTimeout(MethodInvocationHelper.java:59)at org.testng.internal.Invoker.invokeConfigurationMethod(Invoker.java:451)at org.testng.internal.Invoker.invokeConfigurations(Invoker.java:222)at org.testng.internal.Invoker.invokeConfigurations(Invoker.java:142)at org.testng.TestRunner.afterRun(TestRunner.java:725)at org.testng.TestRunner.run(TestRunner.java:509)at org.testng.SuiteRunner.runTest(SuiteRunner.java:455)at org.testng.SuiteRunner.runSequentially(SuiteRunner.java:450)at org.testng.SuiteRunner.privateRun(SuiteRunner.java:415)at org.testng.SuiteRunner.run(SuiteRunner.java:364)at org.testng.SuiteRunnerWorker.runSuite(SuiteRunnerWorker.java:52)at org.testng.SuiteRunnerWorker.run(SuiteRunnerWorker.java:84)at org.testng.TestNG.runSuitesSequentially(TestNG.java:1187)at org.testng.TestNG.runSuitesLocally(TestNG.java:1116)at org.testng.TestNG.runSuites(TestNG.java:1028)at org.testng.TestNG.run(TestNG.java:996)at org.testng.remote.AbstractRemoteTestNG.run(AbstractRemoteTestNG.java:114)at org.testng.remote.RemoteTestNG.initAndRun(RemoteTestNG.java:251)at org.testng.remote.RemoteTestNG.main(RemoteTestNG.java:77)]]>
            </full-stacktrace>
          </exception> <!-- org.openqa.selenium.NoSuchElementException -->
          <reporter-output>
          </reporter-output>
        </test-method> <!-- logoutApplication -->
        <test-method status="PASS" signature="closeWebdriver()[pri:0, instance:com.kone.app.tests.testcases.salesforce.SalesforceSurveytoLinkOpportunity@60754a42]" name="closeWebdriver" is-config="true" duration-ms="74" started-at="2018-09-12T16:42:07Z" finished-at="2018-09-12T16:42:07Z">
          <reporter-output>
          </reporter-output>
        </test-method> <!-- closeWebdriver -->
        <test-method status="PASS" signature="stopApiumServer()[pri:0, instance:com.kone.app.tests.testcases.vbmobile.VbmobileAuthenticationTests@1d8669e9]" name="stopApiumServer" is-config="true" duration-ms="52" started-at="2018-09-12T16:42:07Z" finished-at="2018-09-12T16:42:07Z">
          <reporter-output>
          </reporter-output>
        </test-method> <!-- stopApiumServer -->
      </class> <!-- com.kone.app.tests.testcases.salesforce.SalesforceSurveytoLinkOpportunity -->
      <class name="com.kone.app.tests.testcases.vbmobile.VbmobileSurveytoLinkOpportunity">
        <test-method status="SKIP" signature="answerSurveyTest(java.lang.String, java.lang.String)[pri:0, instance:com.kone.app.tests.testcases.vbmobile.VbmobileSurveytoLinkOpportunity@531b77d]" name="answerSurveyTest" duration-ms="0" depends-on-groups="vbmobie_login" started-at="2018-09-12T16:42:07Z" finished-at="2018-09-12T16:42:07Z">
          <exception class="java.lang.Throwable">
            <message>
              <![CDATA[Method VbmobileSurveytoLinkOpportunity.answerSurveyTest(java.lang.String, java.lang.String)[pri:0, instance:com.kone.app.tests.testcases.vbmobile.VbmobileSurveytoLinkOpportunity@531b77d] depends on not successfully finished methods in group "vbmobie_login"]]>
            </message>
            <full-stacktrace>
              <![CDATA[java.lang.Throwable: Method VbmobileSurveytoLinkOpportunity.answerSurveyTest(java.lang.String, java.lang.String)[pri:0, instance:com.kone.app.tests.testcases.vbmobile.VbmobileSurveytoLinkOpportunity@531b77d] depends on not successfully finished methods in group "vbmobie_login"at org.testng.internal.Invoker.invokeTestMethods(Invoker.java:878)at org.testng.internal.TestMethodWorker.invokeTestMethods(TestMethodWorker.java:125)at org.testng.internal.TestMethodWorker.run(TestMethodWorker.java:109)at org.testng.TestRunner.privateRun(TestRunner.java:648)at org.testng.TestRunner.run(TestRunner.java:505)at org.testng.SuiteRunner.runTest(SuiteRunner.java:455)at org.testng.SuiteRunner.runSequentially(SuiteRunner.java:450)at org.testng.SuiteRunner.privateRun(SuiteRunner.java:415)at org.testng.SuiteRunner.run(SuiteRunner.java:364)at org.testng.SuiteRunnerWorker.runSuite(SuiteRunnerWorker.java:52)at org.testng.SuiteRunnerWorker.run(SuiteRunnerWorker.java:84)at org.testng.TestNG.runSuitesSequentially(TestNG.java:1187)at org.testng.TestNG.runSuitesLocally(TestNG.java:1116)at org.testng.TestNG.runSuites(TestNG.java:1028)at org.testng.TestNG.run(TestNG.java:996)at org.testng.remote.AbstractRemoteTestNG.run(AbstractRemoteTestNG.java:114)at org.testng.remote.RemoteTestNG.initAndRun(RemoteTestNG.java:251)at org.testng.remote.RemoteTestNG.main(RemoteTestNG.java:77)]]>
            </full-stacktrace>
          </exception> <!-- java.lang.Throwable -->
          <reporter-output>
          </reporter-output>
        </test-method> <!-- answerSurveyTest -->
      </class> <!-- com.kone.app.tests.testcases.vbmobile.VbmobileSurveytoLinkOpportunity -->
    </test> <!-- Answer in VbMobile and Link the Survey in Mobile SiteSurvey Run:2 -->
  </suite> <!-- Mobile Site Survey Test Automation -->
</testng-results>
