<?xml version="1.0" encoding="UTF-8"?>
<testng-results skipped="0" failed="0" ignored="0" total="2" passed="2">
  <reporter-output>
  </reporter-output>
  <suite name="MobileSiteSurvey LIO-Budget / Full Test" duration-ms="117637" started-at="2018-08-01T12:21:20Z" finished-at="2018-08-01T12:23:17Z">
    <groups>
      <group name="web">
        <method signature="SalesforceAuthenticationTests.loginSalesForce(java.lang.String, java.lang.String, java.lang.String)[pri:0, instance:com.kone.app.tests.testcases.salesforce.SalesforceAuthenticationTests@72663b1e]" name="loginSalesForce" class="com.kone.app.tests.testcases.salesforce.SalesforceAuthenticationTests"/>
        <method signature="SalesforceAuthenticationTests.loginSalesForce(java.lang.String, java.lang.String, java.lang.String)[pri:0, instance:com.kone.app.tests.testcases.salesforce.SalesforceAuthenticationTests@4fa5fae0]" name="loginSalesForce" class="com.kone.app.tests.testcases.salesforce.SalesforceAuthenticationTests"/>
      </group> <!-- web -->
      <group name="login_salesforce">
        <method signature="SalesforceAuthenticationTests.loginSalesForce(java.lang.String, java.lang.String, java.lang.String)[pri:0, instance:com.kone.app.tests.testcases.salesforce.SalesforceAuthenticationTests@72663b1e]" name="loginSalesForce" class="com.kone.app.tests.testcases.salesforce.SalesforceAuthenticationTests"/>
        <method signature="SalesforceAuthenticationTests.loginSalesForce(java.lang.String, java.lang.String, java.lang.String)[pri:0, instance:com.kone.app.tests.testcases.salesforce.SalesforceAuthenticationTests@4fa5fae0]" name="loginSalesForce" class="com.kone.app.tests.testcases.salesforce.SalesforceAuthenticationTests"/>
      </group> <!-- login_salesforce -->
    </groups>
    <test name="Create LIO_Budget Survey in Salesforce, then Answer in VbMobile" duration-ms="74669" started-at="2018-08-01T12:21:20Z" finished-at="2018-08-01T12:22:34Z">
      <class name="com.kone.app.tests.testcases.salesforce.SalesforceAuthenticationTests">
        <test-method status="PASS" signature="loginSalesForce(java.lang.String, java.lang.String, java.lang.String)[pri:0, instance:com.kone.app.tests.testcases.salesforce.SalesforceAuthenticationTests@72663b1e]" name="loginSalesForce" duration-ms="68689" started-at="2018-08-01T17:51:20Z" finished-at="2018-08-01T17:52:28Z">
          <params>
            <param index="0">
              <value>
                <![CDATA[Survey Manager_1]]>
              </value>
            </param>
            <param index="1">
              <value>
                <![CDATA[LIO]]>
              </value>
            </param>
            <param index="2">
              <value>
                <![CDATA[FRB Budget]]>
              </value>
            </param>
          </params>
          <reporter-output>
          </reporter-output>
        </test-method> <!-- loginSalesForce -->
        <test-method status="PASS" signature="logoutApplication()[pri:0, instance:com.kone.app.tests.testcases.salesforce.SalesforceAuthenticationTests@72663b1e]" name="logoutApplication" is-config="true" duration-ms="5821" started-at="2018-08-01T17:52:28Z" finished-at="2018-08-01T17:52:34Z">
          <reporter-output>
          </reporter-output>
        </test-method> <!-- logoutApplication -->
      </class> <!-- com.kone.app.tests.testcases.salesforce.SalesforceAuthenticationTests -->
    </test> <!-- Create LIO_Budget Survey in Salesforce, then Answer in VbMobile -->
    <test name="Create LIO_Full Survey in Salesforce, then Answer in VbMobile" duration-ms="42637" started-at="2018-08-01T12:22:35Z" finished-at="2018-08-01T12:23:17Z">
      <class name="com.kone.app.tests.testcases.salesforce.SalesforceAuthenticationTests">
        <test-method status="PASS" signature="getDriver()[pri:0, instance:com.kone.app.tests.testcases.salesforce.SalesforceAuthenticationTests@4fa5fae0]" name="getDriver" is-config="true" duration-ms="29" started-at="2018-08-01T17:51:20Z" finished-at="2018-08-01T17:51:20Z">
          <reporter-output>
          </reporter-output>
        </test-method> <!-- getDriver -->
        <test-method status="PASS" signature="loginSalesForce(java.lang.String, java.lang.String, java.lang.String)[pri:0, instance:com.kone.app.tests.testcases.salesforce.SalesforceAuthenticationTests@4fa5fae0]" name="loginSalesForce" duration-ms="38136" started-at="2018-08-01T17:52:35Z" finished-at="2018-08-01T17:53:13Z">
          <params>
            <param index="0">
              <value>
                <![CDATA[Survey Manager_1]]>
              </value>
            </param>
            <param index="1">
              <value>
                <![CDATA[LIO]]>
              </value>
            </param>
            <param index="2">
              <value>
                <![CDATA[FRB Full]]>
              </value>
            </param>
          </params>
          <reporter-output>
          </reporter-output>
        </test-method> <!-- loginSalesForce -->
        <test-method status="PASS" signature="logoutApplication()[pri:0, instance:com.kone.app.tests.testcases.salesforce.SalesforceAuthenticationTests@4fa5fae0]" name="logoutApplication" is-config="true" duration-ms="4498" started-at="2018-08-01T17:53:13Z" finished-at="2018-08-01T17:53:17Z">
          <reporter-output>
          </reporter-output>
        </test-method> <!-- logoutApplication -->
        <test-method status="PASS" signature="closeWebdriver()[pri:0, instance:com.kone.app.tests.testcases.salesforce.SalesforceAuthenticationTests@4fa5fae0]" name="closeWebdriver" is-config="true" duration-ms="81" started-at="2018-08-01T17:53:17Z" finished-at="2018-08-01T17:53:17Z">
          <reporter-output>
          </reporter-output>
        </test-method> <!-- closeWebdriver -->
      </class> <!-- com.kone.app.tests.testcases.salesforce.SalesforceAuthenticationTests -->
    </test> <!-- Create LIO_Full Survey in Salesforce, then Answer in VbMobile -->
  </suite> <!-- MobileSiteSurvey LIO-Budget / Full Test -->
</testng-results>
