<?xml version="1.0" encoding="UTF-8"?>
<testng-results skipped="0" failed="0" ignored="0" total="1" passed="1">
  <reporter-output>
  </reporter-output>
  <suite name="Mobile Site Survey End-to-End Test" duration-ms="63950" started-at="2018-07-19T11:37:02Z" finished-at="2018-07-19T11:38:06Z">
    <groups>
      <group name="web">
        <method signature="SalesforceAuthenticationTests.loginSalesForce(java.lang.String, java.lang.String, java.lang.String)[pri:0, instance:com.kone.app.tests.testcases.salesforce.SalesforceAuthenticationTests@6de5e190]" name="loginSalesForce" class="com.kone.app.tests.testcases.salesforce.SalesforceAuthenticationTests"/>
      </group> <!-- web -->
      <group name="login_salesforce">
        <method signature="SalesforceAuthenticationTests.loginSalesForce(java.lang.String, java.lang.String, java.lang.String)[pri:0, instance:com.kone.app.tests.testcases.salesforce.SalesforceAuthenticationTests@6de5e190]" name="loginSalesForce" class="com.kone.app.tests.testcases.salesforce.SalesforceAuthenticationTests"/>
      </group> <!-- login_salesforce -->
    </groups>
    <test name="Create LIS_Budget Survey in Salesforce, then Answer in VbMobile" duration-ms="63950" started-at="2018-07-19T11:37:02Z" finished-at="2018-07-19T11:38:06Z">
      <class name="com.kone.app.tests.testcases.salesforce.SalesforceAuthenticationTests">
        <test-method status="PASS" signature="getDriver()[pri:0, instance:com.kone.app.tests.testcases.salesforce.SalesforceAuthenticationTests@6de5e190]" name="getDriver" is-config="true" duration-ms="21" started-at="2018-07-19T17:07:02Z" finished-at="2018-07-19T17:07:02Z">
          <reporter-output>
          </reporter-output>
        </test-method> <!-- getDriver -->
        <test-method status="PASS" signature="loginSalesForce(java.lang.String, java.lang.String, java.lang.String)[pri:0, instance:com.kone.app.tests.testcases.salesforce.SalesforceAuthenticationTests@6de5e190]" name="loginSalesForce" duration-ms="63799" started-at="2018-07-19T17:07:02Z" finished-at="2018-07-19T17:08:06Z">
          <params>
            <param index="0">
              <value>
                <![CDATA[Survey Manager_1]]>
              </value>
            </param>
            <param index="1">
              <value>
                <![CDATA[LIo]]>
              </value>
            </param>
            <param index="2">
              <value>
                <![CDATA[FRB Budget]]>
              </value>
            </param>
          </params>
          <reporter-output>
          </reporter-output>
        </test-method> <!-- loginSalesForce -->
        <test-method status="PASS" signature="closeWebdriver()[pri:0, instance:com.kone.app.tests.testcases.salesforce.SalesforceAuthenticationTests@6de5e190]" name="closeWebdriver" is-config="true" duration-ms="1343" started-at="2018-07-19T17:08:07Z" finished-at="2018-07-19T17:08:08Z">
          <reporter-output>
          </reporter-output>
        </test-method> <!-- closeWebdriver -->
      </class> <!-- com.kone.app.tests.testcases.salesforce.SalesforceAuthenticationTests -->
    </test> <!-- Create LIS_Budget Survey in Salesforce, then Answer in VbMobile -->
  </suite> <!-- Mobile Site Survey End-to-End Test -->
</testng-results>
